[    33.472] _XSERVTransSocketUNIXCreateListener: ...SocketCreateListener() failed
[    33.472] _XSERVTransMakeAllCOTSServerListeners: server already running
[    33.472] (--) Log file renamed from "/home/aibarchyn/.local/share/xorg/Xorg.pid-3856.log" to "/home/aibarchyn/.local/share/xorg/Xorg.1.log"
[    33.473] 
X.Org X Server 1.21.1.3
X Protocol Version 11, Revision 0
[    33.473] Current Operating System: Linux aibarchyn-VivoBook-ASUSLaptop-X515EA-X515EA 5.15.0-41-generic #44-Ubuntu SMP Wed Jun 22 14:20:53 UTC 2022 x86_64
[    33.473] Kernel command line: BOOT_IMAGE=/boot/vmlinuz-5.15.0-41-generic root=UUID=8d6f4e3b-a004-4460-baaa-c65086d76c9f ro quiet splash vt.handoff=7
[    33.473] xorg-server 2:21.1.3-2ubuntu2.1 (For technical support please see http://www.ubuntu.com/support) 
[    33.473] Current version of pixman: 0.40.0
[    33.473] 	Before reporting problems, check http://wiki.x.org
	to make sure that you have the latest version.
[    33.473] Markers: (--) probed, (**) from config file, (==) default setting,
	(++) from command line, (!!) notice, (II) informational,
	(WW) warning, (EE) error, (NI) not implemented, (??) unknown.
[    33.473] (==) Log file: "/home/aibarchyn/.local/share/xorg/Xorg.1.log", Time: Tue Aug  9 09:10:34 2022
[    33.473] (==) Using system config directory "/usr/share/X11/xorg.conf.d"
[    33.473] (==) No Layout section.  Using the first Screen section.
[    33.473] (==) No screen section available. Using defaults.
[    33.473] (**) |-->Screen "Default Screen Section" (0)
[    33.473] (**) |   |-->Monitor "<default monitor>"
[    33.473] (==) No monitor specified for screen "Default Screen Section".
	Using a default monitor configuration.
[    33.473] (==) Automatically adding devices
[    33.473] (==) Automatically enabling devices
[    33.473] (==) Automatically adding GPU devices
[    33.473] (==) Automatically binding GPU devices
[    33.473] (==) Max clients allowed: 256, resource mask: 0x1fffff
[    33.473] (WW) The directory "/usr/share/fonts/X11/cyrillic" does not exist.
[    33.473] 	Entry deleted from font path.
[    33.473] (WW) The directory "/usr/share/fonts/X11/100dpi/" does not exist.
[    33.473] 	Entry deleted from font path.
[    33.473] (WW) The directory "/usr/share/fonts/X11/75dpi/" does not exist.
[    33.473] 	Entry deleted from font path.
[    33.473] (WW) The directory "/usr/share/fonts/X11/100dpi" does not exist.
[    33.473] 	Entry deleted from font path.
[    33.473] (WW) The directory "/usr/share/fonts/X11/75dpi" does not exist.
[    33.473] 	Entry deleted from font path.
[    33.473] (==) FontPath set to:
	/usr/share/fonts/X11/misc,
	/usr/share/fonts/X11/Type1,
	built-ins
[    33.473] (==) ModulePath set to "/usr/lib/xorg/modules"
[    33.473] (II) The server relies on udev to provide the list of input devices.
	If no devices become available, reconfigure udev or disable AutoAddDevices.
[    33.473] (II) Loader magic: 0x5560a9b88020
[    33.473] (II) Module ABI versions:
[    33.473] 	X.Org ANSI C Emulation: 0.4
[    33.473] 	X.Org Video Driver: 25.2
[    33.473] 	X.Org XInput driver : 24.4
[    33.473] 	X.Org Server Extension : 10.0
[    33.474] (++) using VT number 2

[    33.476] (II) systemd-logind: took control of session /org/freedesktop/login1/session/_32
[    33.477] (II) xfree86: Adding drm device (/dev/dri/card0)
[    33.477] (II) Platform probe for /sys/devices/pci0000:00/0000:00:02.0/drm/card0
[    33.477] (II) systemd-logind: got fd for /dev/dri/card0 226:0 fd 15 paused 0
[    33.481] (--) PCI:*(0@0:2:0) 8086:9a78:1043:15cc rev 1, Mem @ 0x6002000000/16777216, 0x4000000000/268435456, I/O @ 0x00004000/64, BIOS @ 0x????????/131072
[    33.481] (II) LoadModule: "glx"
[    33.481] (II) Loading /usr/lib/xorg/modules/extensions/libglx.so
[    33.482] (II) Module glx: vendor="X.Org Foundation"
[    33.482] 	compiled for 1.21.1.3, module version = 1.0.0
[    33.482] 	ABI class: X.Org Server Extension, version 10.0
[    33.482] (==) Matched modesetting as autoconfigured driver 0
[    33.482] (==) Matched fbdev as autoconfigured driver 1
[    33.482] (==) Matched vesa as autoconfigured driver 2
[    33.482] (==) Assigned the driver to the xf86ConfigLayout
[    33.482] (II) LoadModule: "modesetting"
[    33.482] (II) Loading /usr/lib/xorg/modules/drivers/modesetting_drv.so
[    33.483] (II) Module modesetting: vendor="X.Org Foundation"
[    33.483] 	compiled for 1.21.1.3, module version = 1.21.1
[    33.483] 	Module class: X.Org Video Driver
[    33.483] 	ABI class: X.Org Video Driver, version 25.2
[    33.483] (II) LoadModule: "fbdev"
[    33.483] (II) Loading /usr/lib/xorg/modules/drivers/fbdev_drv.so
[    33.483] (II) Module fbdev: vendor="X.Org Foundation"
[    33.483] 	compiled for 1.21.1.3, module version = 0.5.0
[    33.483] 	Module class: X.Org Video Driver
[    33.483] 	ABI class: X.Org Video Driver, version 25.2
[    33.483] (II) LoadModule: "vesa"
[    33.483] (II) Loading /usr/lib/xorg/modules/drivers/vesa_drv.so
[    33.483] (II) Module vesa: vendor="X.Org Foundation"
[    33.483] 	compiled for 1.21.1.3, module version = 2.5.0
[    33.483] 	Module class: X.Org Video Driver
[    33.483] 	ABI class: X.Org Video Driver, version 25.2
[    33.483] (II) modesetting: Driver for Modesetting Kernel Drivers: kms
[    33.483] (II) FBDEV: driver for framebuffer: fbdev
[    33.483] (II) VESA: driver for VESA chipsets: vesa
[    33.483] xf86EnableIO: failed to enable I/O ports 0000-03ff (Operation not permitted)
[    33.483] (II) modeset(0): using drv /dev/dri/card0
[    33.483] (WW) Falling back to old probe method for fbdev
[    33.483] (II) Loading sub module "fbdevhw"
[    33.483] (II) LoadModule: "fbdevhw"
[    33.483] (II) Loading /usr/lib/xorg/modules/libfbdevhw.so
[    33.483] (II) Module fbdevhw: vendor="X.Org Foundation"
[    33.483] 	compiled for 1.21.1.3, module version = 0.0.2
[    33.483] 	ABI class: X.Org Video Driver, version 25.2
[    33.483] (EE) open /dev/fb0: Permission denied
[    33.483] (WW) VGA arbiter: cannot open kernel arbiter, no multi-card support
[    33.483] (II) modeset(0): Creating default Display subsection in Screen section
	"Default Screen Section" for depth/fbbpp 24/32
[    33.483] (==) modeset(0): Depth 24, (==) framebuffer bpp 32
[    33.483] (==) modeset(0): RGB weight 888
[    33.483] (==) modeset(0): Default visual is TrueColor
[    33.483] (II) Loading sub module "glamoregl"
[    33.483] (II) LoadModule: "glamoregl"
[    33.483] (II) Loading /usr/lib/xorg/modules/libglamoregl.so
[    33.488] (II) Module glamoregl: vendor="X.Org Foundation"
[    33.488] 	compiled for 1.21.1.3, module version = 1.0.1
[    33.488] 	ABI class: X.Org ANSI C Emulation, version 0.4
[    33.517] (II) modeset(0): glamor X acceleration enabled on Mesa Intel(R) UHD Graphics (TGL GT2)
[    33.517] (II) modeset(0): glamor initialized
[    33.517] (==) modeset(0): VariableRefresh: disabled
[    33.517] (==) modeset(0): AsyncFlipSecondaries: disabled
[    33.520] (II) modeset(0): Output eDP-1 has no monitor section
[    33.520] (II) modeset(0): Output HDMI-1 has no monitor section
[    33.520] (II) modeset(0): Output DP-1 has no monitor section
[    33.524] (II) modeset(0): EDID for output eDP-1
[    33.524] (II) modeset(0): Manufacturer: NCP  Model: 46  Serial#: 0
[    33.524] (II) modeset(0): Year: 2018  Week: 1
[    33.524] (II) modeset(0): EDID Version: 1.4
[    33.524] (II) modeset(0): Digital Display Input
[    33.524] (II) modeset(0): 8 bits per channel
[    33.524] (II) modeset(0): Digital interface is DisplayPort
[    33.524] (II) modeset(0): Max Image Size [cm]: horiz.: 34  vert.: 19
[    33.524] (II) modeset(0): Gamma: 2.20
[    33.524] (II) modeset(0): No DPMS capabilities specified
[    33.524] (II) modeset(0): Supported color encodings: RGB 4:4:4 
[    33.524] (II) modeset(0): First detailed timing is preferred mode
[    33.524] (II) modeset(0): Preferred mode is native pixel format and refresh rate
[    33.524] (II) modeset(0): redX: 0.595 redY: 0.361   greenX: 0.346 greenY: 0.555
[    33.524] (II) modeset(0): blueX: 0.157 blueY: 0.106   whiteX: 0.312 whiteY: 0.328
[    33.524] (II) modeset(0): Manufacturer's mask: 0
[    33.524] (II) modeset(0): Supported detailed timing:
[    33.524] (II) modeset(0): clock: 138.5 MHz   Image Size:  344 x 194 mm
[    33.524] (II) modeset(0): h_active: 1920  h_sync: 1968  h_sync_end 2000 h_blank_end 2080 h_border: 0
[    33.524] (II) modeset(0): v_active: 1080  v_sync: 1083  v_sync_end 1088 v_blanking: 1111 v_border: 0
[    33.524] (II) modeset(0):  NE156FHM-N41
[    33.524] (II) modeset(0): EDID (in hex):
[    33.524] (II) modeset(0): 	00ffffffffffff003870460000000000
[    33.524] (II) modeset(0): 	011c0104a5221378026850985c588e28
[    33.524] (II) modeset(0): 	1b505400000001010101010101010101
[    33.524] (II) modeset(0): 	0101010101011a3680a070381f403020
[    33.524] (II) modeset(0): 	350058c21000001a0000000000000000
[    33.524] (II) modeset(0): 	00000000000000000000000000000000
[    33.524] (II) modeset(0): 	000000000000000000000000000000fe
[    33.524] (II) modeset(0): 	004e4531353646484d2d4e34310a00e7
[    33.525] (II) modeset(0): Printing probed modes for output eDP-1
[    33.525] (II) modeset(0): Modeline "1920x1080"x59.9  138.50  1920 1968 2000 2080  1080 1083 1088 1111 +hsync -vsync (66.6 kHz eP)
[    33.525] (II) modeset(0): Modeline "1680x1050"x60.0  146.25  1680 1784 1960 2240  1050 1053 1059 1089 -hsync +vsync (65.3 kHz d)
[    33.525] (II) modeset(0): Modeline "1680x1050"x59.9  119.00  1680 1728 1760 1840  1050 1053 1059 1080 +hsync -vsync (64.7 kHz d)
[    33.525] (II) modeset(0): Modeline "1600x1024"x60.2  103.12  1600 1600 1656 1664  1024 1024 1029 1030 +hsync +vsync (62.0 kHz d)
[    33.525] (II) modeset(0): Modeline "1400x1050"x60.0  122.00  1400 1488 1640 1880  1050 1052 1064 1082 +hsync +vsync (64.9 kHz d)
[    33.525] (II) modeset(0): Modeline "1600x900"x120.0  246.00  1600 1728 1900 2200  900 901 904 932 doublescan -hsync +vsync (111.8 kHz d)
[    33.525] (II) modeset(0): Modeline "1600x900"x119.9  186.50  1600 1624 1640 1680  900 901 904 926 doublescan +hsync -vsync (111.0 kHz d)
[    33.525] (II) modeset(0): Modeline "1600x900"x59.9  118.25  1600 1696 1856 2112  900 903 908 934 -hsync +vsync (56.0 kHz d)
[    33.525] (II) modeset(0): Modeline "1600x900"x59.8   97.50  1600 1648 1680 1760  900 903 908 926 +hsync -vsync (55.4 kHz d)
[    33.525] (II) modeset(0): Modeline "1280x1024"x60.0  108.00  1280 1328 1440 1688  1024 1025 1028 1066 +hsync +vsync (64.0 kHz d)
[    33.525] (II) modeset(0): Modeline "1440x900"x59.9  106.50  1440 1520 1672 1904  900 903 909 934 -hsync +vsync (55.9 kHz d)
[    33.525] (II) modeset(0): Modeline "1400x900"x60.0  103.50  1400 1480 1624 1848  900 903 913 934 -hsync +vsync (56.0 kHz d)
[    33.525] (II) modeset(0): Modeline "1400x900"x59.9   86.50  1400 1448 1480 1560  900 903 913 926 +hsync -vsync (55.4 kHz d)
[    33.525] (II) modeset(0): Modeline "1280x960"x60.0  108.00  1280 1376 1488 1800  960 961 964 1000 +hsync +vsync (60.0 kHz d)
[    33.525] (II) modeset(0): Modeline "1440x810"x120.0  198.12  1440 1548 1704 1968  810 811 814 839 doublescan -hsync +vsync (100.7 kHz d)
[    33.525] (II) modeset(0): Modeline "1440x810"x119.9  151.88  1440 1464 1480 1520  810 811 814 833 doublescan +hsync -vsync (99.9 kHz d)
[    33.525] (II) modeset(0): Modeline "1368x768"x59.9   85.25  1368 1440 1576 1784  768 771 781 798 -hsync +vsync (47.8 kHz d)
[    33.525] (II) modeset(0): Modeline "1368x768"x59.9   72.25  1368 1416 1448 1528  768 771 781 790 +hsync -vsync (47.3 kHz d)
[    33.525] (II) modeset(0): Modeline "1360x768"x59.8   84.75  1360 1432 1568 1776  768 771 781 798 -hsync +vsync (47.7 kHz d)
[    33.525] (II) modeset(0): Modeline "1360x768"x60.0   72.00  1360 1408 1440 1520  768 771 781 790 +hsync -vsync (47.4 kHz d)
[    33.525] (II) modeset(0): Modeline "1280x800"x120.0  174.25  1280 1380 1516 1752  800 801 804 829 doublescan -hsync +vsync (99.5 kHz d)
[    33.525] (II) modeset(0): Modeline "1280x800"x119.9  134.25  1280 1304 1320 1360  800 801 804 823 doublescan +hsync -vsync (98.7 kHz d)
[    33.525] (II) modeset(0): Modeline "1280x800"x59.8   83.50  1280 1352 1480 1680  800 803 809 831 -hsync +vsync (49.7 kHz d)
[    33.525] (II) modeset(0): Modeline "1280x800"x59.9   71.00  1280 1328 1360 1440  800 803 809 823 +hsync -vsync (49.3 kHz d)
[    33.525] (II) modeset(0): Modeline "1152x864"x60.0   81.62  1152 1216 1336 1520  864 865 868 895 -hsync +vsync (53.7 kHz d)
[    33.525] (II) modeset(0): Modeline "1280x720"x120.0  156.12  1280 1376 1512 1744  720 721 724 746 doublescan -hsync +vsync (89.5 kHz d)
[    33.525] (II) modeset(0): Modeline "1280x720"x120.0  120.75  1280 1304 1320 1360  720 721 724 740 doublescan +hsync -vsync (88.8 kHz d)
[    33.525] (II) modeset(0): Modeline "1280x720"x59.9   74.50  1280 1344 1472 1664  720 723 728 748 -hsync +vsync (44.8 kHz d)
[    33.525] (II) modeset(0): Modeline "1280x720"x59.7   63.75  1280 1328 1360 1440  720 723 728 741 +hsync -vsync (44.3 kHz d)
[    33.525] (II) modeset(0): Modeline "1024x768"x120.1  133.47  1024 1100 1212 1400  768 768 770 794 doublescan -hsync +vsync (95.3 kHz d)
[    33.525] (II) modeset(0): Modeline "1024x768"x60.0   65.00  1024 1048 1184 1344  768 771 777 806 -hsync -vsync (48.4 kHz d)
[    33.525] (II) modeset(0): Modeline "960x720"x120.0  117.00  960 1024 1128 1300  720 720 722 750 doublescan -hsync +vsync (90.0 kHz d)
[    33.525] (II) modeset(0): Modeline "928x696"x120.1  109.15  928 976 1088 1264  696 696 698 719 doublescan -hsync +vsync (86.4 kHz d)
[    33.525] (II) modeset(0): Modeline "896x672"x120.0  102.40  896 960 1060 1224  672 672 674 697 doublescan -hsync +vsync (83.7 kHz d)
[    33.525] (II) modeset(0): Modeline "1024x576"x119.9   98.50  1024 1092 1200 1376  576 577 580 597 doublescan -hsync +vsync (71.6 kHz d)
[    33.525] (II) modeset(0): Modeline "1024x576"x119.9   78.38  1024 1048 1064 1104  576 577 580 592 doublescan +hsync -vsync (71.0 kHz d)
[    33.525] (II) modeset(0): Modeline "1024x576"x59.9   46.50  1024 1064 1160 1296  576 579 584 599 -hsync +vsync (35.9 kHz d)
[    33.525] (II) modeset(0): Modeline "1024x576"x59.8   42.00  1024 1072 1104 1184  576 579 584 593 +hsync -vsync (35.5 kHz d)
[    33.525] (II) modeset(0): Modeline "960x600"x119.9   96.62  960 1028 1128 1296  600 601 604 622 doublescan -hsync +vsync (74.6 kHz d)
[    33.525] (II) modeset(0): Modeline "960x600"x120.0   77.00  960 984 1000 1040  600 601 604 617 doublescan +hsync -vsync (74.0 kHz d)
[    33.525] (II) modeset(0): Modeline "960x540"x119.9   86.50  960 1024 1124 1288  540 541 544 560 doublescan -hsync +vsync (67.2 kHz d)
[    33.525] (II) modeset(0): Modeline "960x540"x120.0   69.25  960 984 1000 1040  540 541 544 555 doublescan +hsync -vsync (66.6 kHz d)
[    33.525] (II) modeset(0): Modeline "960x540"x59.6   40.75  960 992 1088 1216  540 543 548 562 -hsync +vsync (33.5 kHz d)
[    33.525] (II) modeset(0): Modeline "960x540"x59.8   37.25  960 1008 1040 1120  540 543 548 556 +hsync -vsync (33.3 kHz d)
[    33.525] (II) modeset(0): Modeline "800x600"x120.0   81.00  800 832 928 1080  600 600 602 625 doublescan +hsync +vsync (75.0 kHz d)
[    33.525] (II) modeset(0): Modeline "800x600"x60.3   40.00  800 840 968 1056  600 601 605 628 +hsync +vsync (37.9 kHz d)
[    33.525] (II) modeset(0): Modeline "800x600"x56.2   36.00  800 824 896 1024  600 601 603 625 +hsync +vsync (35.2 kHz d)
[    33.525] (II) modeset(0): Modeline "840x525"x120.0   73.12  840 892 980 1120  525 526 529 544 doublescan -hsync +vsync (65.3 kHz d)
[    33.525] (II) modeset(0): Modeline "840x525"x119.8   59.50  840 864 880 920  525 526 529 540 doublescan +hsync -vsync (64.7 kHz d)
[    33.525] (II) modeset(0): Modeline "864x486"x59.9   32.50  864 888 968 1072  486 489 494 506 -hsync +vsync (30.3 kHz d)
[    33.525] (II) modeset(0): Modeline "864x486"x59.6   30.50  864 912 944 1024  486 489 494 500 +hsync -vsync (29.8 kHz d)
[    33.525] (II) modeset(0): Modeline "800x512"x120.3   51.56  800 800 828 832  512 512 514 515 doublescan +hsync +vsync (62.0 kHz d)
[    33.525] (II) modeset(0): Modeline "700x525"x120.0   61.00  700 744 820 940  525 526 532 541 doublescan +hsync +vsync (64.9 kHz d)
[    33.525] (II) modeset(0): Modeline "800x450"x119.9   59.12  800 848 928 1056  450 451 454 467 doublescan -hsync +vsync (56.0 kHz d)
[    33.525] (II) modeset(0): Modeline "800x450"x119.6   48.75  800 824 840 880  450 451 454 463 doublescan +hsync -vsync (55.4 kHz d)
[    33.525] (II) modeset(0): Modeline "640x512"x120.0   54.00  640 664 720 844  512 512 514 533 doublescan +hsync +vsync (64.0 kHz d)
[    33.525] (II) modeset(0): Modeline "720x450"x119.8   53.25  720 760 836 952  450 451 454 467 doublescan -hsync +vsync (55.9 kHz d)
[    33.525] (II) modeset(0): Modeline "700x450"x119.9   51.75  700 740 812 924  450 451 456 467 doublescan -hsync +vsync (56.0 kHz d)
[    33.525] (II) modeset(0): Modeline "700x450"x119.8   43.25  700 724 740 780  450 451 456 463 doublescan +hsync -vsync (55.4 kHz d)
[    33.525] (II) modeset(0): Modeline "640x480"x120.0   54.00  640 688 744 900  480 480 482 500 doublescan +hsync +vsync (60.0 kHz d)
[    33.525] (II) modeset(0): Modeline "640x480"x59.9   25.18  640 656 752 800  480 490 492 525 -hsync -vsync (31.5 kHz d)
[    33.525] (II) modeset(0): Modeline "720x405"x59.5   22.50  720 744 808 896  405 408 413 422 -hsync +vsync (25.1 kHz d)
[    33.525] (II) modeset(0): Modeline "720x405"x59.0   21.75  720 768 800 880  405 408 413 419 +hsync -vsync (24.7 kHz d)
[    33.525] (II) modeset(0): Modeline "684x384"x119.8   42.62  684 720 788 892  384 385 390 399 doublescan -hsync +vsync (47.8 kHz d)
[    33.525] (II) modeset(0): Modeline "684x384"x119.7   36.12  684 708 724 764  384 385 390 395 doublescan +hsync -vsync (47.3 kHz d)
[    33.525] (II) modeset(0): Modeline "680x384"x119.6   42.38  680 716 784 888  384 385 390 399 doublescan -hsync +vsync (47.7 kHz d)
[    33.525] (II) modeset(0): Modeline "680x384"x119.9   36.00  680 704 720 760  384 385 390 395 doublescan +hsync -vsync (47.4 kHz d)
[    33.525] (II) modeset(0): Modeline "640x400"x119.8   41.75  640 676 740 840  400 401 404 415 doublescan -hsync +vsync (49.7 kHz d)
[    33.525] (II) modeset(0): Modeline "640x400"x120.0   35.50  640 664 680 720  400 401 404 411 doublescan +hsync -vsync (49.3 kHz d)
[    33.525] (II) modeset(0): Modeline "576x432"x120.1   40.81  576 608 668 760  432 432 434 447 doublescan -hsync +vsync (53.7 kHz d)
[    33.525] (II) modeset(0): Modeline "640x360"x119.7   37.25  640 672 736 832  360 361 364 374 doublescan -hsync +vsync (44.8 kHz d)
[    33.525] (II) modeset(0): Modeline "640x360"x119.7   31.88  640 664 680 720  360 361 364 370 doublescan +hsync -vsync (44.3 kHz d)
[    33.525] (II) modeset(0): Modeline "640x360"x59.8   18.00  640 664 720 800  360 363 368 376 -hsync +vsync (22.5 kHz d)
[    33.525] (II) modeset(0): Modeline "640x360"x59.3   17.75  640 688 720 800  360 363 368 374 +hsync -vsync (22.2 kHz d)
[    33.525] (II) modeset(0): Modeline "512x384"x120.0   32.50  512 524 592 672  384 385 388 403 doublescan -hsync -vsync (48.4 kHz d)
[    33.525] (II) modeset(0): Modeline "512x288"x120.0   23.25  512 532 580 648  288 289 292 299 doublescan -hsync +vsync (35.9 kHz d)
[    33.525] (II) modeset(0): Modeline "512x288"x119.8   21.00  512 536 552 592  288 289 292 296 doublescan +hsync -vsync (35.5 kHz d)
[    33.525] (II) modeset(0): Modeline "480x270"x119.3   20.38  480 496 544 608  270 271 274 281 doublescan -hsync +vsync (33.5 kHz d)
[    33.525] (II) modeset(0): Modeline "480x270"x119.6   18.62  480 504 520 560  270 271 274 278 doublescan +hsync -vsync (33.3 kHz d)
[    33.525] (II) modeset(0): Modeline "400x300"x120.6   20.00  400 420 484 528  300 300 302 314 doublescan +hsync +vsync (37.9 kHz d)
[    33.525] (II) modeset(0): Modeline "400x300"x112.7   18.00  400 412 448 512  300 300 301 312 doublescan +hsync +vsync (35.2 kHz d)
[    33.525] (II) modeset(0): Modeline "432x243"x119.8   16.25  432 444 484 536  243 244 247 253 doublescan -hsync +vsync (30.3 kHz d)
[    33.525] (II) modeset(0): Modeline "432x243"x119.1   15.25  432 456 472 512  243 244 247 250 doublescan +hsync -vsync (29.8 kHz d)
[    33.525] (II) modeset(0): Modeline "320x240"x120.1   12.59  320 328 376 400  240 245 246 262 doublescan -hsync -vsync (31.5 kHz d)
[    33.525] (II) modeset(0): Modeline "360x202"x119.0   11.25  360 372 404 448  202 204 206 211 doublescan -hsync +vsync (25.1 kHz d)
[    33.525] (II) modeset(0): Modeline "360x202"x118.3   10.88  360 384 400 440  202 204 206 209 doublescan +hsync -vsync (24.7 kHz d)
[    33.525] (II) modeset(0): Modeline "320x180"x119.7    9.00  320 332 360 400  180 181 184 188 doublescan -hsync +vsync (22.5 kHz d)
[    33.525] (II) modeset(0): Modeline "320x180"x118.6    8.88  320 344 360 400  180 181 184 187 doublescan +hsync -vsync (22.2 kHz d)
[    33.525] (II) modeset(0): EDID for output HDMI-1
[    33.525] (II) modeset(0): EDID for output DP-1
[    33.525] (II) modeset(0): Output eDP-1 connected
[    33.525] (II) modeset(0): Output HDMI-1 disconnected
[    33.525] (II) modeset(0): Output DP-1 disconnected
[    33.525] (II) modeset(0): Using exact sizes for initial modes
[    33.525] (II) modeset(0): Output eDP-1 using initial mode 1920x1080 +0+0
[    33.525] (==) modeset(0): Using gamma correction (1.0, 1.0, 1.0)
[    33.525] (==) modeset(0): DPI set to (96, 96)
[    33.525] (II) Loading sub module "fb"
[    33.525] (II) LoadModule: "fb"
[    33.525] (II) Module "fb" already built-in
[    33.525] (II) UnloadModule: "fbdev"
[    33.525] (II) Unloading fbdev
[    33.526] (II) UnloadSubModule: "fbdevhw"
[    33.526] (II) Unloading fbdevhw
[    33.526] (II) UnloadModule: "vesa"
[    33.526] (II) Unloading vesa
[    33.546] (==) modeset(0): Backing store enabled
[    33.546] (==) modeset(0): Silken mouse enabled
[    33.625] (II) modeset(0): Initializing kms color map for depth 24, 8 bpc.
[    33.625] (==) modeset(0): DPMS enabled
[    33.625] (II) modeset(0): [DRI2] Setup complete
[    33.625] (II) modeset(0): [DRI2]   DRI driver: iris
[    33.625] (II) modeset(0): [DRI2]   VDPAU driver: va_gl
[    33.625] (II) Initializing extension Generic Event Extension
[    33.625] (II) Initializing extension SHAPE
[    33.625] (II) Initializing extension MIT-SHM
[    33.625] (II) Initializing extension XInputExtension
[    33.625] (II) Initializing extension XTEST
[    33.625] (II) Initializing extension BIG-REQUESTS
[    33.626] (II) Initializing extension SYNC
[    33.626] (II) Initializing extension XKEYBOARD
[    33.626] (II) Initializing extension XC-MISC
[    33.626] (II) Initializing extension SECURITY
[    33.626] (II) Initializing extension XFIXES
[    33.626] (II) Initializing extension RENDER
[    33.626] (II) Initializing extension RANDR
[    33.626] (II) Initializing extension COMPOSITE
[    33.626] (II) Initializing extension DAMAGE
[    33.627] (II) Initializing extension MIT-SCREEN-SAVER
[    33.627] (II) Initializing extension DOUBLE-BUFFER
[    33.627] (II) Initializing extension RECORD
[    33.627] (II) Initializing extension DPMS
[    33.627] (II) Initializing extension Present
[    33.627] (II) Initializing extension DRI3
[    33.627] (II) Initializing extension X-Resource
[    33.627] (II) Initializing extension XVideo
[    33.627] (II) Initializing extension XVideo-MotionCompensation
[    33.627] (II) Initializing extension SELinux
[    33.627] (II) SELinux: Disabled on system
[    33.627] (II) Initializing extension GLX
[    33.638] (II) AIGLX: Loaded and initialized iris
[    33.638] (II) GLX: Initialized DRI2 GL provider for screen 0
[    33.638] (II) Initializing extension XFree86-VidModeExtension
[    33.638] (II) Initializing extension XFree86-DGA
[    33.638] (II) Initializing extension XFree86-DRI
[    33.638] (II) Initializing extension DRI2
[    33.639] (II) modeset(0): Damage tracking initialized
[    33.639] (II) modeset(0): Setting screen physical size to 508 x 285
[    33.676] (II) config/udev: Adding input device Power Button (/dev/input/event2)
[    33.676] (**) Power Button: Applying InputClass "libinput keyboard catchall"
[    33.676] (II) LoadModule: "libinput"
[    33.676] (II) Loading /usr/lib/xorg/modules/input/libinput_drv.so
[    33.678] (II) Module libinput: vendor="X.Org Foundation"
[    33.678] 	compiled for 1.20.14, module version = 1.2.1
[    33.678] 	Module class: X.Org XInput Driver
[    33.678] 	ABI class: X.Org XInput driver, version 24.1
[    33.678] (II) Using input driver 'libinput' for 'Power Button'
[    33.678] (II) systemd-logind: got fd for /dev/input/event2 13:66 fd 29 paused 0
[    33.679] (**) Power Button: always reports core events
[    33.679] (**) Option "Device" "/dev/input/event2"
[    33.682] (II) event2  - Power Button: is tagged by udev as: Keyboard
[    33.682] (II) event2  - Power Button: device is a keyboard
[    33.682] (II) event2  - Power Button: device removed
[    33.682] (**) Option "config_info" "udev:/sys/devices/LNXSYSTM:00/LNXPWRBN:00/input/input2/event2"
[    33.682] (II) XINPUT: Adding extended input device "Power Button" (type: KEYBOARD, id 6)
[    33.682] (**) Option "xkb_model" "pc105"
[    33.682] (**) Option "xkb_layout" "us,ru"
[    33.682] (**) Option "xkb_variant" ","
[    33.682] (**) Option "xkb_options" "grp_led:scroll"
[    33.702] (II) event2  - Power Button: is tagged by udev as: Keyboard
[    33.702] (II) event2  - Power Button: device is a keyboard
[    33.703] (II) config/udev: Adding input device Video Bus (/dev/input/event8)
[    33.703] (**) Video Bus: Applying InputClass "libinput keyboard catchall"
[    33.703] (II) Using input driver 'libinput' for 'Video Bus'
[    33.704] (II) systemd-logind: got fd for /dev/input/event8 13:72 fd 32 paused 0
[    33.704] (**) Video Bus: always reports core events
[    33.704] (**) Option "Device" "/dev/input/event8"
[    33.704] (II) event8  - Video Bus: is tagged by udev as: Keyboard
[    33.705] (II) event8  - Video Bus: device is a keyboard
[    33.705] (II) event8  - Video Bus: device removed
[    33.705] (**) Option "config_info" "udev:/sys/devices/LNXSYSTM:00/LNXSYBUS:00/PNP0A08:00/LNXVIDEO:00/input/input10/event8"
[    33.705] (II) XINPUT: Adding extended input device "Video Bus" (type: KEYBOARD, id 7)
[    33.705] (**) Option "xkb_model" "pc105"
[    33.705] (**) Option "xkb_layout" "us,ru"
[    33.705] (**) Option "xkb_variant" ","
[    33.705] (**) Option "xkb_options" "grp_led:scroll"
[    33.706] (II) event8  - Video Bus: is tagged by udev as: Keyboard
[    33.706] (II) event8  - Video Bus: device is a keyboard
[    33.707] (II) config/udev: Adding input device Lid Switch (/dev/input/event0)
[    33.707] (II) No input driver specified, ignoring this device.
[    33.707] (II) This device may have been added with another device file.
[    33.707] (II) config/udev: Adding input device Power Button (/dev/input/event1)
[    33.707] (**) Power Button: Applying InputClass "libinput keyboard catchall"
[    33.707] (II) Using input driver 'libinput' for 'Power Button'
[    33.708] (II) systemd-logind: got fd for /dev/input/event1 13:65 fd 33 paused 0
[    33.708] (**) Power Button: always reports core events
[    33.708] (**) Option "Device" "/dev/input/event1"
[    33.708] (II) event1  - Power Button: is tagged by udev as: Keyboard
[    33.708] (II) event1  - Power Button: device is a keyboard
[    33.709] (II) event1  - Power Button: device removed
[    33.709] (**) Option "config_info" "udev:/sys/devices/LNXSYSTM:00/LNXSYBUS:00/PNP0C0C:00/input/input1/event1"
[    33.709] (II) XINPUT: Adding extended input device "Power Button" (type: KEYBOARD, id 8)
[    33.709] (**) Option "xkb_model" "pc105"
[    33.709] (**) Option "xkb_layout" "us,ru"
[    33.709] (**) Option "xkb_variant" ","
[    33.709] (**) Option "xkb_options" "grp_led:scroll"
[    33.709] (II) event1  - Power Button: is tagged by udev as: Keyboard
[    33.709] (II) event1  - Power Button: device is a keyboard
[    33.711] (II) config/udev: Adding input device USB2.0 HD UVC WebCam: USB2.0 HD (/dev/input/event5)
[    33.711] (**) USB2.0 HD UVC WebCam: USB2.0 HD: Applying InputClass "libinput keyboard catchall"
[    33.711] (II) Using input driver 'libinput' for 'USB2.0 HD UVC WebCam: USB2.0 HD'
[    33.711] (II) systemd-logind: got fd for /dev/input/event5 13:69 fd 34 paused 0
[    33.711] (**) USB2.0 HD UVC WebCam: USB2.0 HD: always reports core events
[    33.711] (**) Option "Device" "/dev/input/event5"
[    33.712] (II) event5  - USB2.0 HD UVC WebCam: USB2.0 HD: is tagged by udev as: Keyboard
[    33.712] (II) event5  - USB2.0 HD UVC WebCam: USB2.0 HD: device is a keyboard
[    33.713] (II) event5  - USB2.0 HD UVC WebCam: USB2.0 HD: device removed
[    33.713] (**) Option "config_info" "udev:/sys/devices/pci0000:00/0000:00:14.0/usb1/1-3/1-3:1.0/input/input7/event5"
[    33.713] (II) XINPUT: Adding extended input device "USB2.0 HD UVC WebCam: USB2.0 HD" (type: KEYBOARD, id 9)
[    33.713] (**) Option "xkb_model" "pc105"
[    33.713] (**) Option "xkb_layout" "us,ru"
[    33.713] (**) Option "xkb_variant" ","
[    33.713] (**) Option "xkb_options" "grp_led:scroll"
[    33.714] (II) event5  - USB2.0 HD UVC WebCam: USB2.0 HD: is tagged by udev as: Keyboard
[    33.714] (II) event5  - USB2.0 HD UVC WebCam: USB2.0 HD: device is a keyboard
[    33.715] (II) config/udev: Adding input device ELAN1200:00 04F3:309F Mouse (/dev/input/event6)
[    33.715] (**) ELAN1200:00 04F3:309F Mouse: Applying InputClass "libinput pointer catchall"
[    33.715] (II) Using input driver 'libinput' for 'ELAN1200:00 04F3:309F Mouse'
[    33.715] (II) systemd-logind: got fd for /dev/input/event6 13:70 fd 35 paused 0
[    33.715] (**) ELAN1200:00 04F3:309F Mouse: always reports core events
[    33.715] (**) Option "Device" "/dev/input/event6"
[    33.716] (II) event6  - ELAN1200:00 04F3:309F Mouse: is tagged by udev as: Mouse Pointingstick
[    33.717] (II) event6  - ELAN1200:00 04F3:309F Mouse: device is a pointer
[    33.717] (II) event6  - ELAN1200:00 04F3:309F Mouse: device removed
[    33.717] (**) Option "config_info" "udev:/sys/devices/pci0000:00/0000:00:15.1/i2c_designware.1/i2c-2/i2c-ELAN1200:00/0018:04F3:309F.0001/input/input8/event6"
[    33.717] (II) XINPUT: Adding extended input device "ELAN1200:00 04F3:309F Mouse" (type: MOUSE, id 10)
[    33.717] (**) Option "AccelerationScheme" "none"
[    33.717] (**) ELAN1200:00 04F3:309F Mouse: (accel) selected scheme none/0
[    33.717] (**) ELAN1200:00 04F3:309F Mouse: (accel) acceleration factor: 2.000
[    33.717] (**) ELAN1200:00 04F3:309F Mouse: (accel) acceleration threshold: 4
[    33.719] (II) event6  - ELAN1200:00 04F3:309F Mouse: is tagged by udev as: Mouse Pointingstick
[    33.719] (II) event6  - ELAN1200:00 04F3:309F Mouse: device is a pointer
[    33.721] (II) config/udev: Adding input device ELAN1200:00 04F3:309F Mouse (/dev/input/mouse0)
[    33.721] (II) No input driver specified, ignoring this device.
[    33.721] (II) This device may have been added with another device file.
[    33.721] (II) config/udev: Adding input device ELAN1200:00 04F3:309F Touchpad (/dev/input/event7)
[    33.721] (**) ELAN1200:00 04F3:309F Touchpad: Applying InputClass "libinput touchpad catchall"
[    33.721] (II) Using input driver 'libinput' for 'ELAN1200:00 04F3:309F Touchpad'
[    33.722] (II) systemd-logind: got fd for /dev/input/event7 13:71 fd 36 paused 0
[    33.722] (**) ELAN1200:00 04F3:309F Touchpad: always reports core events
[    33.722] (**) Option "Device" "/dev/input/event7"
[    33.723] (II) event7  - ELAN1200:00 04F3:309F Touchpad: is tagged by udev as: Touchpad
[    33.724] (II) event7  - ELAN1200:00 04F3:309F Touchpad: device is a touchpad
[    33.725] (II) event7  - ELAN1200:00 04F3:309F Touchpad: device removed
[    33.725] (**) Option "config_info" "udev:/sys/devices/pci0000:00/0000:00:15.1/i2c_designware.1/i2c-2/i2c-ELAN1200:00/0018:04F3:309F.0001/input/input9/event7"
[    33.725] (II) XINPUT: Adding extended input device "ELAN1200:00 04F3:309F Touchpad" (type: TOUCHPAD, id 11)
[    33.726] (**) Option "AccelerationScheme" "none"
[    33.726] (**) ELAN1200:00 04F3:309F Touchpad: (accel) selected scheme none/0
[    33.726] (**) ELAN1200:00 04F3:309F Touchpad: (accel) acceleration factor: 2.000
[    33.726] (**) ELAN1200:00 04F3:309F Touchpad: (accel) acceleration threshold: 4
[    33.728] (II) event7  - ELAN1200:00 04F3:309F Touchpad: is tagged by udev as: Touchpad
[    33.730] (II) event7  - ELAN1200:00 04F3:309F Touchpad: device is a touchpad
[    33.731] (II) config/udev: Adding input device ELAN1200:00 04F3:309F Touchpad (/dev/input/mouse1)
[    33.731] (II) No input driver specified, ignoring this device.
[    33.731] (II) This device may have been added with another device file.
[    33.731] (II) config/udev: Adding input device HDA Intel PCH Headphone Mic (/dev/input/event9)
[    33.731] (II) No input driver specified, ignoring this device.
[    33.731] (II) This device may have been added with another device file.
[    33.732] (II) config/udev: Adding input device HDA Intel PCH HDMI/DP,pcm=3 (/dev/input/event10)
[    33.732] (II) No input driver specified, ignoring this device.
[    33.732] (II) This device may have been added with another device file.
[    33.732] (II) config/udev: Adding input device HDA Intel PCH HDMI/DP,pcm=7 (/dev/input/event11)
[    33.732] (II) No input driver specified, ignoring this device.
[    33.732] (II) This device may have been added with another device file.
[    33.732] (II) config/udev: Adding input device HDA Intel PCH HDMI/DP,pcm=8 (/dev/input/event12)
[    33.732] (II) No input driver specified, ignoring this device.
[    33.732] (II) This device may have been added with another device file.
[    33.733] (II) config/udev: Adding input device HDA Intel PCH HDMI/DP,pcm=9 (/dev/input/event13)
[    33.733] (II) No input driver specified, ignoring this device.
[    33.733] (II) This device may have been added with another device file.
[    33.733] (II) config/udev: Adding input device HDA Intel PCH HDMI/DP,pcm=10 (/dev/input/event14)
[    33.733] (II) No input driver specified, ignoring this device.
[    33.733] (II) This device may have been added with another device file.
[    33.734] (II) config/udev: Adding input device HDA Intel PCH HDMI/DP,pcm=11 (/dev/input/event15)
[    33.734] (II) No input driver specified, ignoring this device.
[    33.734] (II) This device may have been added with another device file.
[    33.734] (II) config/udev: Adding input device HDA Intel PCH HDMI/DP,pcm=12 (/dev/input/event16)
[    33.734] (II) No input driver specified, ignoring this device.
[    33.734] (II) This device may have been added with another device file.
[    33.734] (II) config/udev: Adding input device HDA Intel PCH HDMI/DP,pcm=13 (/dev/input/event17)
[    33.734] (II) No input driver specified, ignoring this device.
[    33.734] (II) This device may have been added with another device file.
[    33.735] (II) config/udev: Adding input device HDA Intel PCH HDMI/DP,pcm=14 (/dev/input/event18)
[    33.735] (II) No input driver specified, ignoring this device.
[    33.735] (II) This device may have been added with another device file.
[    33.735] (II) config/udev: Adding input device HDA Intel PCH HDMI/DP,pcm=15 (/dev/input/event19)
[    33.735] (II) No input driver specified, ignoring this device.
[    33.735] (II) This device may have been added with another device file.
[    33.735] (II) config/udev: Adding input device HDA Intel PCH HDMI/DP,pcm=16 (/dev/input/event20)
[    33.735] (II) No input driver specified, ignoring this device.
[    33.735] (II) This device may have been added with another device file.
[    33.736] (II) config/udev: Adding input device HDA Intel PCH HDMI/DP,pcm=17 (/dev/input/event21)
[    33.736] (II) No input driver specified, ignoring this device.
[    33.736] (II) This device may have been added with another device file.
[    33.736] (II) config/udev: Adding input device Asus WMI hotkeys (/dev/input/event4)
[    33.736] (**) Asus WMI hotkeys: Applying InputClass "libinput keyboard catchall"
[    33.736] (II) Using input driver 'libinput' for 'Asus WMI hotkeys'
[    33.737] (II) systemd-logind: got fd for /dev/input/event4 13:68 fd 37 paused 0
[    33.737] (**) Asus WMI hotkeys: always reports core events
[    33.737] (**) Option "Device" "/dev/input/event4"
[    33.738] (II) event4  - Asus WMI hotkeys: is tagged by udev as: Keyboard
[    33.738] (II) event4  - Asus WMI hotkeys: device is a keyboard
[    33.738] (II) event4  - Asus WMI hotkeys: device removed
[    33.738] (**) Option "config_info" "udev:/sys/devices/platform/asus-nb-wmi/input/input6/event4"
[    33.738] (II) XINPUT: Adding extended input device "Asus WMI hotkeys" (type: KEYBOARD, id 12)
[    33.738] (**) Option "xkb_model" "pc105"
[    33.738] (**) Option "xkb_layout" "us,ru"
[    33.738] (**) Option "xkb_variant" ","
[    33.738] (**) Option "xkb_options" "grp_led:scroll"
[    33.739] (II) event4  - Asus WMI hotkeys: is tagged by udev as: Keyboard
[    33.739] (II) event4  - Asus WMI hotkeys: device is a keyboard
[    33.740] (II) config/udev: Adding input device AT Translated Set 2 keyboard (/dev/input/event3)
[    33.740] (**) AT Translated Set 2 keyboard: Applying InputClass "libinput keyboard catchall"
[    33.740] (II) Using input driver 'libinput' for 'AT Translated Set 2 keyboard'
[    33.742] (II) systemd-logind: got fd for /dev/input/event3 13:67 fd 38 paused 0
[    33.742] (**) AT Translated Set 2 keyboard: always reports core events
[    33.742] (**) Option "Device" "/dev/input/event3"
[    33.742] (II) event3  - AT Translated Set 2 keyboard: is tagged by udev as: Keyboard
[    33.744] (II) event3  - AT Translated Set 2 keyboard: device is a keyboard
[    33.747] (II) event3  - AT Translated Set 2 keyboard: device removed
[    33.747] (**) Option "config_info" "udev:/sys/devices/platform/i8042/serio0/input/input3/event3"
[    33.747] (II) XINPUT: Adding extended input device "AT Translated Set 2 keyboard" (type: KEYBOARD, id 13)
[    33.747] (**) Option "xkb_model" "pc105"
[    33.747] (**) Option "xkb_layout" "us,ru"
[    33.747] (**) Option "xkb_variant" ","
[    33.747] (**) Option "xkb_options" "grp_led:scroll"
[    33.748] (II) event3  - AT Translated Set 2 keyboard: is tagged by udev as: Keyboard
[    33.748] (II) event3  - AT Translated Set 2 keyboard: device is a keyboard
[    34.227] (II) modeset(0): EDID vendor "NCP", prod id 70
[    34.227] (II) modeset(0): Printing DDC gathered Modelines:
[    34.227] (II) modeset(0): Modeline "1920x1080"x0.0  138.50  1920 1968 2000 2080  1080 1083 1088 1111 +hsync -vsync (66.6 kHz eP)
[  6887.178] (EE) event7  - ELAN1200:00 04F3:309F Touchpad: kernel bug: Touch jump detected and discarded.
See https://wayland.freedesktop.org/libinput/doc/1.20.0/touchpad-jumping-cursors.html for details
[ 17699.518] (EE) event7  - ELAN1200:00 04F3:309F Touchpad: kernel bug: Touch jump detected and discarded.
See https://wayland.freedesktop.org/libinput/doc/1.20.0/touchpad-jumping-cursors.html for details
[ 20150.779] (EE) event7  - ELAN1200:00 04F3:309F Touchpad: kernel bug: Touch jump detected and discarded.
See https://wayland.freedesktop.org/libinput/doc/1.20.0/touchpad-jumping-cursors.html for details
[ 20664.765] (EE) event7  - ELAN1200:00 04F3:309F Touchpad: kernel bug: Touch jump detected and discarded.
See https://wayland.freedesktop.org/libinput/doc/1.20.0/touchpad-jumping-cursors.html for details
[ 22634.737] (EE) client bug: timer event7 tap: scheduled expiry is in the past (-38ms), your system is too slow
[ 22651.812] (**) Option "fd" "29"
[ 22651.812] (II) event2  - Power Button: device removed
[ 22651.812] (**) Option "fd" "32"
[ 22651.812] (II) event8  - Video Bus: device removed
[ 22651.812] (**) Option "fd" "33"
[ 22651.812] (II) event1  - Power Button: device removed
[ 22651.812] (**) Option "fd" "34"
[ 22651.812] (II) event5  - USB2.0 HD UVC WebCam: USB2.0 HD: device removed
[ 22651.812] (**) Option "fd" "35"
[ 22651.812] (II) event6  - ELAN1200:00 04F3:309F Mouse: device removed
[ 22651.812] (**) Option "fd" "36"
[ 22651.812] (II) event7  - ELAN1200:00 04F3:309F Touchpad: device removed
[ 22651.812] (**) Option "fd" "37"
[ 22651.812] (II) event4  - Asus WMI hotkeys: device removed
[ 22651.812] (**) Option "fd" "38"
[ 22651.812] (II) event3  - AT Translated Set 2 keyboard: device removed
[ 22651.823] (II) UnloadModule: "libinput"
[ 22651.823] (II) systemd-logind: releasing fd for 13:67
[ 22651.852] (II) UnloadModule: "libinput"
[ 22651.852] (II) systemd-logind: releasing fd for 13:68
[ 22651.906] (II) UnloadModule: "libinput"
[ 22651.906] (II) systemd-logind: releasing fd for 13:71
[ 22651.906] (II) UnloadModule: "libinput"
[ 22651.906] (II) systemd-logind: releasing fd for 13:70
[ 22651.910] (II) UnloadModule: "libinput"
[ 22651.910] (II) systemd-logind: releasing fd for 13:69
[ 22651.911] (II) UnloadModule: "libinput"
[ 22651.911] (II) systemd-logind: releasing fd for 13:65
[ 22651.911] (II) UnloadModule: "libinput"
[ 22651.911] (II) systemd-logind: releasing fd for 13:72
[ 22651.912] (II) UnloadModule: "libinput"
[ 22651.912] (II) systemd-logind: releasing fd for 13:66
[ 22651.940] (WW) xf86CloseConsole: KDSETMODE failed: Input/output error
[ 22651.940] (WW) xf86CloseConsole: VT_GETMODE failed: Input/output error
[ 22651.996] (II) Server terminated successfully (0). Closing log file.
