[2022-08-22T03:32:42.158Z] Уровень ведения журнала: Info
[2022-08-22T03:32:42.161Z] [info] Проверка найденного git в:git
[2022-08-22T03:32:42.251Z] [info] Используется git  из git
[2022-08-22T03:32:42.290Z] > git rev-parse --show-toplevel [31ms]
[2022-08-22T03:32:42.290Z] fatal: not a git repository (or any of the parent directories): .git
[2022-08-22T03:32:42.382Z] > git rev-parse --show-toplevel [84ms]
[2022-08-22T03:32:42.426Z] > git rev-parse --git-dir --git-common-dir [34ms]
[2022-08-22T03:32:42.429Z] [info] Open repository: /home/aibarchyn/bots/rick_morty_bot
[2022-08-22T03:32:42.459Z] > git status -z -uall [22ms]
[2022-08-22T03:32:42.471Z] > git rev-parse --show-toplevel [25ms]
[2022-08-22T03:32:42.471Z] fatal: not a git repository (or any of the parent directories): .git
[2022-08-22T03:32:42.488Z] > git symbolic-ref --short HEAD [18ms]
[2022-08-22T03:32:42.501Z] > git rev-parse --show-toplevel [22ms]
[2022-08-22T03:32:42.501Z] fatal: not a git repository (or any of the parent directories): .git
[2022-08-22T03:32:42.502Z] > git for-each-ref --format=%(refname)%00%(upstream:short)%00%(objectname)%00%(upstream:track)%00%(upstream:remotename)%00%(upstream:remoteref) refs/heads/master refs/remotes/master [7ms]
[2022-08-22T03:32:42.521Z] > git for-each-ref --sort -committerdate --format %(refname) %(objectname) %(*objectname) [12ms]
[2022-08-22T03:32:42.530Z] > git remote --verbose [11ms]
[2022-08-22T03:32:42.563Z] > git config --get commit.template [2ms]
[2022-08-22T03:32:42.573Z] > git status -z -uall [4ms]
[2022-08-22T03:32:42.582Z] > git symbolic-ref --short HEAD [2ms]
[2022-08-22T03:32:42.609Z] > git for-each-ref --format=%(refname)%00%(upstream:short)%00%(objectname)%00%(upstream:track)%00%(upstream:remotename)%00%(upstream:remoteref) refs/heads/master refs/remotes/master [19ms]
[2022-08-22T03:32:42.628Z] > git for-each-ref --sort -committerdate --format %(refname) %(objectname) %(*objectname) [11ms]
[2022-08-22T03:32:42.638Z] > git remote --verbose [12ms]
[2022-08-22T03:32:42.659Z] > git config --get commit.template [2ms]
[2022-08-22T03:32:42.976Z] > git show --textconv :bot.py [16ms]
[2022-08-22T03:32:42.978Z] > git ls-files --stage -- /home/aibarchyn/bots/rick_morty_bot/bot.py [6ms]
[2022-08-22T03:32:43.041Z] > git cat-file -s 8495f2d8e528034de523df73a9c55f6e3bfab5c8 [17ms]
[2022-08-22T03:32:43.045Z] > git check-ignore -v -z --stdin [5ms]
[2022-08-22T03:32:44.919Z] > git show --textconv :epizody.py [16ms]
[2022-08-22T03:32:44.920Z] > git ls-files --stage -- /home/aibarchyn/bots/rick_morty_bot/epizody.py [4ms]
[2022-08-22T03:32:44.934Z] > git cat-file -s 5fd6138d3668136261e868395201146345b34d89 [2ms]
[2022-08-22T03:34:00.493Z] > git show --textconv :bot.py [6ms]
[2022-08-22T03:34:00.494Z] > git ls-files --stage -- /home/aibarchyn/bots/rick_morty_bot/bot.py [2ms]
[2022-08-22T03:34:00.498Z] > git cat-file -s 8495f2d8e528034de523df73a9c55f6e3bfab5c8 [1ms]
