[2022-08-19T07:25:35.050Z] Уровень ведения журнала: Info
[2022-08-19T07:25:35.052Z] [info] Проверка найденного git в:git
[2022-08-19T07:25:35.065Z] [info] Используется git 2.34.1 из git
[2022-08-19T07:25:35.073Z] > git rev-parse --show-toplevel [2ms]
[2022-08-19T07:25:35.093Z] > git rev-parse --git-dir --git-common-dir [15ms]
[2022-08-19T07:25:35.095Z] [info] Open repository: /home/aibarchyn/lessons
[2022-08-19T07:25:35.122Z] > git status -z -uall [23ms]
[2022-08-19T07:25:35.134Z] > git symbolic-ref --short HEAD [7ms]
[2022-08-19T07:25:35.138Z] > git for-each-ref --format=%(refname)%00%(upstream:short)%00%(objectname)%00%(upstream:track)%00%(upstream:remotename)%00%(upstream:remoteref) refs/heads/master refs/remotes/master [1ms]
[2022-08-19T07:25:35.147Z] > git remote --verbose [1ms]
[2022-08-19T07:25:35.150Z] > git for-each-ref --sort -committerdate --format %(refname) %(objectname) %(*objectname) [7ms]
[2022-08-19T07:25:35.161Z] > git config --get commit.template [1ms]
[2022-08-19T07:25:35.169Z] > git status -z -uall [1ms]
[2022-08-19T07:25:35.175Z] > git symbolic-ref --short HEAD [1ms]
[2022-08-19T07:25:35.182Z] > git for-each-ref --format=%(refname)%00%(upstream:short)%00%(objectname)%00%(upstream:track)%00%(upstream:remotename)%00%(upstream:remoteref) refs/heads/master refs/remotes/master [2ms]
[2022-08-19T07:25:35.190Z] > git for-each-ref --sort -committerdate --format %(refname) %(objectname) %(*objectname) [4ms]
[2022-08-19T07:25:35.190Z] > git remote --verbose [1ms]
[2022-08-19T07:25:35.205Z] > git config --get commit.template [10ms]
[2022-08-19T07:25:35.611Z] > git check-ignore -v -z --stdin [2ms]
[2022-08-19T07:25:49.052Z] > git show --textconv :telegram bot/main.py [326ms]
[2022-08-19T07:25:49.052Z] > git ls-files --stage -- /home/aibarchyn/lessons/telegram bot/main.py [320ms]
[2022-08-19T07:25:56.416Z] > git status -z -uall [3ms]
[2022-08-19T07:25:56.428Z] > git symbolic-ref --short HEAD [1ms]
[2022-08-19T07:25:56.437Z] > git for-each-ref --format=%(refname)%00%(upstream:short)%00%(objectname)%00%(upstream:track)%00%(upstream:remotename)%00%(upstream:remoteref) refs/heads/master refs/remotes/master [1ms]
[2022-08-19T07:25:56.452Z] > git for-each-ref --sort -committerdate --format %(refname) %(objectname) %(*objectname) [7ms]
[2022-08-19T07:25:56.453Z] > git remote --verbose [1ms]
[2022-08-19T07:25:56.466Z] > git config --get commit.template [3ms]
[2022-08-19T07:26:36.859Z] > git rev-parse --show-toplevel [1ms]
[2022-08-19T07:26:36.869Z] > git rev-parse --git-dir --git-common-dir [2ms]
[2022-08-19T07:26:36.873Z] [info] Open repository: /home/aibarchyn/bots/rick_morty_bot
[2022-08-19T07:26:36.881Z] > git status -z -uall [1ms]
[2022-08-19T07:26:36.890Z] > git symbolic-ref --short HEAD [0ms]
[2022-08-19T07:26:36.908Z] > git for-each-ref --format=%(refname)%00%(upstream:short)%00%(objectname)%00%(upstream:track)%00%(upstream:remotename)%00%(upstream:remoteref) refs/heads/master refs/remotes/master [6ms]
[2022-08-19T07:26:36.925Z] > git remote --verbose [1ms]
[2022-08-19T07:26:36.926Z] > git for-each-ref --sort -committerdate --format %(refname) %(objectname) %(*objectname) [9ms]
[2022-08-19T07:26:36.938Z] > git config --get commit.template [1ms]
[2022-08-19T07:26:37.219Z] > git show --textconv :__pycache__/Procfile/runtime.txt [13ms]
[2022-08-19T07:26:37.223Z] > git ls-files --stage -- /home/aibarchyn/bots/rick_morty_bot/__pycache__/Procfile/runtime.txt [5ms]
[2022-08-19T07:26:37.416Z] > git check-ignore -v -z --stdin [2ms]
