[2022-08-16 11:34:03.883] [renderer1] [error] name must not be falsy: Error: name must not be falsy
	at Function.validate (/snap/code/104/usr/share/code/resources/app/out/vs/workbench/api/node/extensionHostProcess.js:78:101175)
	at new t (/snap/code/104/usr/share/code/resources/app/out/vs/workbench/api/node/extensionHostProcess.js:78:101124)
	at new t (/snap/code/104/usr/share/code/resources/app/out/vs/workbench/api/node/extensionHostProcess.js:78:86652)
	at G (/home/aibarchyn/.vscode/extensions/ms-python.python-2022.12.0/out/client/extension.js:2:2297898)
	at c (/home/aibarchyn/.vscode/extensions/ms-python.python-2022.12.0/out/client/extension.js:2:2335083)
	at Object.t.map (/home/aibarchyn/.vscode/extensions/ms-python.python-2022.12.0/out/client/extension.js:2:2335169)
	at Object.asDocumentSymbols (/home/aibarchyn/.vscode/extensions/ms-python.python-2022.12.0/out/client/extension.js:2:2305716)
	at /home/aibarchyn/.vscode/extensions/ms-python.python-2022.12.0/out/client/extension.js:2:2244261
	at async a.provideDocumentSymbols (/snap/code/104/usr/share/code/resources/app/out/vs/workbench/api/node/extensionHostProcess.js:87:37442)
[2022-08-16 11:34:06.923] [renderer1] [error] name must not be falsy: Error: name must not be falsy
	at Function.validate (/snap/code/104/usr/share/code/resources/app/out/vs/workbench/api/node/extensionHostProcess.js:78:101175)
	at new t (/snap/code/104/usr/share/code/resources/app/out/vs/workbench/api/node/extensionHostProcess.js:78:101124)
	at new t (/snap/code/104/usr/share/code/resources/app/out/vs/workbench/api/node/extensionHostProcess.js:78:86652)
	at G (/home/aibarchyn/.vscode/extensions/ms-python.python-2022.12.0/out/client/extension.js:2:2297898)
	at c (/home/aibarchyn/.vscode/extensions/ms-python.python-2022.12.0/out/client/extension.js:2:2335083)
	at Object.t.map (/home/aibarchyn/.vscode/extensions/ms-python.python-2022.12.0/out/client/extension.js:2:2335169)
	at Object.asDocumentSymbols (/home/aibarchyn/.vscode/extensions/ms-python.python-2022.12.0/out/client/extension.js:2:2305716)
	at /home/aibarchyn/.vscode/extensions/ms-python.python-2022.12.0/out/client/extension.js:2:2244261
	at async a.provideDocumentSymbols (/snap/code/104/usr/share/code/resources/app/out/vs/workbench/api/node/extensionHostProcess.js:87:37442)
[2022-08-16 11:34:08.191] [renderer1] [error] name must not be falsy: Error: name must not be falsy
	at Function.validate (/snap/code/104/usr/share/code/resources/app/out/vs/workbench/api/node/extensionHostProcess.js:78:101175)
	at new t (/snap/code/104/usr/share/code/resources/app/out/vs/workbench/api/node/extensionHostProcess.js:78:101124)
	at new t (/snap/code/104/usr/share/code/resources/app/out/vs/workbench/api/node/extensionHostProcess.js:78:86652)
	at G (/home/aibarchyn/.vscode/extensions/ms-python.python-2022.12.0/out/client/extension.js:2:2297898)
	at c (/home/aibarchyn/.vscode/extensions/ms-python.python-2022.12.0/out/client/extension.js:2:2335083)
	at Object.t.map (/home/aibarchyn/.vscode/extensions/ms-python.python-2022.12.0/out/client/extension.js:2:2335169)
	at Object.asDocumentSymbols (/home/aibarchyn/.vscode/extensions/ms-python.python-2022.12.0/out/client/extension.js:2:2305716)
	at /home/aibarchyn/.vscode/extensions/ms-python.python-2022.12.0/out/client/extension.js:2:2244261
	at async a.provideDocumentSymbols (/snap/code/104/usr/share/code/resources/app/out/vs/workbench/api/node/extensionHostProcess.js:87:37442)
[2022-08-16 11:34:09.501] [renderer1] [error] name must not be falsy: Error: name must not be falsy
	at Function.validate (/snap/code/104/usr/share/code/resources/app/out/vs/workbench/api/node/extensionHostProcess.js:78:101175)
	at new t (/snap/code/104/usr/share/code/resources/app/out/vs/workbench/api/node/extensionHostProcess.js:78:101124)
	at new t (/snap/code/104/usr/share/code/resources/app/out/vs/workbench/api/node/extensionHostProcess.js:78:86652)
	at G (/home/aibarchyn/.vscode/extensions/ms-python.python-2022.12.0/out/client/extension.js:2:2297898)
	at c (/home/aibarchyn/.vscode/extensions/ms-python.python-2022.12.0/out/client/extension.js:2:2335083)
	at Object.t.map (/home/aibarchyn/.vscode/extensions/ms-python.python-2022.12.0/out/client/extension.js:2:2335169)
	at Object.asDocumentSymbols (/home/aibarchyn/.vscode/extensions/ms-python.python-2022.12.0/out/client/extension.js:2:2305716)
	at /home/aibarchyn/.vscode/extensions/ms-python.python-2022.12.0/out/client/extension.js:2:2244261
	at async a.provideDocumentSymbols (/snap/code/104/usr/share/code/resources/app/out/vs/workbench/api/node/extensionHostProcess.js:87:37442)
[2022-08-16 11:34:11.297] [renderer1] [error] name must not be falsy: Error: name must not be falsy
	at Function.validate (/snap/code/104/usr/share/code/resources/app/out/vs/workbench/api/node/extensionHostProcess.js:78:101175)
	at new t (/snap/code/104/usr/share/code/resources/app/out/vs/workbench/api/node/extensionHostProcess.js:78:101124)
	at new t (/snap/code/104/usr/share/code/resources/app/out/vs/workbench/api/node/extensionHostProcess.js:78:86652)
	at G (/home/aibarchyn/.vscode/extensions/ms-python.python-2022.12.0/out/client/extension.js:2:2297898)
	at c (/home/aibarchyn/.vscode/extensions/ms-python.python-2022.12.0/out/client/extension.js:2:2335083)
	at Object.t.map (/home/aibarchyn/.vscode/extensions/ms-python.python-2022.12.0/out/client/extension.js:2:2335169)
	at Object.asDocumentSymbols (/home/aibarchyn/.vscode/extensions/ms-python.python-2022.12.0/out/client/extension.js:2:2305716)
	at /home/aibarchyn/.vscode/extensions/ms-python.python-2022.12.0/out/client/extension.js:2:2244261
	at async a.provideDocumentSymbols (/snap/code/104/usr/share/code/resources/app/out/vs/workbench/api/node/extensionHostProcess.js:87:37442)
[2022-08-16 11:34:12.405] [renderer1] [error] name must not be falsy: Error: name must not be falsy
	at Function.validate (/snap/code/104/usr/share/code/resources/app/out/vs/workbench/api/node/extensionHostProcess.js:78:101175)
	at new t (/snap/code/104/usr/share/code/resources/app/out/vs/workbench/api/node/extensionHostProcess.js:78:101124)
	at new t (/snap/code/104/usr/share/code/resources/app/out/vs/workbench/api/node/extensionHostProcess.js:78:86652)
	at G (/home/aibarchyn/.vscode/extensions/ms-python.python-2022.12.0/out/client/extension.js:2:2297898)
	at c (/home/aibarchyn/.vscode/extensions/ms-python.python-2022.12.0/out/client/extension.js:2:2335083)
	at Object.t.map (/home/aibarchyn/.vscode/extensions/ms-python.python-2022.12.0/out/client/extension.js:2:2335169)
	at Object.asDocumentSymbols (/home/aibarchyn/.vscode/extensions/ms-python.python-2022.12.0/out/client/extension.js:2:2305716)
	at /home/aibarchyn/.vscode/extensions/ms-python.python-2022.12.0/out/client/extension.js:2:2244261
	at async a.provideDocumentSymbols (/snap/code/104/usr/share/code/resources/app/out/vs/workbench/api/node/extensionHostProcess.js:87:37442)
[2022-08-16 11:34:15.256] [renderer1] [error] name must not be falsy: Error: name must not be falsy
	at Function.validate (/snap/code/104/usr/share/code/resources/app/out/vs/workbench/api/node/extensionHostProcess.js:78:101175)
	at new t (/snap/code/104/usr/share/code/resources/app/out/vs/workbench/api/node/extensionHostProcess.js:78:101124)
	at new t (/snap/code/104/usr/share/code/resources/app/out/vs/workbench/api/node/extensionHostProcess.js:78:86652)
	at G (/home/aibarchyn/.vscode/extensions/ms-python.python-2022.12.0/out/client/extension.js:2:2297898)
	at c (/home/aibarchyn/.vscode/extensions/ms-python.python-2022.12.0/out/client/extension.js:2:2335083)
	at Object.t.map (/home/aibarchyn/.vscode/extensions/ms-python.python-2022.12.0/out/client/extension.js:2:2335169)
	at Object.asDocumentSymbols (/home/aibarchyn/.vscode/extensions/ms-python.python-2022.12.0/out/client/extension.js:2:2305716)
	at /home/aibarchyn/.vscode/extensions/ms-python.python-2022.12.0/out/client/extension.js:2:2244261
	at async a.provideDocumentSymbols (/snap/code/104/usr/share/code/resources/app/out/vs/workbench/api/node/extensionHostProcess.js:87:37442)
[2022-08-16 11:34:18.445] [renderer1] [error] name must not be falsy: Error: name must not be falsy
	at Function.validate (/snap/code/104/usr/share/code/resources/app/out/vs/workbench/api/node/extensionHostProcess.js:78:101175)
	at new t (/snap/code/104/usr/share/code/resources/app/out/vs/workbench/api/node/extensionHostProcess.js:78:101124)
	at new t (/snap/code/104/usr/share/code/resources/app/out/vs/workbench/api/node/extensionHostProcess.js:78:86652)
	at G (/home/aibarchyn/.vscode/extensions/ms-python.python-2022.12.0/out/client/extension.js:2:2297898)
	at c (/home/aibarchyn/.vscode/extensions/ms-python.python-2022.12.0/out/client/extension.js:2:2335083)
	at Object.t.map (/home/aibarchyn/.vscode/extensions/ms-python.python-2022.12.0/out/client/extension.js:2:2335169)
	at Object.asDocumentSymbols (/home/aibarchyn/.vscode/extensions/ms-python.python-2022.12.0/out/client/extension.js:2:2305716)
	at /home/aibarchyn/.vscode/extensions/ms-python.python-2022.12.0/out/client/extension.js:2:2244261
	at async a.provideDocumentSymbols (/snap/code/104/usr/share/code/resources/app/out/vs/workbench/api/node/extensionHostProcess.js:87:37442)
[2022-08-16 11:34:19.708] [renderer1] [error] name must not be falsy: Error: name must not be falsy
	at Function.validate (/snap/code/104/usr/share/code/resources/app/out/vs/workbench/api/node/extensionHostProcess.js:78:101175)
	at new t (/snap/code/104/usr/share/code/resources/app/out/vs/workbench/api/node/extensionHostProcess.js:78:101124)
	at new t (/snap/code/104/usr/share/code/resources/app/out/vs/workbench/api/node/extensionHostProcess.js:78:86652)
	at G (/home/aibarchyn/.vscode/extensions/ms-python.python-2022.12.0/out/client/extension.js:2:2297898)
	at c (/home/aibarchyn/.vscode/extensions/ms-python.python-2022.12.0/out/client/extension.js:2:2335083)
	at Object.t.map (/home/aibarchyn/.vscode/extensions/ms-python.python-2022.12.0/out/client/extension.js:2:2335169)
	at Object.asDocumentSymbols (/home/aibarchyn/.vscode/extensions/ms-python.python-2022.12.0/out/client/extension.js:2:2305716)
	at /home/aibarchyn/.vscode/extensions/ms-python.python-2022.12.0/out/client/extension.js:2:2244261
	at async a.provideDocumentSymbols (/snap/code/104/usr/share/code/resources/app/out/vs/workbench/api/node/extensionHostProcess.js:87:37442)
[2022-08-16 11:34:21.339] [renderer1] [error] name must not be falsy: Error: name must not be falsy
	at Function.validate (/snap/code/104/usr/share/code/resources/app/out/vs/workbench/api/node/extensionHostProcess.js:78:101175)
	at new t (/snap/code/104/usr/share/code/resources/app/out/vs/workbench/api/node/extensionHostProcess.js:78:101124)
	at new t (/snap/code/104/usr/share/code/resources/app/out/vs/workbench/api/node/extensionHostProcess.js:78:86652)
	at G (/home/aibarchyn/.vscode/extensions/ms-python.python-2022.12.0/out/client/extension.js:2:2297898)
	at c (/home/aibarchyn/.vscode/extensions/ms-python.python-2022.12.0/out/client/extension.js:2:2335083)
	at Object.t.map (/home/aibarchyn/.vscode/extensions/ms-python.python-2022.12.0/out/client/extension.js:2:2335169)
	at Object.asDocumentSymbols (/home/aibarchyn/.vscode/extensions/ms-python.python-2022.12.0/out/client/extension.js:2:2305716)
	at /home/aibarchyn/.vscode/extensions/ms-python.python-2022.12.0/out/client/extension.js:2:2244261
	at async a.provideDocumentSymbols (/snap/code/104/usr/share/code/resources/app/out/vs/workbench/api/node/extensionHostProcess.js:87:37442)
[2022-08-16 11:34:23.461] [renderer1] [error] name must not be falsy: Error: name must not be falsy
	at Function.validate (/snap/code/104/usr/share/code/resources/app/out/vs/workbench/api/node/extensionHostProcess.js:78:101175)
	at new t (/snap/code/104/usr/share/code/resources/app/out/vs/workbench/api/node/extensionHostProcess.js:78:101124)
	at new t (/snap/code/104/usr/share/code/resources/app/out/vs/workbench/api/node/extensionHostProcess.js:78:86652)
	at G (/home/aibarchyn/.vscode/extensions/ms-python.python-2022.12.0/out/client/extension.js:2:2297898)
	at c (/home/aibarchyn/.vscode/extensions/ms-python.python-2022.12.0/out/client/extension.js:2:2335083)
	at Object.t.map (/home/aibarchyn/.vscode/extensions/ms-python.python-2022.12.0/out/client/extension.js:2:2335169)
	at Object.asDocumentSymbols (/home/aibarchyn/.vscode/extensions/ms-python.python-2022.12.0/out/client/extension.js:2:2305716)
	at /home/aibarchyn/.vscode/extensions/ms-python.python-2022.12.0/out/client/extension.js:2:2244261
	at async a.provideDocumentSymbols (/snap/code/104/usr/share/code/resources/app/out/vs/workbench/api/node/extensionHostProcess.js:87:37442)
[2022-08-16 11:34:26.684] [renderer1] [error] name must not be falsy: Error: name must not be falsy
	at Function.validate (/snap/code/104/usr/share/code/resources/app/out/vs/workbench/api/node/extensionHostProcess.js:78:101175)
	at new t (/snap/code/104/usr/share/code/resources/app/out/vs/workbench/api/node/extensionHostProcess.js:78:101124)
	at new t (/snap/code/104/usr/share/code/resources/app/out/vs/workbench/api/node/extensionHostProcess.js:78:86652)
	at G (/home/aibarchyn/.vscode/extensions/ms-python.python-2022.12.0/out/client/extension.js:2:2297898)
	at c (/home/aibarchyn/.vscode/extensions/ms-python.python-2022.12.0/out/client/extension.js:2:2335083)
	at Object.t.map (/home/aibarchyn/.vscode/extensions/ms-python.python-2022.12.0/out/client/extension.js:2:2335169)
	at Object.asDocumentSymbols (/home/aibarchyn/.vscode/extensions/ms-python.python-2022.12.0/out/client/extension.js:2:2305716)
	at /home/aibarchyn/.vscode/extensions/ms-python.python-2022.12.0/out/client/extension.js:2:2244261
	at async a.provideDocumentSymbols (/snap/code/104/usr/share/code/resources/app/out/vs/workbench/api/node/extensionHostProcess.js:87:37442)
[2022-08-16 11:34:28.049] [renderer1] [error] name must not be falsy: Error: name must not be falsy
	at Function.validate (/snap/code/104/usr/share/code/resources/app/out/vs/workbench/api/node/extensionHostProcess.js:78:101175)
	at new t (/snap/code/104/usr/share/code/resources/app/out/vs/workbench/api/node/extensionHostProcess.js:78:101124)
	at new t (/snap/code/104/usr/share/code/resources/app/out/vs/workbench/api/node/extensionHostProcess.js:78:86652)
	at G (/home/aibarchyn/.vscode/extensions/ms-python.python-2022.12.0/out/client/extension.js:2:2297898)
	at c (/home/aibarchyn/.vscode/extensions/ms-python.python-2022.12.0/out/client/extension.js:2:2335083)
	at Object.t.map (/home/aibarchyn/.vscode/extensions/ms-python.python-2022.12.0/out/client/extension.js:2:2335169)
	at Object.asDocumentSymbols (/home/aibarchyn/.vscode/extensions/ms-python.python-2022.12.0/out/client/extension.js:2:2305716)
	at /home/aibarchyn/.vscode/extensions/ms-python.python-2022.12.0/out/client/extension.js:2:2244261
	at async a.provideDocumentSymbols (/snap/code/104/usr/share/code/resources/app/out/vs/workbench/api/node/extensionHostProcess.js:87:37442)
[2022-08-16 11:34:31.452] [renderer1] [error] name must not be falsy: Error: name must not be falsy
	at Function.validate (/snap/code/104/usr/share/code/resources/app/out/vs/workbench/api/node/extensionHostProcess.js:78:101175)
	at new t (/snap/code/104/usr/share/code/resources/app/out/vs/workbench/api/node/extensionHostProcess.js:78:101124)
	at new t (/snap/code/104/usr/share/code/resources/app/out/vs/workbench/api/node/extensionHostProcess.js:78:86652)
	at G (/home/aibarchyn/.vscode/extensions/ms-python.python-2022.12.0/out/client/extension.js:2:2297898)
	at c (/home/aibarchyn/.vscode/extensions/ms-python.python-2022.12.0/out/client/extension.js:2:2335083)
	at Object.t.map (/home/aibarchyn/.vscode/extensions/ms-python.python-2022.12.0/out/client/extension.js:2:2335169)
	at Object.asDocumentSymbols (/home/aibarchyn/.vscode/extensions/ms-python.python-2022.12.0/out/client/extension.js:2:2305716)
	at /home/aibarchyn/.vscode/extensions/ms-python.python-2022.12.0/out/client/extension.js:2:2244261
	at async a.provideDocumentSymbols (/snap/code/104/usr/share/code/resources/app/out/vs/workbench/api/node/extensionHostProcess.js:87:37442)
[2022-08-16 11:34:32.760] [renderer1] [error] name must not be falsy: Error: name must not be falsy
	at Function.validate (/snap/code/104/usr/share/code/resources/app/out/vs/workbench/api/node/extensionHostProcess.js:78:101175)
	at new t (/snap/code/104/usr/share/code/resources/app/out/vs/workbench/api/node/extensionHostProcess.js:78:101124)
	at new t (/snap/code/104/usr/share/code/resources/app/out/vs/workbench/api/node/extensionHostProcess.js:78:86652)
	at G (/home/aibarchyn/.vscode/extensions/ms-python.python-2022.12.0/out/client/extension.js:2:2297898)
	at c (/home/aibarchyn/.vscode/extensions/ms-python.python-2022.12.0/out/client/extension.js:2:2335083)
	at Object.t.map (/home/aibarchyn/.vscode/extensions/ms-python.python-2022.12.0/out/client/extension.js:2:2335169)
	at Object.asDocumentSymbols (/home/aibarchyn/.vscode/extensions/ms-python.python-2022.12.0/out/client/extension.js:2:2305716)
	at /home/aibarchyn/.vscode/extensions/ms-python.python-2022.12.0/out/client/extension.js:2:2244261
	at async a.provideDocumentSymbols (/snap/code/104/usr/share/code/resources/app/out/vs/workbench/api/node/extensionHostProcess.js:87:37442)
[2022-08-16 11:34:34.456] [renderer1] [error] name must not be falsy: Error: name must not be falsy
	at Function.validate (/snap/code/104/usr/share/code/resources/app/out/vs/workbench/api/node/extensionHostProcess.js:78:101175)
	at new t (/snap/code/104/usr/share/code/resources/app/out/vs/workbench/api/node/extensionHostProcess.js:78:101124)
	at new t (/snap/code/104/usr/share/code/resources/app/out/vs/workbench/api/node/extensionHostProcess.js:78:86652)
	at G (/home/aibarchyn/.vscode/extensions/ms-python.python-2022.12.0/out/client/extension.js:2:2297898)
	at c (/home/aibarchyn/.vscode/extensions/ms-python.python-2022.12.0/out/client/extension.js:2:2335083)
	at Object.t.map (/home/aibarchyn/.vscode/extensions/ms-python.python-2022.12.0/out/client/extension.js:2:2335169)
	at Object.asDocumentSymbols (/home/aibarchyn/.vscode/extensions/ms-python.python-2022.12.0/out/client/extension.js:2:2305716)
	at /home/aibarchyn/.vscode/extensions/ms-python.python-2022.12.0/out/client/extension.js:2:2244261
	at async a.provideDocumentSymbols (/snap/code/104/usr/share/code/resources/app/out/vs/workbench/api/node/extensionHostProcess.js:87:37442)
[2022-08-16 11:34:39.815] [renderer1] [error] name must not be falsy: Error: name must not be falsy
	at Function.validate (/snap/code/104/usr/share/code/resources/app/out/vs/workbench/api/node/extensionHostProcess.js:78:101175)
	at new t (/snap/code/104/usr/share/code/resources/app/out/vs/workbench/api/node/extensionHostProcess.js:78:101124)
	at new t (/snap/code/104/usr/share/code/resources/app/out/vs/workbench/api/node/extensionHostProcess.js:78:86652)
	at G (/home/aibarchyn/.vscode/extensions/ms-python.python-2022.12.0/out/client/extension.js:2:2297898)
	at c (/home/aibarchyn/.vscode/extensions/ms-python.python-2022.12.0/out/client/extension.js:2:2335083)
	at Object.t.map (/home/aibarchyn/.vscode/extensions/ms-python.python-2022.12.0/out/client/extension.js:2:2335169)
	at Object.asDocumentSymbols (/home/aibarchyn/.vscode/extensions/ms-python.python-2022.12.0/out/client/extension.js:2:2305716)
	at /home/aibarchyn/.vscode/extensions/ms-python.python-2022.12.0/out/client/extension.js:2:2244261
	at async a.provideDocumentSymbols (/snap/code/104/usr/share/code/resources/app/out/vs/workbench/api/node/extensionHostProcess.js:87:37442)
[2022-08-16 11:42:02.883] [renderer1] [error] name must not be falsy: Error: name must not be falsy
	at Function.validate (/snap/code/104/usr/share/code/resources/app/out/vs/workbench/api/node/extensionHostProcess.js:78:101175)
	at new t (/snap/code/104/usr/share/code/resources/app/out/vs/workbench/api/node/extensionHostProcess.js:78:101124)
	at new t (/snap/code/104/usr/share/code/resources/app/out/vs/workbench/api/node/extensionHostProcess.js:78:86652)
	at G (/home/aibarchyn/.vscode/extensions/ms-python.python-2022.12.0/out/client/extension.js:2:2297898)
	at G (/home/aibarchyn/.vscode/extensions/ms-python.python-2022.12.0/out/client/extension.js:2:2298073)
	at c (/home/aibarchyn/.vscode/extensions/ms-python.python-2022.12.0/out/client/extension.js:2:2335083)
	at Object.t.map (/home/aibarchyn/.vscode/extensions/ms-python.python-2022.12.0/out/client/extension.js:2:2335169)
	at Object.asDocumentSymbols (/home/aibarchyn/.vscode/extensions/ms-python.python-2022.12.0/out/client/extension.js:2:2305716)
	at /home/aibarchyn/.vscode/extensions/ms-python.python-2022.12.0/out/client/extension.js:2:2244261
	at async a.provideDocumentSymbols (/snap/code/104/usr/share/code/resources/app/out/vs/workbench/api/node/extensionHostProcess.js:87:37442)
[2022-08-16 11:42:04.500] [renderer1] [error] name must not be falsy: Error: name must not be falsy
	at Function.validate (/snap/code/104/usr/share/code/resources/app/out/vs/workbench/api/node/extensionHostProcess.js:78:101175)
	at new t (/snap/code/104/usr/share/code/resources/app/out/vs/workbench/api/node/extensionHostProcess.js:78:101124)
	at new t (/snap/code/104/usr/share/code/resources/app/out/vs/workbench/api/node/extensionHostProcess.js:78:86652)
	at G (/home/aibarchyn/.vscode/extensions/ms-python.python-2022.12.0/out/client/extension.js:2:2297898)
	at G (/home/aibarchyn/.vscode/extensions/ms-python.python-2022.12.0/out/client/extension.js:2:2298073)
	at c (/home/aibarchyn/.vscode/extensions/ms-python.python-2022.12.0/out/client/extension.js:2:2335083)
	at Object.t.map (/home/aibarchyn/.vscode/extensions/ms-python.python-2022.12.0/out/client/extension.js:2:2335169)
	at Object.asDocumentSymbols (/home/aibarchyn/.vscode/extensions/ms-python.python-2022.12.0/out/client/extension.js:2:2305716)
	at /home/aibarchyn/.vscode/extensions/ms-python.python-2022.12.0/out/client/extension.js:2:2244261
	at async a.provideDocumentSymbols (/snap/code/104/usr/share/code/resources/app/out/vs/workbench/api/node/extensionHostProcess.js:87:37442)
[2022-08-16 11:42:06.568] [renderer1] [error] name must not be falsy: Error: name must not be falsy
	at Function.validate (/snap/code/104/usr/share/code/resources/app/out/vs/workbench/api/node/extensionHostProcess.js:78:101175)
	at new t (/snap/code/104/usr/share/code/resources/app/out/vs/workbench/api/node/extensionHostProcess.js:78:101124)
	at new t (/snap/code/104/usr/share/code/resources/app/out/vs/workbench/api/node/extensionHostProcess.js:78:86652)
	at G (/home/aibarchyn/.vscode/extensions/ms-python.python-2022.12.0/out/client/extension.js:2:2297898)
	at G (/home/aibarchyn/.vscode/extensions/ms-python.python-2022.12.0/out/client/extension.js:2:2298073)
	at c (/home/aibarchyn/.vscode/extensions/ms-python.python-2022.12.0/out/client/extension.js:2:2335083)
	at Object.t.map (/home/aibarchyn/.vscode/extensions/ms-python.python-2022.12.0/out/client/extension.js:2:2335169)
	at Object.asDocumentSymbols (/home/aibarchyn/.vscode/extensions/ms-python.python-2022.12.0/out/client/extension.js:2:2305716)
	at /home/aibarchyn/.vscode/extensions/ms-python.python-2022.12.0/out/client/extension.js:2:2244261
	at async a.provideDocumentSymbols (/snap/code/104/usr/share/code/resources/app/out/vs/workbench/api/node/extensionHostProcess.js:87:37442)
[2022-08-16 11:42:09.263] [renderer1] [error] name must not be falsy: Error: name must not be falsy
	at Function.validate (/snap/code/104/usr/share/code/resources/app/out/vs/workbench/api/node/extensionHostProcess.js:78:101175)
	at new t (/snap/code/104/usr/share/code/resources/app/out/vs/workbench/api/node/extensionHostProcess.js:78:101124)
	at new t (/snap/code/104/usr/share/code/resources/app/out/vs/workbench/api/node/extensionHostProcess.js:78:86652)
	at G (/home/aibarchyn/.vscode/extensions/ms-python.python-2022.12.0/out/client/extension.js:2:2297898)
	at G (/home/aibarchyn/.vscode/extensions/ms-python.python-2022.12.0/out/client/extension.js:2:2298073)
	at c (/home/aibarchyn/.vscode/extensions/ms-python.python-2022.12.0/out/client/extension.js:2:2335083)
	at Object.t.map (/home/aibarchyn/.vscode/extensions/ms-python.python-2022.12.0/out/client/extension.js:2:2335169)
	at Object.asDocumentSymbols (/home/aibarchyn/.vscode/extensions/ms-python.python-2022.12.0/out/client/extension.js:2:2305716)
	at /home/aibarchyn/.vscode/extensions/ms-python.python-2022.12.0/out/client/extension.js:2:2244261
	at async a.provideDocumentSymbols (/snap/code/104/usr/share/code/resources/app/out/vs/workbench/api/node/extensionHostProcess.js:87:37442)
[2022-08-16 11:42:10.884] [renderer1] [error] name must not be falsy: Error: name must not be falsy
	at Function.validate (/snap/code/104/usr/share/code/resources/app/out/vs/workbench/api/node/extensionHostProcess.js:78:101175)
	at new t (/snap/code/104/usr/share/code/resources/app/out/vs/workbench/api/node/extensionHostProcess.js:78:101124)
	at new t (/snap/code/104/usr/share/code/resources/app/out/vs/workbench/api/node/extensionHostProcess.js:78:86652)
	at G (/home/aibarchyn/.vscode/extensions/ms-python.python-2022.12.0/out/client/extension.js:2:2297898)
	at G (/home/aibarchyn/.vscode/extensions/ms-python.python-2022.12.0/out/client/extension.js:2:2298073)
	at c (/home/aibarchyn/.vscode/extensions/ms-python.python-2022.12.0/out/client/extension.js:2:2335083)
	at Object.t.map (/home/aibarchyn/.vscode/extensions/ms-python.python-2022.12.0/out/client/extension.js:2:2335169)
	at Object.asDocumentSymbols (/home/aibarchyn/.vscode/extensions/ms-python.python-2022.12.0/out/client/extension.js:2:2305716)
	at /home/aibarchyn/.vscode/extensions/ms-python.python-2022.12.0/out/client/extension.js:2:2244261
	at async a.provideDocumentSymbols (/snap/code/104/usr/share/code/resources/app/out/vs/workbench/api/node/extensionHostProcess.js:87:37442)
[2022-08-16 11:42:12.171] [renderer1] [error] name must not be falsy: Error: name must not be falsy
	at Function.validate (/snap/code/104/usr/share/code/resources/app/out/vs/workbench/api/node/extensionHostProcess.js:78:101175)
	at new t (/snap/code/104/usr/share/code/resources/app/out/vs/workbench/api/node/extensionHostProcess.js:78:101124)
	at new t (/snap/code/104/usr/share/code/resources/app/out/vs/workbench/api/node/extensionHostProcess.js:78:86652)
	at G (/home/aibarchyn/.vscode/extensions/ms-python.python-2022.12.0/out/client/extension.js:2:2297898)
	at G (/home/aibarchyn/.vscode/extensions/ms-python.python-2022.12.0/out/client/extension.js:2:2298073)
	at c (/home/aibarchyn/.vscode/extensions/ms-python.python-2022.12.0/out/client/extension.js:2:2335083)
	at Object.t.map (/home/aibarchyn/.vscode/extensions/ms-python.python-2022.12.0/out/client/extension.js:2:2335169)
	at Object.asDocumentSymbols (/home/aibarchyn/.vscode/extensions/ms-python.python-2022.12.0/out/client/extension.js:2:2305716)
	at /home/aibarchyn/.vscode/extensions/ms-python.python-2022.12.0/out/client/extension.js:2:2244261
	at async a.provideDocumentSymbols (/snap/code/104/usr/share/code/resources/app/out/vs/workbench/api/node/extensionHostProcess.js:87:37442)
[2022-08-16 11:42:14.964] [renderer1] [error] name must not be falsy: Error: name must not be falsy
	at Function.validate (/snap/code/104/usr/share/code/resources/app/out/vs/workbench/api/node/extensionHostProcess.js:78:101175)
	at new t (/snap/code/104/usr/share/code/resources/app/out/vs/workbench/api/node/extensionHostProcess.js:78:101124)
	at new t (/snap/code/104/usr/share/code/resources/app/out/vs/workbench/api/node/extensionHostProcess.js:78:86652)
	at G (/home/aibarchyn/.vscode/extensions/ms-python.python-2022.12.0/out/client/extension.js:2:2297898)
	at G (/home/aibarchyn/.vscode/extensions/ms-python.python-2022.12.0/out/client/extension.js:2:2298073)
	at c (/home/aibarchyn/.vscode/extensions/ms-python.python-2022.12.0/out/client/extension.js:2:2335083)
	at Object.t.map (/home/aibarchyn/.vscode/extensions/ms-python.python-2022.12.0/out/client/extension.js:2:2335169)
	at Object.asDocumentSymbols (/home/aibarchyn/.vscode/extensions/ms-python.python-2022.12.0/out/client/extension.js:2:2305716)
	at /home/aibarchyn/.vscode/extensions/ms-python.python-2022.12.0/out/client/extension.js:2:2244261
	at async a.provideDocumentSymbols (/snap/code/104/usr/share/code/resources/app/out/vs/workbench/api/node/extensionHostProcess.js:87:37442)
[2022-08-16 11:42:16.511] [renderer1] [error] name must not be falsy: Error: name must not be falsy
	at Function.validate (/snap/code/104/usr/share/code/resources/app/out/vs/workbench/api/node/extensionHostProcess.js:78:101175)
	at new t (/snap/code/104/usr/share/code/resources/app/out/vs/workbench/api/node/extensionHostProcess.js:78:101124)
	at new t (/snap/code/104/usr/share/code/resources/app/out/vs/workbench/api/node/extensionHostProcess.js:78:86652)
	at G (/home/aibarchyn/.vscode/extensions/ms-python.python-2022.12.0/out/client/extension.js:2:2297898)
	at G (/home/aibarchyn/.vscode/extensions/ms-python.python-2022.12.0/out/client/extension.js:2:2298073)
	at c (/home/aibarchyn/.vscode/extensions/ms-python.python-2022.12.0/out/client/extension.js:2:2335083)
	at Object.t.map (/home/aibarchyn/.vscode/extensions/ms-python.python-2022.12.0/out/client/extension.js:2:2335169)
	at Object.asDocumentSymbols (/home/aibarchyn/.vscode/extensions/ms-python.python-2022.12.0/out/client/extension.js:2:2305716)
	at /home/aibarchyn/.vscode/extensions/ms-python.python-2022.12.0/out/client/extension.js:2:2244261
	at async a.provideDocumentSymbols (/snap/code/104/usr/share/code/resources/app/out/vs/workbench/api/node/extensionHostProcess.js:87:37442)
[2022-08-16 11:42:20.669] [renderer1] [error] name must not be falsy: Error: name must not be falsy
	at Function.validate (/snap/code/104/usr/share/code/resources/app/out/vs/workbench/api/node/extensionHostProcess.js:78:101175)
	at new t (/snap/code/104/usr/share/code/resources/app/out/vs/workbench/api/node/extensionHostProcess.js:78:101124)
	at new t (/snap/code/104/usr/share/code/resources/app/out/vs/workbench/api/node/extensionHostProcess.js:78:86652)
	at G (/home/aibarchyn/.vscode/extensions/ms-python.python-2022.12.0/out/client/extension.js:2:2297898)
	at G (/home/aibarchyn/.vscode/extensions/ms-python.python-2022.12.0/out/client/extension.js:2:2298073)
	at c (/home/aibarchyn/.vscode/extensions/ms-python.python-2022.12.0/out/client/extension.js:2:2335083)
	at Object.t.map (/home/aibarchyn/.vscode/extensions/ms-python.python-2022.12.0/out/client/extension.js:2:2335169)
	at Object.asDocumentSymbols (/home/aibarchyn/.vscode/extensions/ms-python.python-2022.12.0/out/client/extension.js:2:2305716)
	at /home/aibarchyn/.vscode/extensions/ms-python.python-2022.12.0/out/client/extension.js:2:2244261
	at async a.provideDocumentSymbols (/snap/code/104/usr/share/code/resources/app/out/vs/workbench/api/node/extensionHostProcess.js:87:37442)
[2022-08-16 11:42:24.068] [renderer1] [error] name must not be falsy: Error: name must not be falsy
	at Function.validate (/snap/code/104/usr/share/code/resources/app/out/vs/workbench/api/node/extensionHostProcess.js:78:101175)
	at new t (/snap/code/104/usr/share/code/resources/app/out/vs/workbench/api/node/extensionHostProcess.js:78:101124)
	at new t (/snap/code/104/usr/share/code/resources/app/out/vs/workbench/api/node/extensionHostProcess.js:78:86652)
	at G (/home/aibarchyn/.vscode/extensions/ms-python.python-2022.12.0/out/client/extension.js:2:2297898)
	at G (/home/aibarchyn/.vscode/extensions/ms-python.python-2022.12.0/out/client/extension.js:2:2298073)
	at c (/home/aibarchyn/.vscode/extensions/ms-python.python-2022.12.0/out/client/extension.js:2:2335083)
	at Object.t.map (/home/aibarchyn/.vscode/extensions/ms-python.python-2022.12.0/out/client/extension.js:2:2335169)
	at Object.asDocumentSymbols (/home/aibarchyn/.vscode/extensions/ms-python.python-2022.12.0/out/client/extension.js:2:2305716)
	at /home/aibarchyn/.vscode/extensions/ms-python.python-2022.12.0/out/client/extension.js:2:2244261
	at async a.provideDocumentSymbols (/snap/code/104/usr/share/code/resources/app/out/vs/workbench/api/node/extensionHostProcess.js:87:37442)
[2022-08-16 11:42:25.326] [renderer1] [error] name must not be falsy: Error: name must not be falsy
	at Function.validate (/snap/code/104/usr/share/code/resources/app/out/vs/workbench/api/node/extensionHostProcess.js:78:101175)
	at new t (/snap/code/104/usr/share/code/resources/app/out/vs/workbench/api/node/extensionHostProcess.js:78:101124)
	at new t (/snap/code/104/usr/share/code/resources/app/out/vs/workbench/api/node/extensionHostProcess.js:78:86652)
	at G (/home/aibarchyn/.vscode/extensions/ms-python.python-2022.12.0/out/client/extension.js:2:2297898)
	at G (/home/aibarchyn/.vscode/extensions/ms-python.python-2022.12.0/out/client/extension.js:2:2298073)
	at c (/home/aibarchyn/.vscode/extensions/ms-python.python-2022.12.0/out/client/extension.js:2:2335083)
	at Object.t.map (/home/aibarchyn/.vscode/extensions/ms-python.python-2022.12.0/out/client/extension.js:2:2335169)
	at Object.asDocumentSymbols (/home/aibarchyn/.vscode/extensions/ms-python.python-2022.12.0/out/client/extension.js:2:2305716)
	at /home/aibarchyn/.vscode/extensions/ms-python.python-2022.12.0/out/client/extension.js:2:2244261
	at async a.provideDocumentSymbols (/snap/code/104/usr/share/code/resources/app/out/vs/workbench/api/node/extensionHostProcess.js:87:37442)
[2022-08-16 11:42:27.036] [renderer1] [error] name must not be falsy: Error: name must not be falsy
	at Function.validate (/snap/code/104/usr/share/code/resources/app/out/vs/workbench/api/node/extensionHostProcess.js:78:101175)
	at new t (/snap/code/104/usr/share/code/resources/app/out/vs/workbench/api/node/extensionHostProcess.js:78:101124)
	at new t (/snap/code/104/usr/share/code/resources/app/out/vs/workbench/api/node/extensionHostProcess.js:78:86652)
	at G (/home/aibarchyn/.vscode/extensions/ms-python.python-2022.12.0/out/client/extension.js:2:2297898)
	at G (/home/aibarchyn/.vscode/extensions/ms-python.python-2022.12.0/out/client/extension.js:2:2298073)
	at c (/home/aibarchyn/.vscode/extensions/ms-python.python-2022.12.0/out/client/extension.js:2:2335083)
	at Object.t.map (/home/aibarchyn/.vscode/extensions/ms-python.python-2022.12.0/out/client/extension.js:2:2335169)
	at Object.asDocumentSymbols (/home/aibarchyn/.vscode/extensions/ms-python.python-2022.12.0/out/client/extension.js:2:2305716)
	at /home/aibarchyn/.vscode/extensions/ms-python.python-2022.12.0/out/client/extension.js:2:2244261
	at async a.provideDocumentSymbols (/snap/code/104/usr/share/code/resources/app/out/vs/workbench/api/node/extensionHostProcess.js:87:37442)
[2022-08-16 11:42:28.640] [renderer1] [error] name must not be falsy: Error: name must not be falsy
	at Function.validate (/snap/code/104/usr/share/code/resources/app/out/vs/workbench/api/node/extensionHostProcess.js:78:101175)
	at new t (/snap/code/104/usr/share/code/resources/app/out/vs/workbench/api/node/extensionHostProcess.js:78:101124)
	at new t (/snap/code/104/usr/share/code/resources/app/out/vs/workbench/api/node/extensionHostProcess.js:78:86652)
	at G (/home/aibarchyn/.vscode/extensions/ms-python.python-2022.12.0/out/client/extension.js:2:2297898)
	at G (/home/aibarchyn/.vscode/extensions/ms-python.python-2022.12.0/out/client/extension.js:2:2298073)
	at c (/home/aibarchyn/.vscode/extensions/ms-python.python-2022.12.0/out/client/extension.js:2:2335083)
	at Object.t.map (/home/aibarchyn/.vscode/extensions/ms-python.python-2022.12.0/out/client/extension.js:2:2335169)
	at Object.asDocumentSymbols (/home/aibarchyn/.vscode/extensions/ms-python.python-2022.12.0/out/client/extension.js:2:2305716)
	at /home/aibarchyn/.vscode/extensions/ms-python.python-2022.12.0/out/client/extension.js:2:2244261
	at async a.provideDocumentSymbols (/snap/code/104/usr/share/code/resources/app/out/vs/workbench/api/node/extensionHostProcess.js:87:37442)
[2022-08-16 11:42:30.272] [renderer1] [error] name must not be falsy: Error: name must not be falsy
	at Function.validate (/snap/code/104/usr/share/code/resources/app/out/vs/workbench/api/node/extensionHostProcess.js:78:101175)
	at new t (/snap/code/104/usr/share/code/resources/app/out/vs/workbench/api/node/extensionHostProcess.js:78:101124)
	at new t (/snap/code/104/usr/share/code/resources/app/out/vs/workbench/api/node/extensionHostProcess.js:78:86652)
	at G (/home/aibarchyn/.vscode/extensions/ms-python.python-2022.12.0/out/client/extension.js:2:2297898)
	at G (/home/aibarchyn/.vscode/extensions/ms-python.python-2022.12.0/out/client/extension.js:2:2298073)
	at c (/home/aibarchyn/.vscode/extensions/ms-python.python-2022.12.0/out/client/extension.js:2:2335083)
	at Object.t.map (/home/aibarchyn/.vscode/extensions/ms-python.python-2022.12.0/out/client/extension.js:2:2335169)
	at Object.asDocumentSymbols (/home/aibarchyn/.vscode/extensions/ms-python.python-2022.12.0/out/client/extension.js:2:2305716)
	at /home/aibarchyn/.vscode/extensions/ms-python.python-2022.12.0/out/client/extension.js:2:2244261
	at async a.provideDocumentSymbols (/snap/code/104/usr/share/code/resources/app/out/vs/workbench/api/node/extensionHostProcess.js:87:37442)
[2022-08-16 11:42:31.577] [renderer1] [error] name must not be falsy: Error: name must not be falsy
	at Function.validate (/snap/code/104/usr/share/code/resources/app/out/vs/workbench/api/node/extensionHostProcess.js:78:101175)
	at new t (/snap/code/104/usr/share/code/resources/app/out/vs/workbench/api/node/extensionHostProcess.js:78:101124)
	at new t (/snap/code/104/usr/share/code/resources/app/out/vs/workbench/api/node/extensionHostProcess.js:78:86652)
	at G (/home/aibarchyn/.vscode/extensions/ms-python.python-2022.12.0/out/client/extension.js:2:2297898)
	at G (/home/aibarchyn/.vscode/extensions/ms-python.python-2022.12.0/out/client/extension.js:2:2298073)
	at c (/home/aibarchyn/.vscode/extensions/ms-python.python-2022.12.0/out/client/extension.js:2:2335083)
	at Object.t.map (/home/aibarchyn/.vscode/extensions/ms-python.python-2022.12.0/out/client/extension.js:2:2335169)
	at Object.asDocumentSymbols (/home/aibarchyn/.vscode/extensions/ms-python.python-2022.12.0/out/client/extension.js:2:2305716)
	at /home/aibarchyn/.vscode/extensions/ms-python.python-2022.12.0/out/client/extension.js:2:2244261
	at async a.provideDocumentSymbols (/snap/code/104/usr/share/code/resources/app/out/vs/workbench/api/node/extensionHostProcess.js:87:37442)
[2022-08-16 11:42:37.549] [renderer1] [error] name must not be falsy: Error: name must not be falsy
	at Function.validate (/snap/code/104/usr/share/code/resources/app/out/vs/workbench/api/node/extensionHostProcess.js:78:101175)
	at new t (/snap/code/104/usr/share/code/resources/app/out/vs/workbench/api/node/extensionHostProcess.js:78:101124)
	at new t (/snap/code/104/usr/share/code/resources/app/out/vs/workbench/api/node/extensionHostProcess.js:78:86652)
	at G (/home/aibarchyn/.vscode/extensions/ms-python.python-2022.12.0/out/client/extension.js:2:2297898)
	at G (/home/aibarchyn/.vscode/extensions/ms-python.python-2022.12.0/out/client/extension.js:2:2298073)
	at c (/home/aibarchyn/.vscode/extensions/ms-python.python-2022.12.0/out/client/extension.js:2:2335083)
	at Object.t.map (/home/aibarchyn/.vscode/extensions/ms-python.python-2022.12.0/out/client/extension.js:2:2335169)
	at Object.asDocumentSymbols (/home/aibarchyn/.vscode/extensions/ms-python.python-2022.12.0/out/client/extension.js:2:2305716)
	at /home/aibarchyn/.vscode/extensions/ms-python.python-2022.12.0/out/client/extension.js:2:2244261
	at async a.provideDocumentSymbols (/snap/code/104/usr/share/code/resources/app/out/vs/workbench/api/node/extensionHostProcess.js:87:37442)
[2022-08-16 11:42:39.375] [renderer1] [error] name must not be falsy: Error: name must not be falsy
	at Function.validate (/snap/code/104/usr/share/code/resources/app/out/vs/workbench/api/node/extensionHostProcess.js:78:101175)
	at new t (/snap/code/104/usr/share/code/resources/app/out/vs/workbench/api/node/extensionHostProcess.js:78:101124)
	at new t (/snap/code/104/usr/share/code/resources/app/out/vs/workbench/api/node/extensionHostProcess.js:78:86652)
	at G (/home/aibarchyn/.vscode/extensions/ms-python.python-2022.12.0/out/client/extension.js:2:2297898)
	at G (/home/aibarchyn/.vscode/extensions/ms-python.python-2022.12.0/out/client/extension.js:2:2298073)
	at c (/home/aibarchyn/.vscode/extensions/ms-python.python-2022.12.0/out/client/extension.js:2:2335083)
	at Object.t.map (/home/aibarchyn/.vscode/extensions/ms-python.python-2022.12.0/out/client/extension.js:2:2335169)
	at Object.asDocumentSymbols (/home/aibarchyn/.vscode/extensions/ms-python.python-2022.12.0/out/client/extension.js:2:2305716)
	at /home/aibarchyn/.vscode/extensions/ms-python.python-2022.12.0/out/client/extension.js:2:2244261
	at async a.provideDocumentSymbols (/snap/code/104/usr/share/code/resources/app/out/vs/workbench/api/node/extensionHostProcess.js:87:37442)
