[2022-08-18T16:33:41.880Z] Уровень ведения журнала: Info
[2022-08-18T16:33:41.883Z] [info] Проверка найденного git в:git
[2022-08-18T16:33:41.918Z] [info] Используется git 2.34.1 из git
[2022-08-18T16:33:41.959Z] > git rev-parse --show-toplevel [34ms]
[2022-08-18T16:33:41.984Z] > git rev-parse --git-dir --git-common-dir [15ms]
[2022-08-18T16:33:41.987Z] [info] Open repository: /home/aibarchyn/bots/rick_morty_bot
[2022-08-18T16:33:42.039Z] > git status -z -uall [31ms]
[2022-08-18T16:33:42.207Z] > git symbolic-ref --short HEAD [144ms]
[2022-08-18T16:33:42.268Z] > git for-each-ref --format=%(refname)%00%(upstream:short)%00%(objectname)%00%(upstream:track)%00%(upstream:remotename)%00%(upstream:remoteref) refs/heads/master refs/remotes/master [50ms]
[2022-08-18T16:33:42.298Z] > git for-each-ref --sort -committerdate --format %(refname) %(objectname) %(*objectname) [23ms]
[2022-08-18T16:33:42.309Z] > git remote --verbose [26ms]
[2022-08-18T16:33:42.327Z] > git config --get commit.template [5ms]
[2022-08-18T16:33:42.339Z] > git status -z -uall [3ms]
[2022-08-18T16:33:42.347Z] > git symbolic-ref --short HEAD [2ms]
[2022-08-18T16:33:42.356Z] > git for-each-ref --format=%(refname)%00%(upstream:short)%00%(objectname)%00%(upstream:track)%00%(upstream:remotename)%00%(upstream:remoteref) refs/heads/master refs/remotes/master [2ms]
[2022-08-18T16:33:42.377Z] > git for-each-ref --sort -committerdate --format %(refname) %(objectname) %(*objectname) [14ms]
[2022-08-18T16:33:42.382Z] > git remote --verbose [5ms]
[2022-08-18T16:33:42.402Z] > git config --get commit.template [10ms]
[2022-08-18T16:33:42.720Z] > git check-ignore -v -z --stdin [16ms]
[2022-08-18T16:33:42.721Z] > git show --textconv :bot.py [8ms]
[2022-08-18T16:33:42.721Z] > git ls-files --stage -- /home/aibarchyn/bots/rick_morty_bot/bot.py [2ms]
[2022-08-18T16:33:42.728Z] > git cat-file -s 618453ae5cfbb20abae03526de8035b65df3f0f1 [1ms]
[2022-08-18T16:34:33.265Z] > git show --textconv :kalkul.py [8ms]
[2022-08-18T16:34:33.265Z] > git ls-files --stage -- /home/aibarchyn/bots/rick_morty_bot/kalkul.py [1ms]
[2022-08-18T16:34:33.567Z] > git check-ignore -v -z --stdin [2ms]
[2022-08-18T16:34:34.075Z] > git status -z -uall [3ms]
[2022-08-18T16:34:34.084Z] > git symbolic-ref --short HEAD [1ms]
[2022-08-18T16:34:34.094Z] > git for-each-ref --format=%(refname)%00%(upstream:short)%00%(objectname)%00%(upstream:track)%00%(upstream:remotename)%00%(upstream:remoteref) refs/heads/master refs/remotes/master [2ms]
[2022-08-18T16:34:34.110Z] > git for-each-ref --sort -committerdate --format %(refname) %(objectname) %(*objectname) [8ms]
[2022-08-18T16:34:34.111Z] > git remote --verbose [2ms]
[2022-08-18T16:34:34.124Z] > git config --get commit.template [2ms]
[2022-08-18T16:35:20.298Z] > git check-ignore -v -z --stdin [2ms]
[2022-08-18T16:35:20.651Z] > git status -z -uall [3ms]
[2022-08-18T16:35:20.657Z] > git symbolic-ref --short HEAD [0ms]
[2022-08-18T16:35:20.666Z] > git for-each-ref --format=%(refname)%00%(upstream:short)%00%(objectname)%00%(upstream:track)%00%(upstream:remotename)%00%(upstream:remoteref) refs/heads/master refs/remotes/master [2ms]
[2022-08-18T16:35:20.678Z] > git for-each-ref --sort -committerdate --format %(refname) %(objectname) %(*objectname) [6ms]
[2022-08-18T16:35:20.679Z] > git remote --verbose [1ms]
[2022-08-18T16:35:20.686Z] > git config --get commit.template [1ms]
[2022-08-18T16:43:15.886Z] > git status -z -uall [2ms]
[2022-08-18T16:43:15.894Z] > git symbolic-ref --short HEAD [2ms]
[2022-08-18T16:43:15.899Z] > git for-each-ref --format=%(refname)%00%(upstream:short)%00%(objectname)%00%(upstream:track)%00%(upstream:remotename)%00%(upstream:remoteref) refs/heads/master refs/remotes/master [1ms]
[2022-08-18T16:43:15.908Z] > git for-each-ref --sort -committerdate --format %(refname) %(objectname) %(*objectname) [4ms]
[2022-08-18T16:43:15.908Z] > git remote --verbose [1ms]
[2022-08-18T16:43:15.915Z] > git config --get commit.template [1ms]
[2022-08-18T16:44:31.347Z] > git status -z -uall [2ms]
[2022-08-18T16:44:31.352Z] > git symbolic-ref --short HEAD [0ms]
[2022-08-18T16:44:31.358Z] > git for-each-ref --format=%(refname)%00%(upstream:short)%00%(objectname)%00%(upstream:track)%00%(upstream:remotename)%00%(upstream:remoteref) refs/heads/master refs/remotes/master [1ms]
[2022-08-18T16:44:31.368Z] > git for-each-ref --sort -committerdate --format %(refname) %(objectname) %(*objectname) [5ms]
[2022-08-18T16:44:31.368Z] > git remote --verbose [1ms]
[2022-08-18T16:44:31.374Z] > git config --get commit.template [1ms]
[2022-08-18T16:45:04.920Z] > git status -z -uall [3ms]
[2022-08-18T16:45:04.931Z] > git symbolic-ref --short HEAD [2ms]
[2022-08-18T16:45:04.941Z] > git for-each-ref --format=%(refname)%00%(upstream:short)%00%(objectname)%00%(upstream:track)%00%(upstream:remotename)%00%(upstream:remoteref) refs/heads/master refs/remotes/master [2ms]
[2022-08-18T16:45:04.954Z] > git for-each-ref --sort -committerdate --format %(refname) %(objectname) %(*objectname) [6ms]
[2022-08-18T16:45:04.954Z] > git remote --verbose [1ms]
[2022-08-18T16:45:04.961Z] > git config --get commit.template [1ms]
[2022-08-18T16:45:11.597Z] > git status -z -uall [1ms]
[2022-08-18T16:45:11.602Z] > git symbolic-ref --short HEAD [1ms]
[2022-08-18T16:45:11.607Z] > git for-each-ref --format=%(refname)%00%(upstream:short)%00%(objectname)%00%(upstream:track)%00%(upstream:remotename)%00%(upstream:remoteref) refs/heads/master refs/remotes/master [1ms]
[2022-08-18T16:45:11.615Z] > git for-each-ref --sort -committerdate --format %(refname) %(objectname) %(*objectname) [4ms]
[2022-08-18T16:45:11.616Z] > git remote --verbose [1ms]
[2022-08-18T16:45:11.621Z] > git config --get commit.template [1ms]
[2022-08-18T16:45:41.744Z] > git status -z -uall [2ms]
[2022-08-18T16:45:41.753Z] > git symbolic-ref --short HEAD [1ms]
[2022-08-18T16:45:41.762Z] > git for-each-ref --format=%(refname)%00%(upstream:short)%00%(objectname)%00%(upstream:track)%00%(upstream:remotename)%00%(upstream:remoteref) refs/heads/master refs/remotes/master [2ms]
[2022-08-18T16:45:41.772Z] > git for-each-ref --sort -committerdate --format %(refname) %(objectname) %(*objectname) [6ms]
[2022-08-18T16:45:41.772Z] > git remote --verbose [0ms]
[2022-08-18T16:45:41.780Z] > git config --get commit.template [1ms]
