[2022-08-20T05:29:28.831Z] Уровень ведения журнала: Info
[2022-08-20T05:29:28.833Z] [info] Проверка найденного git в:git
[2022-08-20T05:29:28.886Z] [info] Используется git 2.34.1 из git
[2022-08-20T05:29:28.934Z] > git rev-parse --show-toplevel [38ms]
[2022-08-20T05:29:28.934Z] fatal: not a git repository (or any of the parent directories): .git
[2022-08-20T05:29:28.994Z] > git rev-parse --show-toplevel [46ms]
[2022-08-20T05:29:29.026Z] > git rev-parse --git-dir --git-common-dir [26ms]
[2022-08-20T05:29:29.029Z] [info] Open repository: /home/aibarchyn/bots/rick_morty_bot
[2022-08-20T05:29:29.049Z] > git status -z -uall [12ms]
[2022-08-20T05:29:29.056Z] > git rev-parse --show-toplevel [11ms]
[2022-08-20T05:29:29.056Z] fatal: not a git repository (or any of the parent directories): .git
[2022-08-20T05:29:29.070Z] > git symbolic-ref --short HEAD [14ms]
[2022-08-20T05:29:29.083Z] > git rev-parse --show-toplevel [15ms]
[2022-08-20T05:29:29.083Z] fatal: not a git repository (or any of the parent directories): .git
[2022-08-20T05:29:29.092Z] > git for-each-ref --format=%(refname)%00%(upstream:short)%00%(objectname)%00%(upstream:track)%00%(upstream:remotename)%00%(upstream:remoteref) refs/heads/master refs/remotes/master [10ms]
[2022-08-20T05:29:29.128Z] > git for-each-ref --sort -committerdate --format %(refname) %(objectname) %(*objectname) [25ms]
[2022-08-20T05:29:29.129Z] > git remote --verbose [15ms]
[2022-08-20T05:29:29.163Z] > git config --get commit.template [22ms]
[2022-08-20T05:29:29.177Z] > git status -z -uall [4ms]
[2022-08-20T05:29:29.223Z] > git symbolic-ref --short HEAD [33ms]
[2022-08-20T05:29:29.239Z] > git for-each-ref --format=%(refname)%00%(upstream:short)%00%(objectname)%00%(upstream:track)%00%(upstream:remotename)%00%(upstream:remoteref) refs/heads/master refs/remotes/master [6ms]
[2022-08-20T05:29:29.259Z] > git for-each-ref --sort -committerdate --format %(refname) %(objectname) %(*objectname) [11ms]
[2022-08-20T05:29:29.273Z] > git remote --verbose [16ms]
[2022-08-20T05:29:29.322Z] > git config --get commit.template [8ms]
[2022-08-20T05:29:29.624Z] > git show --textconv :bot.py [29ms]
[2022-08-20T05:29:29.624Z] > git ls-files --stage -- /home/aibarchyn/bots/rick_morty_bot/bot.py [14ms]
[2022-08-20T05:29:29.646Z] > git check-ignore -v -z --stdin [23ms]
[2022-08-20T05:29:29.647Z] > git cat-file -s 8495f2d8e528034de523df73a9c55f6e3bfab5c8 [2ms]
[2022-08-20T05:29:32.712Z] > git show --textconv :character.py [15ms]
[2022-08-20T05:29:32.715Z] > git ls-files --stage -- /home/aibarchyn/bots/rick_morty_bot/character.py [4ms]
[2022-08-20T05:29:32.730Z] > git cat-file -s fb15f789db0c9f217b796bf0ab4ef50ffc00ae3f [3ms]
