[2022-08-16 09:41:27.973] [exthost] [info] Extension host with pid 3593 started
[2022-08-16 09:41:27.973] [exthost] [info] Skipping acquiring lock for /home/aibarchyn/.config/Code/User/workspaceStorage/d23d4dd809709917e3da5027505ed00e.
[2022-08-16 09:41:28.187] [exthost] [info] ExtensionService#_doActivateExtension ms-python.python, startup: false, activationEvent: 'onLanguage:python'
[2022-08-16 09:41:28.299] [exthost] [info] ExtensionService#_doActivateExtension ms-toolsai.jupyter, startup: false, activationEvent: 'onLanguage:python'
[2022-08-16 09:41:28.464] [exthost] [info] ExtensionService#_doActivateExtension vscode.microsoft-authentication, startup: false, activationEvent: 'onAuthenticationRequest:microsoft'
[2022-08-16 09:41:28.491] [exthost] [info] ExtensionService#_doActivateExtension vscode.debug-auto-launch, startup: true, activationEvent: '*'
[2022-08-16 09:41:28.494] [exthost] [info] ExtensionService#_doActivateExtension vscode.git-base, startup: true, activationEvent: '*', root cause: vscode.git
[2022-08-16 09:41:28.497] [exthost] [info] ExtensionService#_doActivateExtension vscode.ipynb, startup: true, activationEvent: '*'
[2022-08-16 09:41:28.996] [exthost] [info] ExtensionService#_doActivateExtension vscode.git, startup: true, activationEvent: '*'
[2022-08-16 09:41:29.016] [exthost] [info] ExtensionService#_doActivateExtension vscode.github, startup: true, activationEvent: '*'
[2022-08-16 09:41:29.022] [exthost] [info] ExtensionService#_doActivateExtension ms-toolsai.jupyter-renderers, startup: false, activationEvent: 'api', root cause: ms-toolsai.jupyter
[2022-08-16 09:41:29.103] [exthost] [info] ExtensionService#_doActivateExtension ms-python.vscode-pylance, startup: false, activationEvent: 'onLanguage:python'
[2022-08-16 09:41:29.158] [exthost] [info] Eager extensions activated
[2022-08-16 09:41:29.187] [exthost] [info] ExtensionService#_doActivateExtension vscode.emmet, startup: false, activationEvent: 'onStartupFinished'
[2022-08-16 09:41:29.195] [exthost] [info] ExtensionService#_doActivateExtension vscode.merge-conflict, startup: false, activationEvent: 'onStartupFinished'
[2022-08-16 09:41:29.197] [exthost] [info] ExtensionService#_doActivateExtension PKief.material-icon-theme, startup: false, activationEvent: 'onStartupFinished'
[2022-08-16 09:41:29.204] [exthost] [info] ExtensionService#_doActivateExtension vscode.github-authentication, startup: false, activationEvent: 'onAuthenticationRequest:github'
[2022-08-16 09:41:29.457] [exthost] [info] ExtensionService#_doActivateExtension vscode.configuration-editing, startup: false, activationEvent: 'onLanguage:jsonc'
[2022-08-16 09:41:29.459] [exthost] [info] ExtensionService#_doActivateExtension vscode.json-language-features, startup: false, activationEvent: 'onLanguage:jsonc'
[2022-08-16 09:41:29.472] [exthost] [info] ExtensionService#_doActivateExtension vscode.typescript-language-features, startup: false, activationEvent: 'onLanguage:jsonc'
[2022-08-16 11:13:50.385] [exthost] [info] Extension host terminating: received terminate message from renderer
[2022-08-16 11:13:50.429] [exthost] [info] Extension host with pid 3593 exiting with code 0
[2022-08-16 11:13:51.963] [exthost] [info] Extension host with pid 6560 started
[2022-08-16 11:13:51.963] [exthost] [info] Skipping acquiring lock for /home/aibarchyn/.config/Code/User/workspaceStorage/f4db121191945487a1077eb8e999b99e.
[2022-08-16 11:13:52.167] [exthost] [info] ExtensionService#_doActivateExtension vscode.microsoft-authentication, startup: false, activationEvent: 'onAuthenticationRequest:microsoft'
[2022-08-16 11:13:52.184] [exthost] [info] ExtensionService#_doActivateExtension vscode.debug-auto-launch, startup: true, activationEvent: '*'
[2022-08-16 11:13:52.186] [exthost] [info] ExtensionService#_doActivateExtension vscode.git-base, startup: true, activationEvent: '*', root cause: vscode.git
[2022-08-16 11:13:52.188] [exthost] [info] ExtensionService#_doActivateExtension vscode.ipynb, startup: true, activationEvent: '*'
[2022-08-16 11:13:52.225] [exthost] [info] ExtensionService#_doActivateExtension vscode.git, startup: true, activationEvent: '*'
[2022-08-16 11:13:52.252] [exthost] [info] ExtensionService#_doActivateExtension vscode.github, startup: true, activationEvent: '*'
[2022-08-16 11:13:52.376] [exthost] [info] Eager extensions activated
[2022-08-16 11:13:52.388] [exthost] [info] ExtensionService#_doActivateExtension vscode.emmet, startup: false, activationEvent: 'onStartupFinished'
[2022-08-16 11:13:52.392] [exthost] [info] ExtensionService#_doActivateExtension vscode.merge-conflict, startup: false, activationEvent: 'onStartupFinished'
[2022-08-16 11:13:52.393] [exthost] [info] ExtensionService#_doActivateExtension PKief.material-icon-theme, startup: false, activationEvent: 'onStartupFinished'
[2022-08-16 11:13:52.404] [exthost] [info] ExtensionService#_doActivateExtension vscode.github-authentication, startup: false, activationEvent: 'onAuthenticationRequest:github'
[2022-08-16 11:14:41.241] [exthost] [info] ExtensionService#_doActivateExtension ms-python.python, startup: false, activationEvent: 'onLanguage:python'
[2022-08-16 11:14:41.406] [exthost] [info] ExtensionService#_doActivateExtension ms-toolsai.jupyter, startup: false, activationEvent: 'onLanguage:python'
[2022-08-16 11:14:41.945] [exthost] [info] ExtensionService#_doActivateExtension ms-toolsai.jupyter-renderers, startup: false, activationEvent: 'api', root cause: ms-toolsai.jupyter
[2022-08-16 11:14:42.010] [exthost] [info] ExtensionService#_doActivateExtension ms-python.vscode-pylance, startup: false, activationEvent: 'onLanguage:python'
[2022-08-16 11:14:42.323] [exthost] [info] ExtensionService#_doActivateExtension vscode.configuration-editing, startup: false, activationEvent: 'onLanguage:jsonc'
[2022-08-16 11:14:42.326] [exthost] [info] ExtensionService#_doActivateExtension vscode.json-language-features, startup: false, activationEvent: 'onLanguage:jsonc'
[2022-08-16 11:14:42.338] [exthost] [info] ExtensionService#_doActivateExtension vscode.typescript-language-features, startup: false, activationEvent: 'onLanguage:jsonc'
[2022-08-16 11:34:03.879] [exthost] [error] [ms-python.python] provider FAILED
[2022-08-16 11:34:03.879] [exthost] [error] Error: name must not be falsy
	at Function.validate (/snap/code/104/usr/share/code/resources/app/out/vs/workbench/api/node/extensionHostProcess.js:78:101175)
	at new t (/snap/code/104/usr/share/code/resources/app/out/vs/workbench/api/node/extensionHostProcess.js:78:101124)
	at new t (/snap/code/104/usr/share/code/resources/app/out/vs/workbench/api/node/extensionHostProcess.js:78:86652)
	at G (/home/aibarchyn/.vscode/extensions/ms-python.python-2022.12.0/out/client/extension.js:2:2297898)
	at c (/home/aibarchyn/.vscode/extensions/ms-python.python-2022.12.0/out/client/extension.js:2:2335083)
	at Object.t.map (/home/aibarchyn/.vscode/extensions/ms-python.python-2022.12.0/out/client/extension.js:2:2335169)
	at Object.asDocumentSymbols (/home/aibarchyn/.vscode/extensions/ms-python.python-2022.12.0/out/client/extension.js:2:2305716)
	at /home/aibarchyn/.vscode/extensions/ms-python.python-2022.12.0/out/client/extension.js:2:2244261
	at async a.provideDocumentSymbols (/snap/code/104/usr/share/code/resources/app/out/vs/workbench/api/node/extensionHostProcess.js:87:37442)
[2022-08-16 11:34:06.921] [exthost] [error] [ms-python.python] provider FAILED
[2022-08-16 11:34:06.921] [exthost] [error] Error: name must not be falsy
	at Function.validate (/snap/code/104/usr/share/code/resources/app/out/vs/workbench/api/node/extensionHostProcess.js:78:101175)
	at new t (/snap/code/104/usr/share/code/resources/app/out/vs/workbench/api/node/extensionHostProcess.js:78:101124)
	at new t (/snap/code/104/usr/share/code/resources/app/out/vs/workbench/api/node/extensionHostProcess.js:78:86652)
	at G (/home/aibarchyn/.vscode/extensions/ms-python.python-2022.12.0/out/client/extension.js:2:2297898)
	at c (/home/aibarchyn/.vscode/extensions/ms-python.python-2022.12.0/out/client/extension.js:2:2335083)
	at Object.t.map (/home/aibarchyn/.vscode/extensions/ms-python.python-2022.12.0/out/client/extension.js:2:2335169)
	at Object.asDocumentSymbols (/home/aibarchyn/.vscode/extensions/ms-python.python-2022.12.0/out/client/extension.js:2:2305716)
	at /home/aibarchyn/.vscode/extensions/ms-python.python-2022.12.0/out/client/extension.js:2:2244261
	at async a.provideDocumentSymbols (/snap/code/104/usr/share/code/resources/app/out/vs/workbench/api/node/extensionHostProcess.js:87:37442)
[2022-08-16 11:34:07.307] [exthost] [error] [ms-python.python] provider FAILED
[2022-08-16 11:34:07.307] [exthost] [error] Error: name must not be falsy
	at Function.validate (/snap/code/104/usr/share/code/resources/app/out/vs/workbench/api/node/extensionHostProcess.js:78:101175)
	at new t (/snap/code/104/usr/share/code/resources/app/out/vs/workbench/api/node/extensionHostProcess.js:78:101124)
	at new t (/snap/code/104/usr/share/code/resources/app/out/vs/workbench/api/node/extensionHostProcess.js:78:86652)
	at G (/home/aibarchyn/.vscode/extensions/ms-python.python-2022.12.0/out/client/extension.js:2:2297898)
	at c (/home/aibarchyn/.vscode/extensions/ms-python.python-2022.12.0/out/client/extension.js:2:2335083)
	at Object.t.map (/home/aibarchyn/.vscode/extensions/ms-python.python-2022.12.0/out/client/extension.js:2:2335169)
	at Object.asDocumentSymbols (/home/aibarchyn/.vscode/extensions/ms-python.python-2022.12.0/out/client/extension.js:2:2305716)
	at /home/aibarchyn/.vscode/extensions/ms-python.python-2022.12.0/out/client/extension.js:2:2244261
	at async a.provideDocumentSymbols (/snap/code/104/usr/share/code/resources/app/out/vs/workbench/api/node/extensionHostProcess.js:87:37442)
[2022-08-16 11:34:08.189] [exthost] [error] [ms-python.python] provider FAILED
[2022-08-16 11:34:08.189] [exthost] [error] Error: name must not be falsy
	at Function.validate (/snap/code/104/usr/share/code/resources/app/out/vs/workbench/api/node/extensionHostProcess.js:78:101175)
	at new t (/snap/code/104/usr/share/code/resources/app/out/vs/workbench/api/node/extensionHostProcess.js:78:101124)
	at new t (/snap/code/104/usr/share/code/resources/app/out/vs/workbench/api/node/extensionHostProcess.js:78:86652)
	at G (/home/aibarchyn/.vscode/extensions/ms-python.python-2022.12.0/out/client/extension.js:2:2297898)
	at c (/home/aibarchyn/.vscode/extensions/ms-python.python-2022.12.0/out/client/extension.js:2:2335083)
	at Object.t.map (/home/aibarchyn/.vscode/extensions/ms-python.python-2022.12.0/out/client/extension.js:2:2335169)
	at Object.asDocumentSymbols (/home/aibarchyn/.vscode/extensions/ms-python.python-2022.12.0/out/client/extension.js:2:2305716)
	at /home/aibarchyn/.vscode/extensions/ms-python.python-2022.12.0/out/client/extension.js:2:2244261
	at async a.provideDocumentSymbols (/snap/code/104/usr/share/code/resources/app/out/vs/workbench/api/node/extensionHostProcess.js:87:37442)
[2022-08-16 11:34:09.499] [exthost] [error] [ms-python.python] provider FAILED
[2022-08-16 11:34:09.500] [exthost] [error] Error: name must not be falsy
	at Function.validate (/snap/code/104/usr/share/code/resources/app/out/vs/workbench/api/node/extensionHostProcess.js:78:101175)
	at new t (/snap/code/104/usr/share/code/resources/app/out/vs/workbench/api/node/extensionHostProcess.js:78:101124)
	at new t (/snap/code/104/usr/share/code/resources/app/out/vs/workbench/api/node/extensionHostProcess.js:78:86652)
	at G (/home/aibarchyn/.vscode/extensions/ms-python.python-2022.12.0/out/client/extension.js:2:2297898)
	at c (/home/aibarchyn/.vscode/extensions/ms-python.python-2022.12.0/out/client/extension.js:2:2335083)
	at Object.t.map (/home/aibarchyn/.vscode/extensions/ms-python.python-2022.12.0/out/client/extension.js:2:2335169)
	at Object.asDocumentSymbols (/home/aibarchyn/.vscode/extensions/ms-python.python-2022.12.0/out/client/extension.js:2:2305716)
	at /home/aibarchyn/.vscode/extensions/ms-python.python-2022.12.0/out/client/extension.js:2:2244261
	at async a.provideDocumentSymbols (/snap/code/104/usr/share/code/resources/app/out/vs/workbench/api/node/extensionHostProcess.js:87:37442)
[2022-08-16 11:34:11.295] [exthost] [error] [ms-python.python] provider FAILED
[2022-08-16 11:34:11.296] [exthost] [error] Error: name must not be falsy
	at Function.validate (/snap/code/104/usr/share/code/resources/app/out/vs/workbench/api/node/extensionHostProcess.js:78:101175)
	at new t (/snap/code/104/usr/share/code/resources/app/out/vs/workbench/api/node/extensionHostProcess.js:78:101124)
	at new t (/snap/code/104/usr/share/code/resources/app/out/vs/workbench/api/node/extensionHostProcess.js:78:86652)
	at G (/home/aibarchyn/.vscode/extensions/ms-python.python-2022.12.0/out/client/extension.js:2:2297898)
	at c (/home/aibarchyn/.vscode/extensions/ms-python.python-2022.12.0/out/client/extension.js:2:2335083)
	at Object.t.map (/home/aibarchyn/.vscode/extensions/ms-python.python-2022.12.0/out/client/extension.js:2:2335169)
	at Object.asDocumentSymbols (/home/aibarchyn/.vscode/extensions/ms-python.python-2022.12.0/out/client/extension.js:2:2305716)
	at /home/aibarchyn/.vscode/extensions/ms-python.python-2022.12.0/out/client/extension.js:2:2244261
	at async a.provideDocumentSymbols (/snap/code/104/usr/share/code/resources/app/out/vs/workbench/api/node/extensionHostProcess.js:87:37442)
[2022-08-16 11:34:12.403] [exthost] [error] [ms-python.python] provider FAILED
[2022-08-16 11:34:12.403] [exthost] [error] Error: name must not be falsy
	at Function.validate (/snap/code/104/usr/share/code/resources/app/out/vs/workbench/api/node/extensionHostProcess.js:78:101175)
	at new t (/snap/code/104/usr/share/code/resources/app/out/vs/workbench/api/node/extensionHostProcess.js:78:101124)
	at new t (/snap/code/104/usr/share/code/resources/app/out/vs/workbench/api/node/extensionHostProcess.js:78:86652)
	at G (/home/aibarchyn/.vscode/extensions/ms-python.python-2022.12.0/out/client/extension.js:2:2297898)
	at c (/home/aibarchyn/.vscode/extensions/ms-python.python-2022.12.0/out/client/extension.js:2:2335083)
	at Object.t.map (/home/aibarchyn/.vscode/extensions/ms-python.python-2022.12.0/out/client/extension.js:2:2335169)
	at Object.asDocumentSymbols (/home/aibarchyn/.vscode/extensions/ms-python.python-2022.12.0/out/client/extension.js:2:2305716)
	at /home/aibarchyn/.vscode/extensions/ms-python.python-2022.12.0/out/client/extension.js:2:2244261
	at async a.provideDocumentSymbols (/snap/code/104/usr/share/code/resources/app/out/vs/workbench/api/node/extensionHostProcess.js:87:37442)
[2022-08-16 11:34:12.804] [exthost] [error] [ms-python.python] provider FAILED
[2022-08-16 11:34:12.804] [exthost] [error] Error: name must not be falsy
	at Function.validate (/snap/code/104/usr/share/code/resources/app/out/vs/workbench/api/node/extensionHostProcess.js:78:101175)
	at new t (/snap/code/104/usr/share/code/resources/app/out/vs/workbench/api/node/extensionHostProcess.js:78:101124)
	at new t (/snap/code/104/usr/share/code/resources/app/out/vs/workbench/api/node/extensionHostProcess.js:78:86652)
	at G (/home/aibarchyn/.vscode/extensions/ms-python.python-2022.12.0/out/client/extension.js:2:2297898)
	at c (/home/aibarchyn/.vscode/extensions/ms-python.python-2022.12.0/out/client/extension.js:2:2335083)
	at Object.t.map (/home/aibarchyn/.vscode/extensions/ms-python.python-2022.12.0/out/client/extension.js:2:2335169)
	at Object.asDocumentSymbols (/home/aibarchyn/.vscode/extensions/ms-python.python-2022.12.0/out/client/extension.js:2:2305716)
	at /home/aibarchyn/.vscode/extensions/ms-python.python-2022.12.0/out/client/extension.js:2:2244261
	at async a.provideDocumentSymbols (/snap/code/104/usr/share/code/resources/app/out/vs/workbench/api/node/extensionHostProcess.js:87:37442)
[2022-08-16 11:34:15.255] [exthost] [error] [ms-python.python] provider FAILED
[2022-08-16 11:34:15.255] [exthost] [error] Error: name must not be falsy
	at Function.validate (/snap/code/104/usr/share/code/resources/app/out/vs/workbench/api/node/extensionHostProcess.js:78:101175)
	at new t (/snap/code/104/usr/share/code/resources/app/out/vs/workbench/api/node/extensionHostProcess.js:78:101124)
	at new t (/snap/code/104/usr/share/code/resources/app/out/vs/workbench/api/node/extensionHostProcess.js:78:86652)
	at G (/home/aibarchyn/.vscode/extensions/ms-python.python-2022.12.0/out/client/extension.js:2:2297898)
	at c (/home/aibarchyn/.vscode/extensions/ms-python.python-2022.12.0/out/client/extension.js:2:2335083)
	at Object.t.map (/home/aibarchyn/.vscode/extensions/ms-python.python-2022.12.0/out/client/extension.js:2:2335169)
	at Object.asDocumentSymbols (/home/aibarchyn/.vscode/extensions/ms-python.python-2022.12.0/out/client/extension.js:2:2305716)
	at /home/aibarchyn/.vscode/extensions/ms-python.python-2022.12.0/out/client/extension.js:2:2244261
	at async a.provideDocumentSymbols (/snap/code/104/usr/share/code/resources/app/out/vs/workbench/api/node/extensionHostProcess.js:87:37442)
[2022-08-16 11:34:18.444] [exthost] [error] [ms-python.python] provider FAILED
[2022-08-16 11:34:18.444] [exthost] [error] Error: name must not be falsy
	at Function.validate (/snap/code/104/usr/share/code/resources/app/out/vs/workbench/api/node/extensionHostProcess.js:78:101175)
	at new t (/snap/code/104/usr/share/code/resources/app/out/vs/workbench/api/node/extensionHostProcess.js:78:101124)
	at new t (/snap/code/104/usr/share/code/resources/app/out/vs/workbench/api/node/extensionHostProcess.js:78:86652)
	at G (/home/aibarchyn/.vscode/extensions/ms-python.python-2022.12.0/out/client/extension.js:2:2297898)
	at c (/home/aibarchyn/.vscode/extensions/ms-python.python-2022.12.0/out/client/extension.js:2:2335083)
	at Object.t.map (/home/aibarchyn/.vscode/extensions/ms-python.python-2022.12.0/out/client/extension.js:2:2335169)
	at Object.asDocumentSymbols (/home/aibarchyn/.vscode/extensions/ms-python.python-2022.12.0/out/client/extension.js:2:2305716)
	at /home/aibarchyn/.vscode/extensions/ms-python.python-2022.12.0/out/client/extension.js:2:2244261
	at async a.provideDocumentSymbols (/snap/code/104/usr/share/code/resources/app/out/vs/workbench/api/node/extensionHostProcess.js:87:37442)
[2022-08-16 11:34:19.707] [exthost] [error] [ms-python.python] provider FAILED
[2022-08-16 11:34:19.707] [exthost] [error] Error: name must not be falsy
	at Function.validate (/snap/code/104/usr/share/code/resources/app/out/vs/workbench/api/node/extensionHostProcess.js:78:101175)
	at new t (/snap/code/104/usr/share/code/resources/app/out/vs/workbench/api/node/extensionHostProcess.js:78:101124)
	at new t (/snap/code/104/usr/share/code/resources/app/out/vs/workbench/api/node/extensionHostProcess.js:78:86652)
	at G (/home/aibarchyn/.vscode/extensions/ms-python.python-2022.12.0/out/client/extension.js:2:2297898)
	at c (/home/aibarchyn/.vscode/extensions/ms-python.python-2022.12.0/out/client/extension.js:2:2335083)
	at Object.t.map (/home/aibarchyn/.vscode/extensions/ms-python.python-2022.12.0/out/client/extension.js:2:2335169)
	at Object.asDocumentSymbols (/home/aibarchyn/.vscode/extensions/ms-python.python-2022.12.0/out/client/extension.js:2:2305716)
	at /home/aibarchyn/.vscode/extensions/ms-python.python-2022.12.0/out/client/extension.js:2:2244261
	at async a.provideDocumentSymbols (/snap/code/104/usr/share/code/resources/app/out/vs/workbench/api/node/extensionHostProcess.js:87:37442)
[2022-08-16 11:34:20.446] [exthost] [error] [ms-python.python] provider FAILED
[2022-08-16 11:34:20.446] [exthost] [error] Error: name must not be falsy
	at Function.validate (/snap/code/104/usr/share/code/resources/app/out/vs/workbench/api/node/extensionHostProcess.js:78:101175)
	at new t (/snap/code/104/usr/share/code/resources/app/out/vs/workbench/api/node/extensionHostProcess.js:78:101124)
	at new t (/snap/code/104/usr/share/code/resources/app/out/vs/workbench/api/node/extensionHostProcess.js:78:86652)
	at G (/home/aibarchyn/.vscode/extensions/ms-python.python-2022.12.0/out/client/extension.js:2:2297898)
	at c (/home/aibarchyn/.vscode/extensions/ms-python.python-2022.12.0/out/client/extension.js:2:2335083)
	at Object.t.map (/home/aibarchyn/.vscode/extensions/ms-python.python-2022.12.0/out/client/extension.js:2:2335169)
	at Object.asDocumentSymbols (/home/aibarchyn/.vscode/extensions/ms-python.python-2022.12.0/out/client/extension.js:2:2305716)
	at /home/aibarchyn/.vscode/extensions/ms-python.python-2022.12.0/out/client/extension.js:2:2244261
	at async a.provideDocumentSymbols (/snap/code/104/usr/share/code/resources/app/out/vs/workbench/api/node/extensionHostProcess.js:87:37442)
[2022-08-16 11:34:21.336] [exthost] [error] [ms-python.python] provider FAILED
[2022-08-16 11:34:21.337] [exthost] [error] Error: name must not be falsy
	at Function.validate (/snap/code/104/usr/share/code/resources/app/out/vs/workbench/api/node/extensionHostProcess.js:78:101175)
	at new t (/snap/code/104/usr/share/code/resources/app/out/vs/workbench/api/node/extensionHostProcess.js:78:101124)
	at new t (/snap/code/104/usr/share/code/resources/app/out/vs/workbench/api/node/extensionHostProcess.js:78:86652)
	at G (/home/aibarchyn/.vscode/extensions/ms-python.python-2022.12.0/out/client/extension.js:2:2297898)
	at c (/home/aibarchyn/.vscode/extensions/ms-python.python-2022.12.0/out/client/extension.js:2:2335083)
	at Object.t.map (/home/aibarchyn/.vscode/extensions/ms-python.python-2022.12.0/out/client/extension.js:2:2335169)
	at Object.asDocumentSymbols (/home/aibarchyn/.vscode/extensions/ms-python.python-2022.12.0/out/client/extension.js:2:2305716)
	at /home/aibarchyn/.vscode/extensions/ms-python.python-2022.12.0/out/client/extension.js:2:2244261
	at async a.provideDocumentSymbols (/snap/code/104/usr/share/code/resources/app/out/vs/workbench/api/node/extensionHostProcess.js:87:37442)
[2022-08-16 11:34:22.322] [exthost] [error] [ms-python.python] provider FAILED
[2022-08-16 11:34:22.322] [exthost] [error] Error: name must not be falsy
	at Function.validate (/snap/code/104/usr/share/code/resources/app/out/vs/workbench/api/node/extensionHostProcess.js:78:101175)
	at new t (/snap/code/104/usr/share/code/resources/app/out/vs/workbench/api/node/extensionHostProcess.js:78:101124)
	at new t (/snap/code/104/usr/share/code/resources/app/out/vs/workbench/api/node/extensionHostProcess.js:78:86652)
	at G (/home/aibarchyn/.vscode/extensions/ms-python.python-2022.12.0/out/client/extension.js:2:2297898)
	at c (/home/aibarchyn/.vscode/extensions/ms-python.python-2022.12.0/out/client/extension.js:2:2335083)
	at Object.t.map (/home/aibarchyn/.vscode/extensions/ms-python.python-2022.12.0/out/client/extension.js:2:2335169)
	at Object.asDocumentSymbols (/home/aibarchyn/.vscode/extensions/ms-python.python-2022.12.0/out/client/extension.js:2:2305716)
	at /home/aibarchyn/.vscode/extensions/ms-python.python-2022.12.0/out/client/extension.js:2:2244261
	at async a.provideDocumentSymbols (/snap/code/104/usr/share/code/resources/app/out/vs/workbench/api/node/extensionHostProcess.js:87:37442)
[2022-08-16 11:34:23.460] [exthost] [error] [ms-python.python] provider FAILED
[2022-08-16 11:34:23.460] [exthost] [error] Error: name must not be falsy
	at Function.validate (/snap/code/104/usr/share/code/resources/app/out/vs/workbench/api/node/extensionHostProcess.js:78:101175)
	at new t (/snap/code/104/usr/share/code/resources/app/out/vs/workbench/api/node/extensionHostProcess.js:78:101124)
	at new t (/snap/code/104/usr/share/code/resources/app/out/vs/workbench/api/node/extensionHostProcess.js:78:86652)
	at G (/home/aibarchyn/.vscode/extensions/ms-python.python-2022.12.0/out/client/extension.js:2:2297898)
	at c (/home/aibarchyn/.vscode/extensions/ms-python.python-2022.12.0/out/client/extension.js:2:2335083)
	at Object.t.map (/home/aibarchyn/.vscode/extensions/ms-python.python-2022.12.0/out/client/extension.js:2:2335169)
	at Object.asDocumentSymbols (/home/aibarchyn/.vscode/extensions/ms-python.python-2022.12.0/out/client/extension.js:2:2305716)
	at /home/aibarchyn/.vscode/extensions/ms-python.python-2022.12.0/out/client/extension.js:2:2244261
	at async a.provideDocumentSymbols (/snap/code/104/usr/share/code/resources/app/out/vs/workbench/api/node/extensionHostProcess.js:87:37442)
[2022-08-16 11:34:26.683] [exthost] [error] [ms-python.python] provider FAILED
[2022-08-16 11:34:26.683] [exthost] [error] Error: name must not be falsy
	at Function.validate (/snap/code/104/usr/share/code/resources/app/out/vs/workbench/api/node/extensionHostProcess.js:78:101175)
	at new t (/snap/code/104/usr/share/code/resources/app/out/vs/workbench/api/node/extensionHostProcess.js:78:101124)
	at new t (/snap/code/104/usr/share/code/resources/app/out/vs/workbench/api/node/extensionHostProcess.js:78:86652)
	at G (/home/aibarchyn/.vscode/extensions/ms-python.python-2022.12.0/out/client/extension.js:2:2297898)
	at c (/home/aibarchyn/.vscode/extensions/ms-python.python-2022.12.0/out/client/extension.js:2:2335083)
	at Object.t.map (/home/aibarchyn/.vscode/extensions/ms-python.python-2022.12.0/out/client/extension.js:2:2335169)
	at Object.asDocumentSymbols (/home/aibarchyn/.vscode/extensions/ms-python.python-2022.12.0/out/client/extension.js:2:2305716)
	at /home/aibarchyn/.vscode/extensions/ms-python.python-2022.12.0/out/client/extension.js:2:2244261
	at async a.provideDocumentSymbols (/snap/code/104/usr/share/code/resources/app/out/vs/workbench/api/node/extensionHostProcess.js:87:37442)
[2022-08-16 11:34:27.641] [exthost] [error] [ms-python.python] provider FAILED
[2022-08-16 11:34:27.642] [exthost] [error] Error: name must not be falsy
	at Function.validate (/snap/code/104/usr/share/code/resources/app/out/vs/workbench/api/node/extensionHostProcess.js:78:101175)
	at new t (/snap/code/104/usr/share/code/resources/app/out/vs/workbench/api/node/extensionHostProcess.js:78:101124)
	at new t (/snap/code/104/usr/share/code/resources/app/out/vs/workbench/api/node/extensionHostProcess.js:78:86652)
	at G (/home/aibarchyn/.vscode/extensions/ms-python.python-2022.12.0/out/client/extension.js:2:2297898)
	at c (/home/aibarchyn/.vscode/extensions/ms-python.python-2022.12.0/out/client/extension.js:2:2335083)
	at Object.t.map (/home/aibarchyn/.vscode/extensions/ms-python.python-2022.12.0/out/client/extension.js:2:2335169)
	at Object.asDocumentSymbols (/home/aibarchyn/.vscode/extensions/ms-python.python-2022.12.0/out/client/extension.js:2:2305716)
	at /home/aibarchyn/.vscode/extensions/ms-python.python-2022.12.0/out/client/extension.js:2:2244261
	at async a.provideDocumentSymbols (/snap/code/104/usr/share/code/resources/app/out/vs/workbench/api/node/extensionHostProcess.js:87:37442)
[2022-08-16 11:34:28.048] [exthost] [error] [ms-python.python] provider FAILED
[2022-08-16 11:34:28.048] [exthost] [error] Error: name must not be falsy
	at Function.validate (/snap/code/104/usr/share/code/resources/app/out/vs/workbench/api/node/extensionHostProcess.js:78:101175)
	at new t (/snap/code/104/usr/share/code/resources/app/out/vs/workbench/api/node/extensionHostProcess.js:78:101124)
	at new t (/snap/code/104/usr/share/code/resources/app/out/vs/workbench/api/node/extensionHostProcess.js:78:86652)
	at G (/home/aibarchyn/.vscode/extensions/ms-python.python-2022.12.0/out/client/extension.js:2:2297898)
	at c (/home/aibarchyn/.vscode/extensions/ms-python.python-2022.12.0/out/client/extension.js:2:2335083)
	at Object.t.map (/home/aibarchyn/.vscode/extensions/ms-python.python-2022.12.0/out/client/extension.js:2:2335169)
	at Object.asDocumentSymbols (/home/aibarchyn/.vscode/extensions/ms-python.python-2022.12.0/out/client/extension.js:2:2305716)
	at /home/aibarchyn/.vscode/extensions/ms-python.python-2022.12.0/out/client/extension.js:2:2244261
	at async a.provideDocumentSymbols (/snap/code/104/usr/share/code/resources/app/out/vs/workbench/api/node/extensionHostProcess.js:87:37442)
[2022-08-16 11:34:31.451] [exthost] [error] [ms-python.python] provider FAILED
[2022-08-16 11:34:31.451] [exthost] [error] Error: name must not be falsy
	at Function.validate (/snap/code/104/usr/share/code/resources/app/out/vs/workbench/api/node/extensionHostProcess.js:78:101175)
	at new t (/snap/code/104/usr/share/code/resources/app/out/vs/workbench/api/node/extensionHostProcess.js:78:101124)
	at new t (/snap/code/104/usr/share/code/resources/app/out/vs/workbench/api/node/extensionHostProcess.js:78:86652)
	at G (/home/aibarchyn/.vscode/extensions/ms-python.python-2022.12.0/out/client/extension.js:2:2297898)
	at c (/home/aibarchyn/.vscode/extensions/ms-python.python-2022.12.0/out/client/extension.js:2:2335083)
	at Object.t.map (/home/aibarchyn/.vscode/extensions/ms-python.python-2022.12.0/out/client/extension.js:2:2335169)
	at Object.asDocumentSymbols (/home/aibarchyn/.vscode/extensions/ms-python.python-2022.12.0/out/client/extension.js:2:2305716)
	at /home/aibarchyn/.vscode/extensions/ms-python.python-2022.12.0/out/client/extension.js:2:2244261
	at async a.provideDocumentSymbols (/snap/code/104/usr/share/code/resources/app/out/vs/workbench/api/node/extensionHostProcess.js:87:37442)
[2022-08-16 11:34:32.759] [exthost] [error] [ms-python.python] provider FAILED
[2022-08-16 11:34:32.759] [exthost] [error] Error: name must not be falsy
	at Function.validate (/snap/code/104/usr/share/code/resources/app/out/vs/workbench/api/node/extensionHostProcess.js:78:101175)
	at new t (/snap/code/104/usr/share/code/resources/app/out/vs/workbench/api/node/extensionHostProcess.js:78:101124)
	at new t (/snap/code/104/usr/share/code/resources/app/out/vs/workbench/api/node/extensionHostProcess.js:78:86652)
	at G (/home/aibarchyn/.vscode/extensions/ms-python.python-2022.12.0/out/client/extension.js:2:2297898)
	at c (/home/aibarchyn/.vscode/extensions/ms-python.python-2022.12.0/out/client/extension.js:2:2335083)
	at Object.t.map (/home/aibarchyn/.vscode/extensions/ms-python.python-2022.12.0/out/client/extension.js:2:2335169)
	at Object.asDocumentSymbols (/home/aibarchyn/.vscode/extensions/ms-python.python-2022.12.0/out/client/extension.js:2:2305716)
	at /home/aibarchyn/.vscode/extensions/ms-python.python-2022.12.0/out/client/extension.js:2:2244261
	at async a.provideDocumentSymbols (/snap/code/104/usr/share/code/resources/app/out/vs/workbench/api/node/extensionHostProcess.js:87:37442)
[2022-08-16 11:34:33.437] [exthost] [error] [ms-python.python] provider FAILED
[2022-08-16 11:34:33.437] [exthost] [error] Error: name must not be falsy
	at Function.validate (/snap/code/104/usr/share/code/resources/app/out/vs/workbench/api/node/extensionHostProcess.js:78:101175)
	at new t (/snap/code/104/usr/share/code/resources/app/out/vs/workbench/api/node/extensionHostProcess.js:78:101124)
	at new t (/snap/code/104/usr/share/code/resources/app/out/vs/workbench/api/node/extensionHostProcess.js:78:86652)
	at G (/home/aibarchyn/.vscode/extensions/ms-python.python-2022.12.0/out/client/extension.js:2:2297898)
	at c (/home/aibarchyn/.vscode/extensions/ms-python.python-2022.12.0/out/client/extension.js:2:2335083)
	at Object.t.map (/home/aibarchyn/.vscode/extensions/ms-python.python-2022.12.0/out/client/extension.js:2:2335169)
	at Object.asDocumentSymbols (/home/aibarchyn/.vscode/extensions/ms-python.python-2022.12.0/out/client/extension.js:2:2305716)
	at /home/aibarchyn/.vscode/extensions/ms-python.python-2022.12.0/out/client/extension.js:2:2244261
	at async a.provideDocumentSymbols (/snap/code/104/usr/share/code/resources/app/out/vs/workbench/api/node/extensionHostProcess.js:87:37442)
[2022-08-16 11:34:34.454] [exthost] [error] [ms-python.python] provider FAILED
[2022-08-16 11:34:34.454] [exthost] [error] Error: name must not be falsy
	at Function.validate (/snap/code/104/usr/share/code/resources/app/out/vs/workbench/api/node/extensionHostProcess.js:78:101175)
	at new t (/snap/code/104/usr/share/code/resources/app/out/vs/workbench/api/node/extensionHostProcess.js:78:101124)
	at new t (/snap/code/104/usr/share/code/resources/app/out/vs/workbench/api/node/extensionHostProcess.js:78:86652)
	at G (/home/aibarchyn/.vscode/extensions/ms-python.python-2022.12.0/out/client/extension.js:2:2297898)
	at c (/home/aibarchyn/.vscode/extensions/ms-python.python-2022.12.0/out/client/extension.js:2:2335083)
	at Object.t.map (/home/aibarchyn/.vscode/extensions/ms-python.python-2022.12.0/out/client/extension.js:2:2335169)
	at Object.asDocumentSymbols (/home/aibarchyn/.vscode/extensions/ms-python.python-2022.12.0/out/client/extension.js:2:2305716)
	at /home/aibarchyn/.vscode/extensions/ms-python.python-2022.12.0/out/client/extension.js:2:2244261
	at async a.provideDocumentSymbols (/snap/code/104/usr/share/code/resources/app/out/vs/workbench/api/node/extensionHostProcess.js:87:37442)
[2022-08-16 11:34:34.981] [exthost] [error] [ms-python.python] provider FAILED
[2022-08-16 11:34:34.981] [exthost] [error] Error: name must not be falsy
	at Function.validate (/snap/code/104/usr/share/code/resources/app/out/vs/workbench/api/node/extensionHostProcess.js:78:101175)
	at new t (/snap/code/104/usr/share/code/resources/app/out/vs/workbench/api/node/extensionHostProcess.js:78:101124)
	at new t (/snap/code/104/usr/share/code/resources/app/out/vs/workbench/api/node/extensionHostProcess.js:78:86652)
	at G (/home/aibarchyn/.vscode/extensions/ms-python.python-2022.12.0/out/client/extension.js:2:2297898)
	at c (/home/aibarchyn/.vscode/extensions/ms-python.python-2022.12.0/out/client/extension.js:2:2335083)
	at Object.t.map (/home/aibarchyn/.vscode/extensions/ms-python.python-2022.12.0/out/client/extension.js:2:2335169)
	at Object.asDocumentSymbols (/home/aibarchyn/.vscode/extensions/ms-python.python-2022.12.0/out/client/extension.js:2:2305716)
	at /home/aibarchyn/.vscode/extensions/ms-python.python-2022.12.0/out/client/extension.js:2:2244261
	at async a.provideDocumentSymbols (/snap/code/104/usr/share/code/resources/app/out/vs/workbench/api/node/extensionHostProcess.js:87:37442)
[2022-08-16 11:34:39.814] [exthost] [error] [ms-python.python] provider FAILED
[2022-08-16 11:34:39.814] [exthost] [error] Error: name must not be falsy
	at Function.validate (/snap/code/104/usr/share/code/resources/app/out/vs/workbench/api/node/extensionHostProcess.js:78:101175)
	at new t (/snap/code/104/usr/share/code/resources/app/out/vs/workbench/api/node/extensionHostProcess.js:78:101124)
	at new t (/snap/code/104/usr/share/code/resources/app/out/vs/workbench/api/node/extensionHostProcess.js:78:86652)
	at G (/home/aibarchyn/.vscode/extensions/ms-python.python-2022.12.0/out/client/extension.js:2:2297898)
	at c (/home/aibarchyn/.vscode/extensions/ms-python.python-2022.12.0/out/client/extension.js:2:2335083)
	at Object.t.map (/home/aibarchyn/.vscode/extensions/ms-python.python-2022.12.0/out/client/extension.js:2:2335169)
	at Object.asDocumentSymbols (/home/aibarchyn/.vscode/extensions/ms-python.python-2022.12.0/out/client/extension.js:2:2305716)
	at /home/aibarchyn/.vscode/extensions/ms-python.python-2022.12.0/out/client/extension.js:2:2244261
	at async a.provideDocumentSymbols (/snap/code/104/usr/share/code/resources/app/out/vs/workbench/api/node/extensionHostProcess.js:87:37442)
[2022-08-16 11:42:02.881] [exthost] [error] [ms-python.python] provider FAILED
[2022-08-16 11:42:02.881] [exthost] [error] Error: name must not be falsy
	at Function.validate (/snap/code/104/usr/share/code/resources/app/out/vs/workbench/api/node/extensionHostProcess.js:78:101175)
	at new t (/snap/code/104/usr/share/code/resources/app/out/vs/workbench/api/node/extensionHostProcess.js:78:101124)
	at new t (/snap/code/104/usr/share/code/resources/app/out/vs/workbench/api/node/extensionHostProcess.js:78:86652)
	at G (/home/aibarchyn/.vscode/extensions/ms-python.python-2022.12.0/out/client/extension.js:2:2297898)
	at G (/home/aibarchyn/.vscode/extensions/ms-python.python-2022.12.0/out/client/extension.js:2:2298073)
	at c (/home/aibarchyn/.vscode/extensions/ms-python.python-2022.12.0/out/client/extension.js:2:2335083)
	at Object.t.map (/home/aibarchyn/.vscode/extensions/ms-python.python-2022.12.0/out/client/extension.js:2:2335169)
	at Object.asDocumentSymbols (/home/aibarchyn/.vscode/extensions/ms-python.python-2022.12.0/out/client/extension.js:2:2305716)
	at /home/aibarchyn/.vscode/extensions/ms-python.python-2022.12.0/out/client/extension.js:2:2244261
	at async a.provideDocumentSymbols (/snap/code/104/usr/share/code/resources/app/out/vs/workbench/api/node/extensionHostProcess.js:87:37442)
[2022-08-16 11:42:04.499] [exthost] [error] [ms-python.python] provider FAILED
[2022-08-16 11:42:04.499] [exthost] [error] Error: name must not be falsy
	at Function.validate (/snap/code/104/usr/share/code/resources/app/out/vs/workbench/api/node/extensionHostProcess.js:78:101175)
	at new t (/snap/code/104/usr/share/code/resources/app/out/vs/workbench/api/node/extensionHostProcess.js:78:101124)
	at new t (/snap/code/104/usr/share/code/resources/app/out/vs/workbench/api/node/extensionHostProcess.js:78:86652)
	at G (/home/aibarchyn/.vscode/extensions/ms-python.python-2022.12.0/out/client/extension.js:2:2297898)
	at G (/home/aibarchyn/.vscode/extensions/ms-python.python-2022.12.0/out/client/extension.js:2:2298073)
	at c (/home/aibarchyn/.vscode/extensions/ms-python.python-2022.12.0/out/client/extension.js:2:2335083)
	at Object.t.map (/home/aibarchyn/.vscode/extensions/ms-python.python-2022.12.0/out/client/extension.js:2:2335169)
	at Object.asDocumentSymbols (/home/aibarchyn/.vscode/extensions/ms-python.python-2022.12.0/out/client/extension.js:2:2305716)
	at /home/aibarchyn/.vscode/extensions/ms-python.python-2022.12.0/out/client/extension.js:2:2244261
	at async a.provideDocumentSymbols (/snap/code/104/usr/share/code/resources/app/out/vs/workbench/api/node/extensionHostProcess.js:87:37442)
[2022-08-16 11:42:05.451] [exthost] [error] [ms-python.python] provider FAILED
[2022-08-16 11:42:05.451] [exthost] [error] Error: name must not be falsy
	at Function.validate (/snap/code/104/usr/share/code/resources/app/out/vs/workbench/api/node/extensionHostProcess.js:78:101175)
	at new t (/snap/code/104/usr/share/code/resources/app/out/vs/workbench/api/node/extensionHostProcess.js:78:101124)
	at new t (/snap/code/104/usr/share/code/resources/app/out/vs/workbench/api/node/extensionHostProcess.js:78:86652)
	at G (/home/aibarchyn/.vscode/extensions/ms-python.python-2022.12.0/out/client/extension.js:2:2297898)
	at G (/home/aibarchyn/.vscode/extensions/ms-python.python-2022.12.0/out/client/extension.js:2:2298073)
	at c (/home/aibarchyn/.vscode/extensions/ms-python.python-2022.12.0/out/client/extension.js:2:2335083)
	at Object.t.map (/home/aibarchyn/.vscode/extensions/ms-python.python-2022.12.0/out/client/extension.js:2:2335169)
	at Object.asDocumentSymbols (/home/aibarchyn/.vscode/extensions/ms-python.python-2022.12.0/out/client/extension.js:2:2305716)
	at /home/aibarchyn/.vscode/extensions/ms-python.python-2022.12.0/out/client/extension.js:2:2244261
	at async a.provideDocumentSymbols (/snap/code/104/usr/share/code/resources/app/out/vs/workbench/api/node/extensionHostProcess.js:87:37442)
[2022-08-16 11:42:06.567] [exthost] [error] [ms-python.python] provider FAILED
[2022-08-16 11:42:06.567] [exthost] [error] Error: name must not be falsy
	at Function.validate (/snap/code/104/usr/share/code/resources/app/out/vs/workbench/api/node/extensionHostProcess.js:78:101175)
	at new t (/snap/code/104/usr/share/code/resources/app/out/vs/workbench/api/node/extensionHostProcess.js:78:101124)
	at new t (/snap/code/104/usr/share/code/resources/app/out/vs/workbench/api/node/extensionHostProcess.js:78:86652)
	at G (/home/aibarchyn/.vscode/extensions/ms-python.python-2022.12.0/out/client/extension.js:2:2297898)
	at G (/home/aibarchyn/.vscode/extensions/ms-python.python-2022.12.0/out/client/extension.js:2:2298073)
	at c (/home/aibarchyn/.vscode/extensions/ms-python.python-2022.12.0/out/client/extension.js:2:2335083)
	at Object.t.map (/home/aibarchyn/.vscode/extensions/ms-python.python-2022.12.0/out/client/extension.js:2:2335169)
	at Object.asDocumentSymbols (/home/aibarchyn/.vscode/extensions/ms-python.python-2022.12.0/out/client/extension.js:2:2305716)
	at /home/aibarchyn/.vscode/extensions/ms-python.python-2022.12.0/out/client/extension.js:2:2244261
	at async a.provideDocumentSymbols (/snap/code/104/usr/share/code/resources/app/out/vs/workbench/api/node/extensionHostProcess.js:87:37442)
[2022-08-16 11:42:09.261] [exthost] [error] [ms-python.python] provider FAILED
[2022-08-16 11:42:09.262] [exthost] [error] Error: name must not be falsy
	at Function.validate (/snap/code/104/usr/share/code/resources/app/out/vs/workbench/api/node/extensionHostProcess.js:78:101175)
	at new t (/snap/code/104/usr/share/code/resources/app/out/vs/workbench/api/node/extensionHostProcess.js:78:101124)
	at new t (/snap/code/104/usr/share/code/resources/app/out/vs/workbench/api/node/extensionHostProcess.js:78:86652)
	at G (/home/aibarchyn/.vscode/extensions/ms-python.python-2022.12.0/out/client/extension.js:2:2297898)
	at G (/home/aibarchyn/.vscode/extensions/ms-python.python-2022.12.0/out/client/extension.js:2:2298073)
	at c (/home/aibarchyn/.vscode/extensions/ms-python.python-2022.12.0/out/client/extension.js:2:2335083)
	at Object.t.map (/home/aibarchyn/.vscode/extensions/ms-python.python-2022.12.0/out/client/extension.js:2:2335169)
	at Object.asDocumentSymbols (/home/aibarchyn/.vscode/extensions/ms-python.python-2022.12.0/out/client/extension.js:2:2305716)
	at /home/aibarchyn/.vscode/extensions/ms-python.python-2022.12.0/out/client/extension.js:2:2244261
	at async a.provideDocumentSymbols (/snap/code/104/usr/share/code/resources/app/out/vs/workbench/api/node/extensionHostProcess.js:87:37442)
[2022-08-16 11:42:10.096] [exthost] [error] [ms-python.python] provider FAILED
[2022-08-16 11:42:10.096] [exthost] [error] Error: name must not be falsy
	at Function.validate (/snap/code/104/usr/share/code/resources/app/out/vs/workbench/api/node/extensionHostProcess.js:78:101175)
	at new t (/snap/code/104/usr/share/code/resources/app/out/vs/workbench/api/node/extensionHostProcess.js:78:101124)
	at new t (/snap/code/104/usr/share/code/resources/app/out/vs/workbench/api/node/extensionHostProcess.js:78:86652)
	at G (/home/aibarchyn/.vscode/extensions/ms-python.python-2022.12.0/out/client/extension.js:2:2297898)
	at G (/home/aibarchyn/.vscode/extensions/ms-python.python-2022.12.0/out/client/extension.js:2:2298073)
	at c (/home/aibarchyn/.vscode/extensions/ms-python.python-2022.12.0/out/client/extension.js:2:2335083)
	at Object.t.map (/home/aibarchyn/.vscode/extensions/ms-python.python-2022.12.0/out/client/extension.js:2:2335169)
	at Object.asDocumentSymbols (/home/aibarchyn/.vscode/extensions/ms-python.python-2022.12.0/out/client/extension.js:2:2305716)
	at /home/aibarchyn/.vscode/extensions/ms-python.python-2022.12.0/out/client/extension.js:2:2244261
	at async a.provideDocumentSymbols (/snap/code/104/usr/share/code/resources/app/out/vs/workbench/api/node/extensionHostProcess.js:87:37442)
[2022-08-16 11:42:10.883] [exthost] [error] [ms-python.python] provider FAILED
[2022-08-16 11:42:10.883] [exthost] [error] Error: name must not be falsy
	at Function.validate (/snap/code/104/usr/share/code/resources/app/out/vs/workbench/api/node/extensionHostProcess.js:78:101175)
	at new t (/snap/code/104/usr/share/code/resources/app/out/vs/workbench/api/node/extensionHostProcess.js:78:101124)
	at new t (/snap/code/104/usr/share/code/resources/app/out/vs/workbench/api/node/extensionHostProcess.js:78:86652)
	at G (/home/aibarchyn/.vscode/extensions/ms-python.python-2022.12.0/out/client/extension.js:2:2297898)
	at G (/home/aibarchyn/.vscode/extensions/ms-python.python-2022.12.0/out/client/extension.js:2:2298073)
	at c (/home/aibarchyn/.vscode/extensions/ms-python.python-2022.12.0/out/client/extension.js:2:2335083)
	at Object.t.map (/home/aibarchyn/.vscode/extensions/ms-python.python-2022.12.0/out/client/extension.js:2:2335169)
	at Object.asDocumentSymbols (/home/aibarchyn/.vscode/extensions/ms-python.python-2022.12.0/out/client/extension.js:2:2305716)
	at /home/aibarchyn/.vscode/extensions/ms-python.python-2022.12.0/out/client/extension.js:2:2244261
	at async a.provideDocumentSymbols (/snap/code/104/usr/share/code/resources/app/out/vs/workbench/api/node/extensionHostProcess.js:87:37442)
[2022-08-16 11:42:11.283] [exthost] [error] [ms-python.python] provider FAILED
[2022-08-16 11:42:11.283] [exthost] [error] Error: name must not be falsy
	at Function.validate (/snap/code/104/usr/share/code/resources/app/out/vs/workbench/api/node/extensionHostProcess.js:78:101175)
	at new t (/snap/code/104/usr/share/code/resources/app/out/vs/workbench/api/node/extensionHostProcess.js:78:101124)
	at new t (/snap/code/104/usr/share/code/resources/app/out/vs/workbench/api/node/extensionHostProcess.js:78:86652)
	at G (/home/aibarchyn/.vscode/extensions/ms-python.python-2022.12.0/out/client/extension.js:2:2297898)
	at G (/home/aibarchyn/.vscode/extensions/ms-python.python-2022.12.0/out/client/extension.js:2:2298073)
	at c (/home/aibarchyn/.vscode/extensions/ms-python.python-2022.12.0/out/client/extension.js:2:2335083)
	at Object.t.map (/home/aibarchyn/.vscode/extensions/ms-python.python-2022.12.0/out/client/extension.js:2:2335169)
	at Object.asDocumentSymbols (/home/aibarchyn/.vscode/extensions/ms-python.python-2022.12.0/out/client/extension.js:2:2305716)
	at /home/aibarchyn/.vscode/extensions/ms-python.python-2022.12.0/out/client/extension.js:2:2244261
	at async a.provideDocumentSymbols (/snap/code/104/usr/share/code/resources/app/out/vs/workbench/api/node/extensionHostProcess.js:87:37442)
[2022-08-16 11:42:12.170] [exthost] [error] [ms-python.python] provider FAILED
[2022-08-16 11:42:12.171] [exthost] [error] Error: name must not be falsy
	at Function.validate (/snap/code/104/usr/share/code/resources/app/out/vs/workbench/api/node/extensionHostProcess.js:78:101175)
	at new t (/snap/code/104/usr/share/code/resources/app/out/vs/workbench/api/node/extensionHostProcess.js:78:101124)
	at new t (/snap/code/104/usr/share/code/resources/app/out/vs/workbench/api/node/extensionHostProcess.js:78:86652)
	at G (/home/aibarchyn/.vscode/extensions/ms-python.python-2022.12.0/out/client/extension.js:2:2297898)
	at G (/home/aibarchyn/.vscode/extensions/ms-python.python-2022.12.0/out/client/extension.js:2:2298073)
	at c (/home/aibarchyn/.vscode/extensions/ms-python.python-2022.12.0/out/client/extension.js:2:2335083)
	at Object.t.map (/home/aibarchyn/.vscode/extensions/ms-python.python-2022.12.0/out/client/extension.js:2:2335169)
	at Object.asDocumentSymbols (/home/aibarchyn/.vscode/extensions/ms-python.python-2022.12.0/out/client/extension.js:2:2305716)
	at /home/aibarchyn/.vscode/extensions/ms-python.python-2022.12.0/out/client/extension.js:2:2244261
	at async a.provideDocumentSymbols (/snap/code/104/usr/share/code/resources/app/out/vs/workbench/api/node/extensionHostProcess.js:87:37442)
[2022-08-16 11:42:14.962] [exthost] [error] [ms-python.python] provider FAILED
[2022-08-16 11:42:14.963] [exthost] [error] Error: name must not be falsy
	at Function.validate (/snap/code/104/usr/share/code/resources/app/out/vs/workbench/api/node/extensionHostProcess.js:78:101175)
	at new t (/snap/code/104/usr/share/code/resources/app/out/vs/workbench/api/node/extensionHostProcess.js:78:101124)
	at new t (/snap/code/104/usr/share/code/resources/app/out/vs/workbench/api/node/extensionHostProcess.js:78:86652)
	at G (/home/aibarchyn/.vscode/extensions/ms-python.python-2022.12.0/out/client/extension.js:2:2297898)
	at G (/home/aibarchyn/.vscode/extensions/ms-python.python-2022.12.0/out/client/extension.js:2:2298073)
	at c (/home/aibarchyn/.vscode/extensions/ms-python.python-2022.12.0/out/client/extension.js:2:2335083)
	at Object.t.map (/home/aibarchyn/.vscode/extensions/ms-python.python-2022.12.0/out/client/extension.js:2:2335169)
	at Object.asDocumentSymbols (/home/aibarchyn/.vscode/extensions/ms-python.python-2022.12.0/out/client/extension.js:2:2305716)
	at /home/aibarchyn/.vscode/extensions/ms-python.python-2022.12.0/out/client/extension.js:2:2244261
	at async a.provideDocumentSymbols (/snap/code/104/usr/share/code/resources/app/out/vs/workbench/api/node/extensionHostProcess.js:87:37442)
[2022-08-16 11:42:16.509] [exthost] [error] [ms-python.python] provider FAILED
[2022-08-16 11:42:16.509] [exthost] [error] Error: name must not be falsy
	at Function.validate (/snap/code/104/usr/share/code/resources/app/out/vs/workbench/api/node/extensionHostProcess.js:78:101175)
	at new t (/snap/code/104/usr/share/code/resources/app/out/vs/workbench/api/node/extensionHostProcess.js:78:101124)
	at new t (/snap/code/104/usr/share/code/resources/app/out/vs/workbench/api/node/extensionHostProcess.js:78:86652)
	at G (/home/aibarchyn/.vscode/extensions/ms-python.python-2022.12.0/out/client/extension.js:2:2297898)
	at G (/home/aibarchyn/.vscode/extensions/ms-python.python-2022.12.0/out/client/extension.js:2:2298073)
	at c (/home/aibarchyn/.vscode/extensions/ms-python.python-2022.12.0/out/client/extension.js:2:2335083)
	at Object.t.map (/home/aibarchyn/.vscode/extensions/ms-python.python-2022.12.0/out/client/extension.js:2:2335169)
	at Object.asDocumentSymbols (/home/aibarchyn/.vscode/extensions/ms-python.python-2022.12.0/out/client/extension.js:2:2305716)
	at /home/aibarchyn/.vscode/extensions/ms-python.python-2022.12.0/out/client/extension.js:2:2244261
	at async a.provideDocumentSymbols (/snap/code/104/usr/share/code/resources/app/out/vs/workbench/api/node/extensionHostProcess.js:87:37442)
[2022-08-16 11:42:17.156] [exthost] [error] [ms-python.python] provider FAILED
[2022-08-16 11:42:17.156] [exthost] [error] Error: name must not be falsy
	at Function.validate (/snap/code/104/usr/share/code/resources/app/out/vs/workbench/api/node/extensionHostProcess.js:78:101175)
	at new t (/snap/code/104/usr/share/code/resources/app/out/vs/workbench/api/node/extensionHostProcess.js:78:101124)
	at new t (/snap/code/104/usr/share/code/resources/app/out/vs/workbench/api/node/extensionHostProcess.js:78:86652)
	at G (/home/aibarchyn/.vscode/extensions/ms-python.python-2022.12.0/out/client/extension.js:2:2297898)
	at G (/home/aibarchyn/.vscode/extensions/ms-python.python-2022.12.0/out/client/extension.js:2:2298073)
	at c (/home/aibarchyn/.vscode/extensions/ms-python.python-2022.12.0/out/client/extension.js:2:2335083)
	at Object.t.map (/home/aibarchyn/.vscode/extensions/ms-python.python-2022.12.0/out/client/extension.js:2:2335169)
	at Object.asDocumentSymbols (/home/aibarchyn/.vscode/extensions/ms-python.python-2022.12.0/out/client/extension.js:2:2305716)
	at /home/aibarchyn/.vscode/extensions/ms-python.python-2022.12.0/out/client/extension.js:2:2244261
	at async a.provideDocumentSymbols (/snap/code/104/usr/share/code/resources/app/out/vs/workbench/api/node/extensionHostProcess.js:87:37442)
[2022-08-16 11:42:20.668] [exthost] [error] [ms-python.python] provider FAILED
[2022-08-16 11:42:20.668] [exthost] [error] Error: name must not be falsy
	at Function.validate (/snap/code/104/usr/share/code/resources/app/out/vs/workbench/api/node/extensionHostProcess.js:78:101175)
	at new t (/snap/code/104/usr/share/code/resources/app/out/vs/workbench/api/node/extensionHostProcess.js:78:101124)
	at new t (/snap/code/104/usr/share/code/resources/app/out/vs/workbench/api/node/extensionHostProcess.js:78:86652)
	at G (/home/aibarchyn/.vscode/extensions/ms-python.python-2022.12.0/out/client/extension.js:2:2297898)
	at G (/home/aibarchyn/.vscode/extensions/ms-python.python-2022.12.0/out/client/extension.js:2:2298073)
	at c (/home/aibarchyn/.vscode/extensions/ms-python.python-2022.12.0/out/client/extension.js:2:2335083)
	at Object.t.map (/home/aibarchyn/.vscode/extensions/ms-python.python-2022.12.0/out/client/extension.js:2:2335169)
	at Object.asDocumentSymbols (/home/aibarchyn/.vscode/extensions/ms-python.python-2022.12.0/out/client/extension.js:2:2305716)
	at /home/aibarchyn/.vscode/extensions/ms-python.python-2022.12.0/out/client/extension.js:2:2244261
	at async a.provideDocumentSymbols (/snap/code/104/usr/share/code/resources/app/out/vs/workbench/api/node/extensionHostProcess.js:87:37442)
[2022-08-16 11:42:24.067] [exthost] [error] [ms-python.python] provider FAILED
[2022-08-16 11:42:24.068] [exthost] [error] Error: name must not be falsy
	at Function.validate (/snap/code/104/usr/share/code/resources/app/out/vs/workbench/api/node/extensionHostProcess.js:78:101175)
	at new t (/snap/code/104/usr/share/code/resources/app/out/vs/workbench/api/node/extensionHostProcess.js:78:101124)
	at new t (/snap/code/104/usr/share/code/resources/app/out/vs/workbench/api/node/extensionHostProcess.js:78:86652)
	at G (/home/aibarchyn/.vscode/extensions/ms-python.python-2022.12.0/out/client/extension.js:2:2297898)
	at G (/home/aibarchyn/.vscode/extensions/ms-python.python-2022.12.0/out/client/extension.js:2:2298073)
	at c (/home/aibarchyn/.vscode/extensions/ms-python.python-2022.12.0/out/client/extension.js:2:2335083)
	at Object.t.map (/home/aibarchyn/.vscode/extensions/ms-python.python-2022.12.0/out/client/extension.js:2:2335169)
	at Object.asDocumentSymbols (/home/aibarchyn/.vscode/extensions/ms-python.python-2022.12.0/out/client/extension.js:2:2305716)
	at /home/aibarchyn/.vscode/extensions/ms-python.python-2022.12.0/out/client/extension.js:2:2244261
	at async a.provideDocumentSymbols (/snap/code/104/usr/share/code/resources/app/out/vs/workbench/api/node/extensionHostProcess.js:87:37442)
[2022-08-16 11:42:25.325] [exthost] [error] [ms-python.python] provider FAILED
[2022-08-16 11:42:25.325] [exthost] [error] Error: name must not be falsy
	at Function.validate (/snap/code/104/usr/share/code/resources/app/out/vs/workbench/api/node/extensionHostProcess.js:78:101175)
	at new t (/snap/code/104/usr/share/code/resources/app/out/vs/workbench/api/node/extensionHostProcess.js:78:101124)
	at new t (/snap/code/104/usr/share/code/resources/app/out/vs/workbench/api/node/extensionHostProcess.js:78:86652)
	at G (/home/aibarchyn/.vscode/extensions/ms-python.python-2022.12.0/out/client/extension.js:2:2297898)
	at G (/home/aibarchyn/.vscode/extensions/ms-python.python-2022.12.0/out/client/extension.js:2:2298073)
	at c (/home/aibarchyn/.vscode/extensions/ms-python.python-2022.12.0/out/client/extension.js:2:2335083)
	at Object.t.map (/home/aibarchyn/.vscode/extensions/ms-python.python-2022.12.0/out/client/extension.js:2:2335169)
	at Object.asDocumentSymbols (/home/aibarchyn/.vscode/extensions/ms-python.python-2022.12.0/out/client/extension.js:2:2305716)
	at /home/aibarchyn/.vscode/extensions/ms-python.python-2022.12.0/out/client/extension.js:2:2244261
	at async a.provideDocumentSymbols (/snap/code/104/usr/share/code/resources/app/out/vs/workbench/api/node/extensionHostProcess.js:87:37442)
[2022-08-16 11:42:25.957] [exthost] [error] [ms-python.python] provider FAILED
[2022-08-16 11:42:25.957] [exthost] [error] Error: name must not be falsy
	at Function.validate (/snap/code/104/usr/share/code/resources/app/out/vs/workbench/api/node/extensionHostProcess.js:78:101175)
	at new t (/snap/code/104/usr/share/code/resources/app/out/vs/workbench/api/node/extensionHostProcess.js:78:101124)
	at new t (/snap/code/104/usr/share/code/resources/app/out/vs/workbench/api/node/extensionHostProcess.js:78:86652)
	at G (/home/aibarchyn/.vscode/extensions/ms-python.python-2022.12.0/out/client/extension.js:2:2297898)
	at G (/home/aibarchyn/.vscode/extensions/ms-python.python-2022.12.0/out/client/extension.js:2:2298073)
	at c (/home/aibarchyn/.vscode/extensions/ms-python.python-2022.12.0/out/client/extension.js:2:2335083)
	at Object.t.map (/home/aibarchyn/.vscode/extensions/ms-python.python-2022.12.0/out/client/extension.js:2:2335169)
	at Object.asDocumentSymbols (/home/aibarchyn/.vscode/extensions/ms-python.python-2022.12.0/out/client/extension.js:2:2305716)
	at /home/aibarchyn/.vscode/extensions/ms-python.python-2022.12.0/out/client/extension.js:2:2244261
	at async a.provideDocumentSymbols (/snap/code/104/usr/share/code/resources/app/out/vs/workbench/api/node/extensionHostProcess.js:87:37442)
[2022-08-16 11:42:27.034] [exthost] [error] [ms-python.python] provider FAILED
[2022-08-16 11:42:27.035] [exthost] [error] Error: name must not be falsy
	at Function.validate (/snap/code/104/usr/share/code/resources/app/out/vs/workbench/api/node/extensionHostProcess.js:78:101175)
	at new t (/snap/code/104/usr/share/code/resources/app/out/vs/workbench/api/node/extensionHostProcess.js:78:101124)
	at new t (/snap/code/104/usr/share/code/resources/app/out/vs/workbench/api/node/extensionHostProcess.js:78:86652)
	at G (/home/aibarchyn/.vscode/extensions/ms-python.python-2022.12.0/out/client/extension.js:2:2297898)
	at G (/home/aibarchyn/.vscode/extensions/ms-python.python-2022.12.0/out/client/extension.js:2:2298073)
	at c (/home/aibarchyn/.vscode/extensions/ms-python.python-2022.12.0/out/client/extension.js:2:2335083)
	at Object.t.map (/home/aibarchyn/.vscode/extensions/ms-python.python-2022.12.0/out/client/extension.js:2:2335169)
	at Object.asDocumentSymbols (/home/aibarchyn/.vscode/extensions/ms-python.python-2022.12.0/out/client/extension.js:2:2305716)
	at /home/aibarchyn/.vscode/extensions/ms-python.python-2022.12.0/out/client/extension.js:2:2244261
	at async a.provideDocumentSymbols (/snap/code/104/usr/share/code/resources/app/out/vs/workbench/api/node/extensionHostProcess.js:87:37442)
[2022-08-16 11:42:28.637] [exthost] [error] [ms-python.python] provider FAILED
[2022-08-16 11:42:28.637] [exthost] [error] Error: name must not be falsy
	at Function.validate (/snap/code/104/usr/share/code/resources/app/out/vs/workbench/api/node/extensionHostProcess.js:78:101175)
	at new t (/snap/code/104/usr/share/code/resources/app/out/vs/workbench/api/node/extensionHostProcess.js:78:101124)
	at new t (/snap/code/104/usr/share/code/resources/app/out/vs/workbench/api/node/extensionHostProcess.js:78:86652)
	at G (/home/aibarchyn/.vscode/extensions/ms-python.python-2022.12.0/out/client/extension.js:2:2297898)
	at G (/home/aibarchyn/.vscode/extensions/ms-python.python-2022.12.0/out/client/extension.js:2:2298073)
	at c (/home/aibarchyn/.vscode/extensions/ms-python.python-2022.12.0/out/client/extension.js:2:2335083)
	at Object.t.map (/home/aibarchyn/.vscode/extensions/ms-python.python-2022.12.0/out/client/extension.js:2:2335169)
	at Object.asDocumentSymbols (/home/aibarchyn/.vscode/extensions/ms-python.python-2022.12.0/out/client/extension.js:2:2305716)
	at /home/aibarchyn/.vscode/extensions/ms-python.python-2022.12.0/out/client/extension.js:2:2244261
	at async a.provideDocumentSymbols (/snap/code/104/usr/share/code/resources/app/out/vs/workbench/api/node/extensionHostProcess.js:87:37442)
[2022-08-16 11:42:30.271] [exthost] [error] [ms-python.python] provider FAILED
[2022-08-16 11:42:30.271] [exthost] [error] Error: name must not be falsy
	at Function.validate (/snap/code/104/usr/share/code/resources/app/out/vs/workbench/api/node/extensionHostProcess.js:78:101175)
	at new t (/snap/code/104/usr/share/code/resources/app/out/vs/workbench/api/node/extensionHostProcess.js:78:101124)
	at new t (/snap/code/104/usr/share/code/resources/app/out/vs/workbench/api/node/extensionHostProcess.js:78:86652)
	at G (/home/aibarchyn/.vscode/extensions/ms-python.python-2022.12.0/out/client/extension.js:2:2297898)
	at G (/home/aibarchyn/.vscode/extensions/ms-python.python-2022.12.0/out/client/extension.js:2:2298073)
	at c (/home/aibarchyn/.vscode/extensions/ms-python.python-2022.12.0/out/client/extension.js:2:2335083)
	at Object.t.map (/home/aibarchyn/.vscode/extensions/ms-python.python-2022.12.0/out/client/extension.js:2:2335169)
	at Object.asDocumentSymbols (/home/aibarchyn/.vscode/extensions/ms-python.python-2022.12.0/out/client/extension.js:2:2305716)
	at /home/aibarchyn/.vscode/extensions/ms-python.python-2022.12.0/out/client/extension.js:2:2244261
	at async a.provideDocumentSymbols (/snap/code/104/usr/share/code/resources/app/out/vs/workbench/api/node/extensionHostProcess.js:87:37442)
[2022-08-16 11:42:31.574] [exthost] [error] [ms-python.python] provider FAILED
[2022-08-16 11:42:31.574] [exthost] [error] Error: name must not be falsy
	at Function.validate (/snap/code/104/usr/share/code/resources/app/out/vs/workbench/api/node/extensionHostProcess.js:78:101175)
	at new t (/snap/code/104/usr/share/code/resources/app/out/vs/workbench/api/node/extensionHostProcess.js:78:101124)
	at new t (/snap/code/104/usr/share/code/resources/app/out/vs/workbench/api/node/extensionHostProcess.js:78:86652)
	at G (/home/aibarchyn/.vscode/extensions/ms-python.python-2022.12.0/out/client/extension.js:2:2297898)
	at G (/home/aibarchyn/.vscode/extensions/ms-python.python-2022.12.0/out/client/extension.js:2:2298073)
	at c (/home/aibarchyn/.vscode/extensions/ms-python.python-2022.12.0/out/client/extension.js:2:2335083)
	at Object.t.map (/home/aibarchyn/.vscode/extensions/ms-python.python-2022.12.0/out/client/extension.js:2:2335169)
	at Object.asDocumentSymbols (/home/aibarchyn/.vscode/extensions/ms-python.python-2022.12.0/out/client/extension.js:2:2305716)
	at /home/aibarchyn/.vscode/extensions/ms-python.python-2022.12.0/out/client/extension.js:2:2244261
	at async a.provideDocumentSymbols (/snap/code/104/usr/share/code/resources/app/out/vs/workbench/api/node/extensionHostProcess.js:87:37442)
[2022-08-16 11:42:37.511] [exthost] [error] [ms-python.python] provider FAILED
[2022-08-16 11:42:37.511] [exthost] [error] Error: name must not be falsy
	at Function.validate (/snap/code/104/usr/share/code/resources/app/out/vs/workbench/api/node/extensionHostProcess.js:78:101175)
	at new t (/snap/code/104/usr/share/code/resources/app/out/vs/workbench/api/node/extensionHostProcess.js:78:101124)
	at new t (/snap/code/104/usr/share/code/resources/app/out/vs/workbench/api/node/extensionHostProcess.js:78:86652)
	at G (/home/aibarchyn/.vscode/extensions/ms-python.python-2022.12.0/out/client/extension.js:2:2297898)
	at G (/home/aibarchyn/.vscode/extensions/ms-python.python-2022.12.0/out/client/extension.js:2:2298073)
	at c (/home/aibarchyn/.vscode/extensions/ms-python.python-2022.12.0/out/client/extension.js:2:2335083)
	at Object.t.map (/home/aibarchyn/.vscode/extensions/ms-python.python-2022.12.0/out/client/extension.js:2:2335169)
	at Object.asDocumentSymbols (/home/aibarchyn/.vscode/extensions/ms-python.python-2022.12.0/out/client/extension.js:2:2305716)
	at /home/aibarchyn/.vscode/extensions/ms-python.python-2022.12.0/out/client/extension.js:2:2244261
	at async a.provideDocumentSymbols (/snap/code/104/usr/share/code/resources/app/out/vs/workbench/api/node/extensionHostProcess.js:87:37442)
[2022-08-16 11:42:39.374] [exthost] [error] [ms-python.python] provider FAILED
[2022-08-16 11:42:39.374] [exthost] [error] Error: name must not be falsy
	at Function.validate (/snap/code/104/usr/share/code/resources/app/out/vs/workbench/api/node/extensionHostProcess.js:78:101175)
	at new t (/snap/code/104/usr/share/code/resources/app/out/vs/workbench/api/node/extensionHostProcess.js:78:101124)
	at new t (/snap/code/104/usr/share/code/resources/app/out/vs/workbench/api/node/extensionHostProcess.js:78:86652)
	at G (/home/aibarchyn/.vscode/extensions/ms-python.python-2022.12.0/out/client/extension.js:2:2297898)
	at G (/home/aibarchyn/.vscode/extensions/ms-python.python-2022.12.0/out/client/extension.js:2:2298073)
	at c (/home/aibarchyn/.vscode/extensions/ms-python.python-2022.12.0/out/client/extension.js:2:2335083)
	at Object.t.map (/home/aibarchyn/.vscode/extensions/ms-python.python-2022.12.0/out/client/extension.js:2:2335169)
	at Object.asDocumentSymbols (/home/aibarchyn/.vscode/extensions/ms-python.python-2022.12.0/out/client/extension.js:2:2305716)
	at /home/aibarchyn/.vscode/extensions/ms-python.python-2022.12.0/out/client/extension.js:2:2244261
	at async a.provideDocumentSymbols (/snap/code/104/usr/share/code/resources/app/out/vs/workbench/api/node/extensionHostProcess.js:87:37442)
[2022-08-16 13:58:54.727] [exthost] [info] Extension host terminating: received terminate message from renderer
[2022-08-16 13:58:54.759] [exthost] [info] Extension host with pid 6560 exiting with code 0
