[2022-08-19T03:22:16.470Z] Уровень ведения журнала: Info
[2022-08-19T03:22:16.475Z] [info] Проверка найденного git в:git
[2022-08-19T03:22:16.685Z] [info] Используется git  из git
[2022-08-19T03:22:16.718Z] > git rev-parse --show-toplevel [25ms]
[2022-08-19T03:22:16.845Z] > git rev-parse --git-dir --git-common-dir [119ms]
[2022-08-19T03:22:16.851Z] [info] Open repository: /home/aibarchyn/bots/rick_morty_bot
[2022-08-19T03:22:16.932Z] > git status -z -uall [75ms]
[2022-08-19T03:22:16.948Z] > git symbolic-ref --short HEAD [12ms]
[2022-08-19T03:22:16.972Z] > git for-each-ref --format=%(refname)%00%(upstream:short)%00%(objectname)%00%(upstream:track)%00%(upstream:remotename)%00%(upstream:remoteref) refs/heads/master refs/remotes/master [10ms]
[2022-08-19T03:22:17.014Z] > git remote --verbose [4ms]
[2022-08-19T03:22:17.015Z] > git for-each-ref --sort -committerdate --format %(refname) %(objectname) %(*objectname) [15ms]
[2022-08-19T03:22:17.179Z] > git config --get commit.template [141ms]
[2022-08-19T03:22:17.191Z] > git status -z -uall [3ms]
[2022-08-19T03:22:17.229Z] > git symbolic-ref --short HEAD [31ms]
[2022-08-19T03:22:17.263Z] > git for-each-ref --format=%(refname)%00%(upstream:short)%00%(objectname)%00%(upstream:track)%00%(upstream:remotename)%00%(upstream:remoteref) refs/heads/master refs/remotes/master [28ms]
[2022-08-19T03:22:17.284Z] > git for-each-ref --sort -committerdate --format %(refname) %(objectname) %(*objectname) [14ms]
[2022-08-19T03:22:17.296Z] > git remote --verbose [16ms]
[2022-08-19T03:22:17.320Z] > git config --get commit.template [2ms]
[2022-08-19T03:22:17.490Z] > git check-ignore -v -z --stdin [64ms]
[2022-08-19T03:22:17.491Z] > git show --textconv :kalkul.py [44ms]
[2022-08-19T03:22:17.514Z] > git ls-files --stage -- /home/aibarchyn/bots/rick_morty_bot/kalkul.py [58ms]
[2022-08-19T03:22:18.344Z] > git status -z -uall [1ms]
[2022-08-19T03:22:18.352Z] > git symbolic-ref --short HEAD [1ms]
[2022-08-19T03:22:18.359Z] > git for-each-ref --format=%(refname)%00%(upstream:short)%00%(objectname)%00%(upstream:track)%00%(upstream:remotename)%00%(upstream:remoteref) refs/heads/master refs/remotes/master [1ms]
[2022-08-19T03:22:18.372Z] > git for-each-ref --sort -committerdate --format %(refname) %(objectname) %(*objectname) [7ms]
[2022-08-19T03:22:18.374Z] > git remote --verbose [3ms]
[2022-08-19T03:22:18.384Z] > git config --get commit.template [2ms]
[2022-08-19T03:22:25.980Z] > git show --textconv :epizody.py [8ms]
[2022-08-19T03:22:25.980Z] > git ls-files --stage -- /home/aibarchyn/bots/rick_morty_bot/epizody.py [3ms]
[2022-08-19T03:24:56.309Z] > git show --textconv :bot.py [7ms]
[2022-08-19T03:24:56.311Z] > git ls-files --stage -- /home/aibarchyn/bots/rick_morty_bot/bot.py [3ms]
[2022-08-19T03:24:56.319Z] > git cat-file -s 618453ae5cfbb20abae03526de8035b65df3f0f1 [2ms]
[2022-08-19T03:25:16.704Z] > git show --textconv :epizody.py [8ms]
[2022-08-19T03:25:16.705Z] > git ls-files --stage -- /home/aibarchyn/bots/rick_morty_bot/epizody.py [2ms]
[2022-08-19T03:26:11.302Z] > git show --textconv :bot.py [6ms]
[2022-08-19T03:26:11.303Z] > git ls-files --stage -- /home/aibarchyn/bots/rick_morty_bot/bot.py [1ms]
[2022-08-19T03:26:11.308Z] > git cat-file -s 618453ae5cfbb20abae03526de8035b65df3f0f1 [1ms]
[2022-08-19T03:26:31.294Z] > git status -z -uall [1ms]
[2022-08-19T03:26:31.299Z] > git symbolic-ref --short HEAD [1ms]
[2022-08-19T03:26:31.303Z] > git for-each-ref --format=%(refname)%00%(upstream:short)%00%(objectname)%00%(upstream:track)%00%(upstream:remotename)%00%(upstream:remoteref) refs/heads/master refs/remotes/master [0ms]
[2022-08-19T03:26:31.312Z] > git for-each-ref --sort -committerdate --format %(refname) %(objectname) %(*objectname) [4ms]
[2022-08-19T03:26:31.312Z] > git remote --verbose [1ms]
[2022-08-19T03:26:31.319Z] > git config --get commit.template [1ms]
[2022-08-19T03:31:43.916Z] > git show --textconv :epizody.py [9ms]
[2022-08-19T03:31:43.917Z] > git ls-files --stage -- /home/aibarchyn/bots/rick_morty_bot/epizody.py [3ms]
[2022-08-19T03:31:44.789Z] > git status -z -uall [2ms]
[2022-08-19T03:31:44.796Z] > git symbolic-ref --short HEAD [1ms]
[2022-08-19T03:31:44.802Z] > git for-each-ref --format=%(refname)%00%(upstream:short)%00%(objectname)%00%(upstream:track)%00%(upstream:remotename)%00%(upstream:remoteref) refs/heads/master refs/remotes/master [1ms]
[2022-08-19T03:31:44.811Z] > git for-each-ref --sort -committerdate --format %(refname) %(objectname) %(*objectname) [5ms]
[2022-08-19T03:31:44.811Z] > git remote --verbose [1ms]
[2022-08-19T03:31:44.818Z] > git config --get commit.template [1ms]
[2022-08-19T03:35:35.853Z] > git show --textconv :bot.py [6ms]
[2022-08-19T03:35:35.854Z] > git ls-files --stage -- /home/aibarchyn/bots/rick_morty_bot/bot.py [2ms]
[2022-08-19T03:35:35.859Z] > git cat-file -s 618453ae5cfbb20abae03526de8035b65df3f0f1 [1ms]
[2022-08-19T03:36:04.068Z] > git show --textconv :epizody.py [6ms]
[2022-08-19T03:36:04.068Z] > git ls-files --stage -- /home/aibarchyn/bots/rick_morty_bot/epizody.py [1ms]
[2022-08-19T03:36:11.331Z] > git show --textconv :bot.py [5ms]
[2022-08-19T03:36:11.332Z] > git ls-files --stage -- /home/aibarchyn/bots/rick_morty_bot/bot.py [1ms]
[2022-08-19T03:36:11.338Z] > git cat-file -s 618453ae5cfbb20abae03526de8035b65df3f0f1 [1ms]
[2022-08-19T03:36:18.301Z] > git show --textconv :epizody.py [8ms]
[2022-08-19T03:36:18.302Z] > git ls-files --stage -- /home/aibarchyn/bots/rick_morty_bot/epizody.py [2ms]
[2022-08-19T03:36:45.354Z] > git show --textconv :bot.py [7ms]
[2022-08-19T03:36:45.354Z] > git ls-files --stage -- /home/aibarchyn/bots/rick_morty_bot/bot.py [1ms]
[2022-08-19T03:36:45.359Z] > git cat-file -s 618453ae5cfbb20abae03526de8035b65df3f0f1 [1ms]
[2022-08-19T03:37:01.510Z] > git show --textconv :epizody.py [6ms]
[2022-08-19T03:37:01.511Z] > git ls-files --stage -- /home/aibarchyn/bots/rick_morty_bot/epizody.py [1ms]
[2022-08-19T03:38:13.961Z] > git show --textconv :bot.py [6ms]
[2022-08-19T03:38:13.962Z] > git ls-files --stage -- /home/aibarchyn/bots/rick_morty_bot/bot.py [1ms]
[2022-08-19T03:38:13.966Z] > git cat-file -s 618453ae5cfbb20abae03526de8035b65df3f0f1 [1ms]
[2022-08-19T03:38:25.600Z] > git show --textconv :epizody.py [6ms]
[2022-08-19T03:38:25.601Z] > git ls-files --stage -- /home/aibarchyn/bots/rick_morty_bot/epizody.py [2ms]
[2022-08-19T03:38:31.856Z] > git show --textconv :bot.py [7ms]
[2022-08-19T03:38:31.857Z] > git ls-files --stage -- /home/aibarchyn/bots/rick_morty_bot/bot.py [2ms]
[2022-08-19T03:38:31.862Z] > git cat-file -s 618453ae5cfbb20abae03526de8035b65df3f0f1 [1ms]
[2022-08-19T04:06:05.473Z] > git check-ignore -v -z --stdin [2ms]
[2022-08-19T04:06:44.462Z] > git check-ignore -v -z --stdin [2ms]
[2022-08-19T04:06:44.996Z] > git status -z -uall [1ms]
[2022-08-19T04:06:45.003Z] > git symbolic-ref --short HEAD [1ms]
[2022-08-19T04:06:45.009Z] > git for-each-ref --format=%(refname)%00%(upstream:short)%00%(objectname)%00%(upstream:track)%00%(upstream:remotename)%00%(upstream:remoteref) refs/heads/master refs/remotes/master [1ms]
[2022-08-19T04:06:45.019Z] > git for-each-ref --sort -committerdate --format %(refname) %(objectname) %(*objectname) [6ms]
[2022-08-19T04:06:45.019Z] > git remote --verbose [1ms]
[2022-08-19T04:06:45.026Z] > git config --get commit.template [0ms]
[2022-08-19T04:07:06.664Z] > git show --textconv :__pycache__/Procfile/Procfile [7ms]
[2022-08-19T04:07:06.665Z] > git ls-files --stage -- /home/aibarchyn/bots/rick_morty_bot/__pycache__/Procfile/Procfile [2ms]
[2022-08-19T04:07:06.972Z] > git check-ignore -v -z --stdin [1ms]
[2022-08-19T04:07:07.474Z] > git status -z -uall [2ms]
[2022-08-19T04:07:07.480Z] > git symbolic-ref --short HEAD [1ms]
[2022-08-19T04:07:07.487Z] > git for-each-ref --format=%(refname)%00%(upstream:short)%00%(objectname)%00%(upstream:track)%00%(upstream:remotename)%00%(upstream:remoteref) refs/heads/master refs/remotes/master [1ms]
[2022-08-19T04:07:07.496Z] > git for-each-ref --sort -committerdate --format %(refname) %(objectname) %(*objectname) [5ms]
[2022-08-19T04:07:07.497Z] > git remote --verbose [1ms]
[2022-08-19T04:07:07.504Z] > git config --get commit.template [1ms]
[2022-08-19T04:08:03.123Z] > git status -z -uall [2ms]
[2022-08-19T04:08:03.130Z] > git symbolic-ref --short HEAD [1ms]
[2022-08-19T04:08:03.135Z] > git for-each-ref --format=%(refname)%00%(upstream:short)%00%(objectname)%00%(upstream:track)%00%(upstream:remotename)%00%(upstream:remoteref) refs/heads/master refs/remotes/master [1ms]
[2022-08-19T04:08:03.143Z] > git for-each-ref --sort -committerdate --format %(refname) %(objectname) %(*objectname) [5ms]
[2022-08-19T04:08:03.143Z] > git remote --verbose [1ms]
[2022-08-19T04:08:03.149Z] > git config --get commit.template [1ms]
[2022-08-19T04:08:17.899Z] > git show --textconv :__pycache__/Procfile/runtime.txt [11ms]
[2022-08-19T04:08:17.900Z] > git ls-files --stage -- /home/aibarchyn/bots/rick_morty_bot/__pycache__/Procfile/runtime.txt [2ms]
[2022-08-19T04:08:18.195Z] > git check-ignore -v -z --stdin [3ms]
[2022-08-19T04:08:18.697Z] > git status -z -uall [2ms]
[2022-08-19T04:08:18.702Z] > git symbolic-ref --short HEAD [0ms]
[2022-08-19T04:08:18.707Z] > git for-each-ref --format=%(refname)%00%(upstream:short)%00%(objectname)%00%(upstream:track)%00%(upstream:remotename)%00%(upstream:remoteref) refs/heads/master refs/remotes/master [1ms]
[2022-08-19T04:08:18.718Z] > git for-each-ref --sort -committerdate --format %(refname) %(objectname) %(*objectname) [6ms]
[2022-08-19T04:08:18.718Z] > git remote --verbose [1ms]
[2022-08-19T04:08:18.724Z] > git config --get commit.template [1ms]
[2022-08-19T04:08:32.753Z] > git show --textconv :__pycache__/Procfile/Procfile [10ms]
[2022-08-19T04:08:32.754Z] > git ls-files --stage -- /home/aibarchyn/bots/rick_morty_bot/__pycache__/Procfile/Procfile [2ms]
[2022-08-19T04:09:20.130Z] > git show --textconv :venv/runtime.txt [11ms]
[2022-08-19T04:09:20.131Z] > git ls-files --stage -- /home/aibarchyn/bots/rick_morty_bot/venv/runtime.txt [2ms]
[2022-08-19T04:09:20.427Z] > git check-ignore -v -z --stdin [1ms]
[2022-08-19T04:09:20.935Z] > git status -z -uall [2ms]
[2022-08-19T04:09:20.943Z] > git symbolic-ref --short HEAD [1ms]
[2022-08-19T04:09:20.948Z] > git for-each-ref --format=%(refname)%00%(upstream:short)%00%(objectname)%00%(upstream:track)%00%(upstream:remotename)%00%(upstream:remoteref) refs/heads/master refs/remotes/master [1ms]
[2022-08-19T04:09:20.959Z] > git for-each-ref --sort -committerdate --format %(refname) %(objectname) %(*objectname) [5ms]
[2022-08-19T04:09:20.959Z] > git remote --verbose [1ms]
[2022-08-19T04:09:20.966Z] > git config --get commit.template [0ms]
[2022-08-19T04:10:11.675Z] > git status -z -uall [2ms]
[2022-08-19T04:10:11.687Z] > git symbolic-ref --short HEAD [3ms]
[2022-08-19T04:10:11.693Z] > git for-each-ref --format=%(refname)%00%(upstream:short)%00%(objectname)%00%(upstream:track)%00%(upstream:remotename)%00%(upstream:remoteref) refs/heads/master refs/remotes/master [1ms]
[2022-08-19T04:10:11.713Z] > git remote --verbose [1ms]
[2022-08-19T04:10:11.713Z] > git for-each-ref --sort -committerdate --format %(refname) %(objectname) %(*objectname) [12ms]
[2022-08-19T04:10:11.722Z] > git config --get commit.template [1ms]
[2022-08-19T04:12:16.813Z] > git status -z -uall [3ms]
[2022-08-19T04:12:16.826Z] > git symbolic-ref --short HEAD [2ms]
[2022-08-19T04:12:16.835Z] > git for-each-ref --format=%(refname)%00%(upstream:short)%00%(objectname)%00%(upstream:track)%00%(upstream:remotename)%00%(upstream:remoteref) refs/heads/master refs/remotes/master [1ms]
[2022-08-19T04:12:16.845Z] > git for-each-ref --sort -committerdate --format %(refname) %(objectname) %(*objectname) [5ms]
[2022-08-19T04:12:16.845Z] > git remote --verbose [1ms]
[2022-08-19T04:12:16.852Z] > git config --get commit.template [0ms]
[2022-08-19T04:12:16.915Z] > git ls-files --stage -- /home/aibarchyn/bots/rick_morty_bot/venv/runtime.txt [2ms]
[2022-08-19T04:12:16.929Z] > git show --textconv :venv/runtime.txt [2ms]
[2022-08-19T04:14:32.172Z] > git status -z -uall [3ms]
[2022-08-19T04:14:32.182Z] > git symbolic-ref --short HEAD [2ms]
[2022-08-19T04:14:32.189Z] > git for-each-ref --format=%(refname)%00%(upstream:short)%00%(objectname)%00%(upstream:track)%00%(upstream:remotename)%00%(upstream:remoteref) refs/heads/master refs/remotes/master [1ms]
[2022-08-19T04:14:32.198Z] > git for-each-ref --sort -committerdate --format %(refname) %(objectname) %(*objectname) [4ms]
[2022-08-19T04:14:32.198Z] > git remote --verbose [1ms]
[2022-08-19T04:14:32.205Z] > git config --get commit.template [1ms]
[2022-08-19T04:14:32.275Z] > git ls-files --stage -- /home/aibarchyn/bots/rick_morty_bot/venv/runtime.txt [1ms]
[2022-08-19T04:14:32.285Z] > git show --textconv :venv/runtime.txt [1ms]
[2022-08-19T04:17:51.358Z] > git status -z -uall [3ms]
[2022-08-19T04:17:51.368Z] > git symbolic-ref --short HEAD [2ms]
[2022-08-19T04:17:51.376Z] > git for-each-ref --format=%(refname)%00%(upstream:short)%00%(objectname)%00%(upstream:track)%00%(upstream:remotename)%00%(upstream:remoteref) refs/heads/master refs/remotes/master [1ms]
[2022-08-19T04:17:51.384Z] > git for-each-ref --sort -committerdate --format %(refname) %(objectname) %(*objectname) [4ms]
[2022-08-19T04:17:51.384Z] > git remote --verbose [1ms]
[2022-08-19T04:17:51.391Z] > git config --get commit.template [1ms]
[2022-08-19T04:17:51.463Z] > git ls-files --stage -- /home/aibarchyn/bots/rick_morty_bot/venv/runtime.txt [2ms]
[2022-08-19T04:17:51.473Z] > git show --textconv :venv/runtime.txt [1ms]
[2022-08-19T04:18:12.788Z] > git status -z -uall [3ms]
[2022-08-19T04:18:12.799Z] > git symbolic-ref --short HEAD [2ms]
[2022-08-19T04:18:12.809Z] > git for-each-ref --format=%(refname)%00%(upstream:short)%00%(objectname)%00%(upstream:track)%00%(upstream:remotename)%00%(upstream:remoteref) refs/heads/master refs/remotes/master [2ms]
[2022-08-19T04:18:12.820Z] > git for-each-ref --sort -committerdate --format %(refname) %(objectname) %(*objectname) [5ms]
[2022-08-19T04:18:12.821Z] > git remote --verbose [1ms]
[2022-08-19T04:18:12.828Z] > git config --get commit.template [1ms]
[2022-08-19T04:18:12.891Z] > git ls-files --stage -- /home/aibarchyn/bots/rick_morty_bot/venv/runtime.txt [2ms]
[2022-08-19T04:18:12.902Z] > git show --textconv :venv/runtime.txt [1ms]
[2022-08-19T04:25:29.791Z] > git show --textconv :__pycache__/Procfile/Procfile [9ms]
[2022-08-19T04:25:29.792Z] > git ls-files --stage -- /home/aibarchyn/bots/rick_morty_bot/__pycache__/Procfile/Procfile [2ms]
[2022-08-19T04:25:39.709Z] > git show --textconv :Procfile [8ms]
[2022-08-19T04:25:39.709Z] > git ls-files --stage -- /home/aibarchyn/bots/rick_morty_bot/Procfile [1ms]
[2022-08-19T04:25:40.014Z] > git check-ignore -v -z --stdin [2ms]
[2022-08-19T04:25:40.516Z] > git status -z -uall [3ms]
[2022-08-19T04:25:40.525Z] > git symbolic-ref --short HEAD [1ms]
[2022-08-19T04:25:40.532Z] > git for-each-ref --format=%(refname)%00%(upstream:short)%00%(objectname)%00%(upstream:track)%00%(upstream:remotename)%00%(upstream:remoteref) refs/heads/master refs/remotes/master [2ms]
[2022-08-19T04:25:40.541Z] > git for-each-ref --sort -committerdate --format %(refname) %(objectname) %(*objectname) [5ms]
[2022-08-19T04:25:40.542Z] > git remote --verbose [1ms]
[2022-08-19T04:25:40.550Z] > git config --get commit.template [2ms]
[2022-08-19T04:25:45.143Z] > git show --textconv :__pycache__/Procfile/runtime.txt [8ms]
[2022-08-19T04:25:45.144Z] > git ls-files --stage -- /home/aibarchyn/bots/rick_morty_bot/__pycache__/Procfile/runtime.txt [1ms]
[2022-08-19T04:25:47.216Z] > git show --textconv :venv/runtime.txt [10ms]
[2022-08-19T04:25:47.216Z] > git ls-files --stage -- /home/aibarchyn/bots/rick_morty_bot/venv/runtime.txt [1ms]
[2022-08-19T04:25:51.950Z] > git show --textconv :runtime.txt [12ms]
[2022-08-19T04:25:51.951Z] > git ls-files --stage -- /home/aibarchyn/bots/rick_morty_bot/runtime.txt [2ms]
[2022-08-19T04:25:52.256Z] > git check-ignore -v -z --stdin [2ms]
[2022-08-19T04:25:52.752Z] > git status -z -uall [1ms]
[2022-08-19T04:25:52.757Z] > git symbolic-ref --short HEAD [1ms]
[2022-08-19T04:25:52.764Z] > git for-each-ref --format=%(refname)%00%(upstream:short)%00%(objectname)%00%(upstream:track)%00%(upstream:remotename)%00%(upstream:remoteref) refs/heads/master refs/remotes/master [1ms]
[2022-08-19T04:25:52.772Z] > git for-each-ref --sort -committerdate --format %(refname) %(objectname) %(*objectname) [4ms]
[2022-08-19T04:25:52.772Z] > git remote --verbose [1ms]
[2022-08-19T04:25:52.781Z] > git config --get commit.template [1ms]
[2022-08-19T04:27:53.340Z] > git status -z -uall [3ms]
[2022-08-19T04:27:53.350Z] > git symbolic-ref --short HEAD [1ms]
[2022-08-19T04:27:53.358Z] > git for-each-ref --format=%(refname)%00%(upstream:short)%00%(objectname)%00%(upstream:track)%00%(upstream:remotename)%00%(upstream:remoteref) refs/heads/master refs/remotes/master [2ms]
[2022-08-19T04:27:53.366Z] > git for-each-ref --sort -committerdate --format %(refname) %(objectname) %(*objectname) [4ms]
[2022-08-19T04:27:53.366Z] > git remote --verbose [0ms]
[2022-08-19T04:27:53.373Z] > git config --get commit.template [1ms]
[2022-08-19T04:27:53.443Z] > git ls-files --stage -- /home/aibarchyn/bots/rick_morty_bot/runtime.txt [2ms]
[2022-08-19T04:27:53.451Z] > git cat-file -s 73e24dc799ac88d8cc2ebc122c53bcc2507cc20a [1ms]
[2022-08-19T04:27:53.463Z] > git show --textconv :runtime.txt [2ms]
[2022-08-19T04:33:12.195Z] > git status -z -uall [3ms]
[2022-08-19T04:33:12.206Z] > git symbolic-ref --short HEAD [2ms]
[2022-08-19T04:33:12.215Z] > git for-each-ref --format=%(refname)%00%(upstream:short)%00%(objectname)%00%(upstream:track)%00%(upstream:remotename)%00%(upstream:remoteref) refs/heads/master refs/remotes/master [2ms]
[2022-08-19T04:33:12.227Z] > git for-each-ref --sort -committerdate --format %(refname) %(objectname) %(*objectname) [6ms]
[2022-08-19T04:33:12.227Z] > git remote --verbose [1ms]
[2022-08-19T04:33:12.236Z] > git config --get commit.template [1ms]
[2022-08-19T04:33:33.265Z] > git status -z -uall [4ms]
[2022-08-19T04:33:33.273Z] > git symbolic-ref --short HEAD [1ms]
[2022-08-19T04:33:33.282Z] > git for-each-ref --format=%(refname)%00%(upstream:short)%00%(objectname)%00%(upstream:track)%00%(upstream:remotename)%00%(upstream:remoteref) refs/heads/master refs/remotes/master [2ms]
[2022-08-19T04:33:33.292Z] > git for-each-ref --sort -committerdate --format %(refname) %(objectname) %(*objectname) [4ms]
[2022-08-19T04:33:33.292Z] > git remote --verbose [0ms]
[2022-08-19T04:33:33.299Z] > git config --get commit.template [1ms]
[2022-08-19T04:34:34.251Z] > git show --textconv :__pycache__/Procfile/runtime.txt [7ms]
[2022-08-19T04:34:34.252Z] > git ls-files --stage -- /home/aibarchyn/bots/rick_morty_bot/__pycache__/Procfile/runtime.txt [1ms]
[2022-08-19T04:35:29.600Z] > git show --textconv :.gitignore [9ms]
[2022-08-19T04:35:29.601Z] > git ls-files --stage -- /home/aibarchyn/bots/rick_morty_bot/.gitignore [1ms]
[2022-08-19T04:35:29.608Z] > git cat-file -s 61c1f79141b1cd683581feb1c4073fdafa88a0ec [1ms]
[2022-08-19T04:40:25.515Z] > git check-ignore -v -z --stdin [2ms]
[2022-08-19T04:43:06.023Z] > git status -z -uall [1ms]
[2022-08-19T04:43:06.029Z] > git symbolic-ref --short HEAD [1ms]
[2022-08-19T04:43:06.035Z] > git for-each-ref --format=%(refname)%00%(upstream:short)%00%(objectname)%00%(upstream:track)%00%(upstream:remotename)%00%(upstream:remoteref) refs/heads/master refs/remotes/master [2ms]
[2022-08-19T04:43:06.044Z] > git for-each-ref --sort -committerdate --format %(refname) %(objectname) %(*objectname) [5ms]
[2022-08-19T04:43:06.044Z] > git remote --verbose [1ms]
[2022-08-19T04:43:06.050Z] > git config --get commit.template [1ms]
[2022-08-19T04:43:20.355Z] > git show --textconv :Procfile [7ms]
[2022-08-19T04:43:20.356Z] > git ls-files --stage -- /home/aibarchyn/bots/rick_morty_bot/Procfile [1ms]
[2022-08-19T04:43:20.360Z] > git cat-file -s ce3eb4d298d3435908a585faa35f224f5cc12d52 [1ms]
[2022-08-19T04:43:20.652Z] > git check-ignore -v -z --stdin [1ms]
[2022-08-19T04:43:21.157Z] > git status -z -uall [2ms]
[2022-08-19T04:43:21.162Z] > git symbolic-ref --short HEAD [1ms]
[2022-08-19T04:43:21.167Z] > git for-each-ref --format=%(refname)%00%(upstream:short)%00%(objectname)%00%(upstream:track)%00%(upstream:remotename)%00%(upstream:remoteref) refs/heads/master refs/remotes/master [1ms]
[2022-08-19T04:43:21.175Z] > git for-each-ref --sort -committerdate --format %(refname) %(objectname) %(*objectname) [4ms]
[2022-08-19T04:43:21.175Z] > git remote --verbose [1ms]
[2022-08-19T04:43:21.181Z] > git config --get commit.template [1ms]
[2022-08-19T04:43:51.360Z] > git status -z -uall [2ms]
[2022-08-19T04:43:51.372Z] > git symbolic-ref --short HEAD [2ms]
[2022-08-19T04:43:51.382Z] > git for-each-ref --format=%(refname)%00%(upstream:short)%00%(objectname)%00%(upstream:track)%00%(upstream:remotename)%00%(upstream:remoteref) refs/heads/master refs/remotes/master [2ms]
[2022-08-19T04:43:51.393Z] > git for-each-ref --sort -committerdate --format %(refname) %(objectname) %(*objectname) [5ms]
[2022-08-19T04:43:51.393Z] > git remote --verbose [1ms]
[2022-08-19T04:43:51.400Z] > git config --get commit.template [1ms]
[2022-08-19T04:44:02.909Z] > git show --textconv :runtime.txt [11ms]
[2022-08-19T04:44:02.909Z] > git ls-files --stage -- /home/aibarchyn/bots/rick_morty_bot/runtime.txt [1ms]
[2022-08-19T04:44:02.918Z] > git cat-file -s 73e24dc799ac88d8cc2ebc122c53bcc2507cc20a [2ms]
[2022-08-19T04:44:51.523Z] > git show --textconv :requirements.txt [4ms]
[2022-08-19T04:44:51.524Z] > git ls-files --stage -- /home/aibarchyn/bots/rick_morty_bot/requirements.txt [1ms]
[2022-08-19T04:44:51.529Z] > git cat-file -s 65b2487e2722ba2a0767d464072def459d9a2c74 [1ms]
[2022-08-19T04:44:52.192Z] > git status -z -uall [3ms]
[2022-08-19T04:44:52.200Z] > git symbolic-ref --short HEAD [1ms]
[2022-08-19T04:44:52.207Z] > git for-each-ref --format=%(refname)%00%(upstream:short)%00%(objectname)%00%(upstream:track)%00%(upstream:remotename)%00%(upstream:remoteref) refs/heads/master refs/remotes/master [1ms]
[2022-08-19T04:44:52.215Z] > git remote --verbose [1ms]
[2022-08-19T04:44:52.215Z] > git for-each-ref --sort -committerdate --format %(refname) %(objectname) %(*objectname) [4ms]
[2022-08-19T04:44:52.223Z] > git config --get commit.template [1ms]
[2022-08-19T04:44:53.727Z] > git show --textconv :Procfile [9ms]
[2022-08-19T04:44:53.728Z] > git ls-files --stage -- /home/aibarchyn/bots/rick_morty_bot/Procfile [1ms]
[2022-08-19T04:44:53.734Z] > git cat-file -s ce3eb4d298d3435908a585faa35f224f5cc12d52 [1ms]
[2022-08-19T04:44:55.572Z] > git show --textconv :runtime.txt [8ms]
[2022-08-19T04:44:55.573Z] > git ls-files --stage -- /home/aibarchyn/bots/rick_morty_bot/runtime.txt [1ms]
[2022-08-19T04:44:55.578Z] > git cat-file -s 73e24dc799ac88d8cc2ebc122c53bcc2507cc20a [1ms]
[2022-08-19T04:44:59.047Z] > git show --textconv :requirements.txt [8ms]
[2022-08-19T04:44:59.064Z] > git ls-files --stage -- /home/aibarchyn/bots/rick_morty_bot/requirements.txt [17ms]
[2022-08-19T04:44:59.075Z] > git cat-file -s 65b2487e2722ba2a0767d464072def459d9a2c74 [1ms]
[2022-08-19T04:45:09.572Z] > git show --textconv :.gitignore [9ms]
[2022-08-19T04:45:09.574Z] > git ls-files --stage -- /home/aibarchyn/bots/rick_morty_bot/.gitignore [2ms]
[2022-08-19T04:45:09.580Z] > git cat-file -s 61c1f79141b1cd683581feb1c4073fdafa88a0ec [1ms]
[2022-08-19T04:51:47.082Z] > git status -z -uall [3ms]
[2022-08-19T04:51:47.094Z] > git symbolic-ref --short HEAD [2ms]
[2022-08-19T04:51:47.106Z] > git for-each-ref --format=%(refname)%00%(upstream:short)%00%(objectname)%00%(upstream:track)%00%(upstream:remotename)%00%(upstream:remoteref) refs/heads/master refs/remotes/master [3ms]
[2022-08-19T04:51:47.134Z] > git remote --verbose [10ms]
[2022-08-19T04:51:47.134Z] > git for-each-ref --sort -committerdate --format %(refname) %(objectname) %(*objectname) [19ms]
[2022-08-19T04:51:47.147Z] > git check-ignore -v -z --stdin [14ms]
[2022-08-19T04:51:47.148Z] > git config --get commit.template [2ms]
[2022-08-19T04:51:53.944Z] > git status -z -uall [3ms]
[2022-08-19T04:51:53.954Z] > git symbolic-ref --short HEAD [2ms]
[2022-08-19T04:51:53.961Z] > git for-each-ref --format=%(refname)%00%(upstream:short)%00%(objectname)%00%(upstream:track)%00%(upstream:remotename)%00%(upstream:remoteref) refs/heads/master refs/remotes/master [1ms]
[2022-08-19T04:51:53.971Z] > git for-each-ref --sort -committerdate --format %(refname) %(objectname) %(*objectname) [5ms]
[2022-08-19T04:51:53.971Z] > git remote --verbose [1ms]
[2022-08-19T04:51:53.978Z] > git config --get commit.template [1ms]
[2022-08-19T04:54:43.173Z] > git show --textconv :Procfile [8ms]
[2022-08-19T04:54:43.174Z] > git ls-files --stage -- /home/aibarchyn/bots/rick_morty_bot/Procfile [1ms]
[2022-08-19T04:54:43.179Z] > git cat-file -s ce3eb4d298d3435908a585faa35f224f5cc12d52 [0ms]
[2022-08-19T04:54:54.176Z] > git status -z -uall [4ms]
[2022-08-19T04:54:54.187Z] > git symbolic-ref --short HEAD [2ms]
[2022-08-19T04:54:54.196Z] > git for-each-ref --format=%(refname)%00%(upstream:short)%00%(objectname)%00%(upstream:track)%00%(upstream:remotename)%00%(upstream:remoteref) refs/heads/master refs/remotes/master [2ms]
[2022-08-19T04:54:54.207Z] > git for-each-ref --sort -committerdate --format %(refname) %(objectname) %(*objectname) [5ms]
[2022-08-19T04:54:54.207Z] > git remote --verbose [1ms]
[2022-08-19T04:54:54.213Z] > git config --get commit.template [1ms]
[2022-08-19T04:55:08.758Z] > git check-ignore -v -z --stdin [2ms]
[2022-08-19T04:55:22.392Z] > git show --textconv :.gitignore [10ms]
[2022-08-19T04:55:22.392Z] > git ls-files --stage -- /home/aibarchyn/bots/rick_morty_bot/.gitignore [1ms]
[2022-08-19T04:55:22.398Z] > git cat-file -s 61c1f79141b1cd683581feb1c4073fdafa88a0ec [1ms]
[2022-08-19T04:55:39.510Z] > git check-ignore -v -z --stdin [3ms]
[2022-08-19T04:55:39.903Z] > git status -z -uall [3ms]
[2022-08-19T04:55:39.914Z] > git symbolic-ref --short HEAD [2ms]
[2022-08-19T04:55:39.924Z] > git for-each-ref --format=%(refname)%00%(upstream:short)%00%(objectname)%00%(upstream:track)%00%(upstream:remotename)%00%(upstream:remoteref) refs/heads/master refs/remotes/master [2ms]
[2022-08-19T04:55:39.936Z] > git for-each-ref --sort -committerdate --format %(refname) %(objectname) %(*objectname) [6ms]
[2022-08-19T04:55:39.936Z] > git remote --verbose [1ms]
[2022-08-19T04:55:39.941Z] > git config --get commit.template [0ms]
[2022-08-19T04:55:46.988Z] > git status -z -uall [3ms]
[2022-08-19T04:55:47.000Z] > git symbolic-ref --short HEAD [1ms]
[2022-08-19T04:55:47.013Z] > git for-each-ref --format=%(refname)%00%(upstream:short)%00%(objectname)%00%(upstream:track)%00%(upstream:remotename)%00%(upstream:remoteref) refs/heads/master refs/remotes/master [5ms]
[2022-08-19T04:55:47.024Z] > git for-each-ref --sort -committerdate --format %(refname) %(objectname) %(*objectname) [5ms]
[2022-08-19T04:55:47.024Z] > git remote --verbose [1ms]
[2022-08-19T04:55:47.034Z] > git config --get commit.template [1ms]
[2022-08-19T04:55:47.090Z] > git ls-files --stage -- /home/aibarchyn/bots/rick_morty_bot/.gitignore [1ms]
[2022-08-19T04:55:47.099Z] > git cat-file -s 85c0891abf9347cae103ed30ff60b84f5c7ed20c [2ms]
[2022-08-19T04:55:47.110Z] > git show --textconv :.gitignore [2ms]
[2022-08-19T04:55:48.856Z] > git ls-files --stage -- /home/aibarchyn/bots/rick_morty_bot/.gitignore [2ms]
[2022-08-19T04:55:48.861Z] > git cat-file -s 85c0891abf9347cae103ed30ff60b84f5c7ed20c [1ms]
[2022-08-19T04:55:48.870Z] > git show --textconv :.gitignore [1ms]
[2022-08-19T04:55:52.049Z] > git status -z -uall [3ms]
[2022-08-19T04:55:52.060Z] > git symbolic-ref --short HEAD [1ms]
[2022-08-19T04:55:52.071Z] > git for-each-ref --format=%(refname)%00%(upstream:short)%00%(objectname)%00%(upstream:track)%00%(upstream:remotename)%00%(upstream:remoteref) refs/heads/master refs/remotes/master [2ms]
[2022-08-19T04:55:52.085Z] > git for-each-ref --sort -committerdate --format %(refname) %(objectname) %(*objectname) [7ms]
[2022-08-19T04:55:52.085Z] > git remote --verbose [1ms]
[2022-08-19T04:55:52.092Z] > git config --get commit.template [1ms]
[2022-08-19T05:39:24.487Z] > git check-ignore -v -z --stdin [1ms]
[2022-08-19T06:03:30.576Z] > git show --textconv :test.py [5ms]
[2022-08-19T06:03:30.576Z] > git ls-files --stage -- /home/aibarchyn/bots/rick_morty_bot/test.py [1ms]
[2022-08-19T06:03:30.880Z] > git check-ignore -v -z --stdin [1ms]
[2022-08-19T06:03:31.389Z] > git status -z -uall [4ms]
[2022-08-19T06:03:31.400Z] > git symbolic-ref --short HEAD [1ms]
[2022-08-19T06:03:31.412Z] > git for-each-ref --format=%(refname)%00%(upstream:short)%00%(objectname)%00%(upstream:track)%00%(upstream:remotename)%00%(upstream:remoteref) refs/heads/master refs/remotes/master [2ms]
[2022-08-19T06:03:31.430Z] > git for-each-ref --sort -committerdate --format %(refname) %(objectname) %(*objectname) [10ms]
[2022-08-19T06:03:31.431Z] > git remote --verbose [3ms]
[2022-08-19T06:03:31.443Z] > git config --get commit.template [2ms]
[2022-08-19T06:04:00.430Z] > git status -z -uall [1ms]
[2022-08-19T06:04:00.437Z] > git symbolic-ref --short HEAD [1ms]
[2022-08-19T06:04:00.443Z] > git for-each-ref --format=%(refname)%00%(upstream:short)%00%(objectname)%00%(upstream:track)%00%(upstream:remotename)%00%(upstream:remoteref) refs/heads/master refs/remotes/master [1ms]
[2022-08-19T06:04:00.454Z] > git for-each-ref --sort -committerdate --format %(refname) %(objectname) %(*objectname) [5ms]
[2022-08-19T06:04:00.455Z] > git remote --verbose [2ms]
[2022-08-19T06:04:00.463Z] > git config --get commit.template [1ms]
