[2022-08-18T04:00:07.694Z] Log level: Info
[2022-08-18T04:00:07.696Z] [info] Validating found git in: git
[2022-08-18T04:00:07.715Z] [info] Using git 2.34.1 from git
[2022-08-18T04:00:07.728Z] > git rev-parse --show-toplevel [7ms]
[2022-08-18T04:00:07.763Z] > git rev-parse --git-dir --git-common-dir [29ms]
[2022-08-18T04:00:07.771Z] [info] Open repository: /home/aibarchyn/bots/rick_morty_bot
[2022-08-18T04:00:07.815Z] > git status -z -uall [36ms]
[2022-08-18T04:00:07.832Z] > git symbolic-ref --short HEAD [4ms]
[2022-08-18T04:00:07.845Z] > git for-each-ref --format=%(refname)%00%(upstream:short)%00%(objectname)%00%(upstream:track)%00%(upstream:remotename)%00%(upstream:remoteref) refs/heads/master refs/remotes/master [8ms]
[2022-08-18T04:00:07.857Z] > git for-each-ref --sort -committerdate --format %(refname) %(objectname) %(*objectname) [8ms]
[2022-08-18T04:00:07.858Z] > git remote --verbose [5ms]
[2022-08-18T04:00:07.882Z] > git config --get commit.template [18ms]
[2022-08-18T04:00:07.890Z] > git status -z -uall [2ms]
[2022-08-18T04:00:07.895Z] > git symbolic-ref --short HEAD [1ms]
[2022-08-18T04:00:07.900Z] > git for-each-ref --format=%(refname)%00%(upstream:short)%00%(objectname)%00%(upstream:track)%00%(upstream:remotename)%00%(upstream:remoteref) refs/heads/master refs/remotes/master [1ms]
[2022-08-18T04:00:07.912Z] > git for-each-ref --sort -committerdate --format %(refname) %(objectname) %(*objectname) [7ms]
[2022-08-18T04:00:07.912Z] > git remote --verbose [2ms]
[2022-08-18T04:00:07.920Z] > git config --get commit.template [1ms]
[2022-08-18T04:00:08.322Z] > git check-ignore -v -z --stdin [3ms]
[2022-08-18T04:00:37.260Z] > git check-ignore -v -z --stdin [2ms]
[2022-08-18T04:00:37.286Z] > git status -z -uall [3ms]
[2022-08-18T04:00:37.294Z] > git symbolic-ref --short HEAD [1ms]
[2022-08-18T04:00:37.301Z] > git for-each-ref --format=%(refname)%00%(upstream:short)%00%(objectname)%00%(upstream:track)%00%(upstream:remotename)%00%(upstream:remoteref) refs/heads/master refs/remotes/master [1ms]
[2022-08-18T04:00:37.310Z] > git for-each-ref --sort -committerdate --format %(refname) %(objectname) %(*objectname) [5ms]
[2022-08-18T04:00:37.310Z] > git remote --verbose [1ms]
[2022-08-18T04:00:37.316Z] > git config --get commit.template [1ms]
[2022-08-18T04:03:39.035Z] > git show --textconv :bot.py [603ms]
[2022-08-18T04:03:39.037Z] > git ls-files --stage -- /home/aibarchyn/bots/rick_morty_bot/bot.py [584ms]
[2022-08-18T04:03:39.089Z] > git cat-file -s 618453ae5cfbb20abae03526de8035b65df3f0f1 [40ms]
[2022-08-18T04:05:25.118Z] > git show --textconv :main.py [5ms]
[2022-08-18T04:05:25.119Z] > git ls-files --stage -- /home/aibarchyn/bots/rick_morty_bot/main.py [1ms]
[2022-08-18T04:05:25.124Z] > git cat-file -s 6fa68f6d28c06f11ada6cbf5ac20b373606c0852 [1ms]
[2022-08-18T04:17:47.452Z] > git show --textconv :config.py [12ms]
[2022-08-18T04:17:47.454Z] > git ls-files --stage -- /home/aibarchyn/bots/rick_morty_bot/config.py [2ms]
[2022-08-18T04:17:47.461Z] > git cat-file -s 44b942c63fecfe0bbfcf806086d9a8e8c76dc5a3 [1ms]
[2022-08-18T04:17:50.919Z] > git show --textconv :main.py [5ms]
[2022-08-18T04:17:50.919Z] > git ls-files --stage -- /home/aibarchyn/bots/rick_morty_bot/main.py [1ms]
[2022-08-18T04:17:50.924Z] > git cat-file -s 6fa68f6d28c06f11ada6cbf5ac20b373606c0852 [1ms]
[2022-08-18T04:18:05.583Z] > git show --textconv :config.py [10ms]
[2022-08-18T04:18:05.584Z] > git ls-files --stage -- /home/aibarchyn/bots/rick_morty_bot/config.py [2ms]
[2022-08-18T04:18:05.590Z] > git cat-file -s 44b942c63fecfe0bbfcf806086d9a8e8c76dc5a3 [1ms]
[2022-08-18T04:18:27.543Z] > git show --textconv :locations.py [10ms]
[2022-08-18T04:18:27.545Z] > git ls-files --stage -- /home/aibarchyn/bots/rick_morty_bot/locations.py [3ms]
[2022-08-18T04:18:27.811Z] > git check-ignore -v -z --stdin [4ms]
[2022-08-18T04:18:28.312Z] > git status -z -uall [4ms]
[2022-08-18T04:18:28.327Z] > git symbolic-ref --short HEAD [3ms]
[2022-08-18T04:18:28.340Z] > git for-each-ref --format=%(refname)%00%(upstream:short)%00%(objectname)%00%(upstream:track)%00%(upstream:remotename)%00%(upstream:remoteref) refs/heads/master refs/remotes/master [3ms]
[2022-08-18T04:18:28.361Z] > git for-each-ref --sort -committerdate --format %(refname) %(objectname) %(*objectname) [11ms]
[2022-08-18T04:18:28.362Z] > git remote --verbose [3ms]
[2022-08-18T04:18:28.376Z] > git config --get commit.template [1ms]
[2022-08-18T04:18:46.436Z] > git show --textconv :config.py [8ms]
[2022-08-18T04:18:46.437Z] > git ls-files --stage -- /home/aibarchyn/bots/rick_morty_bot/config.py [2ms]
[2022-08-18T04:18:46.442Z] > git cat-file -s 44b942c63fecfe0bbfcf806086d9a8e8c76dc5a3 [0ms]
[2022-08-18T04:18:47.086Z] > git status -z -uall [3ms]
[2022-08-18T04:18:47.094Z] > git symbolic-ref --short HEAD [2ms]
[2022-08-18T04:18:47.103Z] > git for-each-ref --format=%(refname)%00%(upstream:short)%00%(objectname)%00%(upstream:track)%00%(upstream:remotename)%00%(upstream:remoteref) refs/heads/master refs/remotes/master [2ms]
[2022-08-18T04:18:47.119Z] > git for-each-ref --sort -committerdate --format %(refname) %(objectname) %(*objectname) [9ms]
[2022-08-18T04:18:47.120Z] > git remote --verbose [2ms]
[2022-08-18T04:18:47.132Z] > git config --get commit.template [2ms]
[2022-08-18T04:19:04.420Z] > git status -z -uall [1ms]
[2022-08-18T04:19:04.428Z] > git symbolic-ref --short HEAD [1ms]
[2022-08-18T04:19:04.434Z] > git for-each-ref --format=%(refname)%00%(upstream:short)%00%(objectname)%00%(upstream:track)%00%(upstream:remotename)%00%(upstream:remoteref) refs/heads/master refs/remotes/master [1ms]
[2022-08-18T04:19:04.444Z] > git for-each-ref --sort -committerdate --format %(refname) %(objectname) %(*objectname) [6ms]
[2022-08-18T04:19:04.445Z] > git remote --verbose [1ms]
[2022-08-18T04:19:04.454Z] > git config --get commit.template [1ms]
[2022-08-18T04:19:15.020Z] > git show --textconv :locations.py [10ms]
[2022-08-18T04:19:15.021Z] > git ls-files --stage -- /home/aibarchyn/bots/rick_morty_bot/locations.py [2ms]
[2022-08-18T04:19:15.668Z] > git status -z -uall [3ms]
[2022-08-18T04:19:15.675Z] > git symbolic-ref --short HEAD [1ms]
[2022-08-18T04:19:15.680Z] > git for-each-ref --format=%(refname)%00%(upstream:short)%00%(objectname)%00%(upstream:track)%00%(upstream:remotename)%00%(upstream:remoteref) refs/heads/master refs/remotes/master [0ms]
[2022-08-18T04:19:15.690Z] > git remote --verbose [1ms]
[2022-08-18T04:19:15.690Z] > git for-each-ref --sort -committerdate --format %(refname) %(objectname) %(*objectname) [5ms]
[2022-08-18T04:19:15.696Z] > git config --get commit.template [0ms]
[2022-08-18T04:19:45.960Z] > git status -z -uall [1ms]
[2022-08-18T04:19:45.966Z] > git symbolic-ref --short HEAD [1ms]
[2022-08-18T04:19:45.972Z] > git for-each-ref --format=%(refname)%00%(upstream:short)%00%(objectname)%00%(upstream:track)%00%(upstream:remotename)%00%(upstream:remoteref) refs/heads/master refs/remotes/master [1ms]
[2022-08-18T04:19:45.983Z] > git for-each-ref --sort -committerdate --format %(refname) %(objectname) %(*objectname) [6ms]
[2022-08-18T04:19:45.983Z] > git remote --verbose [1ms]
[2022-08-18T04:19:45.990Z] > git config --get commit.template [1ms]
[2022-08-18T04:19:56.200Z] > git status -z -uall [3ms]
[2022-08-18T04:19:56.208Z] > git symbolic-ref --short HEAD [1ms]
[2022-08-18T04:19:56.216Z] > git for-each-ref --format=%(refname)%00%(upstream:short)%00%(objectname)%00%(upstream:track)%00%(upstream:remotename)%00%(upstream:remoteref) refs/heads/master refs/remotes/master [1ms]
[2022-08-18T04:19:56.228Z] > git remote --verbose [1ms]
[2022-08-18T04:19:56.228Z] > git for-each-ref --sort -committerdate --format %(refname) %(objectname) %(*objectname) [7ms]
[2022-08-18T04:19:56.236Z] > git config --get commit.template [1ms]
[2022-08-18T04:20:14.883Z] > git show --textconv :config.py [12ms]
[2022-08-18T04:20:14.883Z] > git ls-files --stage -- /home/aibarchyn/bots/rick_morty_bot/config.py [1ms]
[2022-08-18T04:20:14.890Z] > git cat-file -s 44b942c63fecfe0bbfcf806086d9a8e8c76dc5a3 [1ms]
[2022-08-18T04:20:22.692Z] > git show --textconv :character.py [9ms]
[2022-08-18T04:20:22.693Z] > git ls-files --stage -- /home/aibarchyn/bots/rick_morty_bot/character.py [1ms]
[2022-08-18T04:20:22.703Z] > git cat-file -s fb15f789db0c9f217b796bf0ab4ef50ffc00ae3f [2ms]
[2022-08-18T04:20:25.444Z] > git show --textconv :config.py [13ms]
[2022-08-18T04:20:25.445Z] > git ls-files --stage -- /home/aibarchyn/bots/rick_morty_bot/config.py [2ms]
[2022-08-18T04:20:25.493Z] > git cat-file -s 44b942c63fecfe0bbfcf806086d9a8e8c76dc5a3 [3ms]
[2022-08-18T04:20:32.941Z] > git show --textconv :locations.py [10ms]
[2022-08-18T04:20:32.941Z] > git ls-files --stage -- /home/aibarchyn/bots/rick_morty_bot/locations.py [1ms]
[2022-08-18T04:22:08.642Z] > git status -z -uall [1ms]
[2022-08-18T04:22:08.648Z] > git symbolic-ref --short HEAD [0ms]
[2022-08-18T04:22:08.654Z] > git for-each-ref --format=%(refname)%00%(upstream:short)%00%(objectname)%00%(upstream:track)%00%(upstream:remotename)%00%(upstream:remoteref) refs/heads/master refs/remotes/master [1ms]
[2022-08-18T04:22:08.663Z] > git for-each-ref --sort -committerdate --format %(refname) %(objectname) %(*objectname) [5ms]
[2022-08-18T04:22:08.664Z] > git remote --verbose [2ms]
[2022-08-18T04:22:08.671Z] > git config --get commit.template [1ms]
[2022-08-18T04:22:45.451Z] > git status -z -uall [3ms]
[2022-08-18T04:22:45.461Z] > git symbolic-ref --short HEAD [1ms]
[2022-08-18T04:22:45.468Z] > git for-each-ref --format=%(refname)%00%(upstream:short)%00%(objectname)%00%(upstream:track)%00%(upstream:remotename)%00%(upstream:remoteref) refs/heads/master refs/remotes/master [2ms]
[2022-08-18T04:22:45.478Z] > git for-each-ref --sort -committerdate --format %(refname) %(objectname) %(*objectname) [6ms]
[2022-08-18T04:22:45.478Z] > git remote --verbose [1ms]
[2022-08-18T04:22:45.485Z] > git config --get commit.template [1ms]
[2022-08-18T04:27:23.949Z] > git status -z -uall [3ms]
[2022-08-18T04:27:23.958Z] > git symbolic-ref --short HEAD [1ms]
[2022-08-18T04:27:23.966Z] > git for-each-ref --format=%(refname)%00%(upstream:short)%00%(objectname)%00%(upstream:track)%00%(upstream:remotename)%00%(upstream:remoteref) refs/heads/master refs/remotes/master [1ms]
[2022-08-18T04:27:23.977Z] > git for-each-ref --sort -committerdate --format %(refname) %(objectname) %(*objectname) [6ms]
[2022-08-18T04:27:23.977Z] > git remote --verbose [2ms]
[2022-08-18T04:27:23.984Z] > git config --get commit.template [1ms]
[2022-08-18T04:27:33.998Z] > git status -z -uall [2ms]
[2022-08-18T04:27:34.005Z] > git symbolic-ref --short HEAD [1ms]
[2022-08-18T04:27:34.012Z] > git for-each-ref --format=%(refname)%00%(upstream:short)%00%(objectname)%00%(upstream:track)%00%(upstream:remotename)%00%(upstream:remoteref) refs/heads/master refs/remotes/master [1ms]
[2022-08-18T04:27:34.022Z] > git for-each-ref --sort -committerdate --format %(refname) %(objectname) %(*objectname) [5ms]
[2022-08-18T04:27:34.022Z] > git remote --verbose [1ms]
[2022-08-18T04:27:34.029Z] > git config --get commit.template [0ms]
[2022-08-18T04:28:14.963Z] > git show --textconv :bot.py [6ms]
[2022-08-18T04:28:14.964Z] > git ls-files --stage -- /home/aibarchyn/bots/rick_morty_bot/bot.py [1ms]
[2022-08-18T04:28:14.969Z] > git cat-file -s 618453ae5cfbb20abae03526de8035b65df3f0f1 [1ms]
[2022-08-18T04:28:36.634Z] > git status -z -uall [10ms]
[2022-08-18T04:28:36.639Z] > git check-ignore -v -z --stdin [6ms]
[2022-08-18T04:28:36.640Z] > git symbolic-ref --short HEAD [1ms]
[2022-08-18T04:28:36.646Z] > git for-each-ref --format=%(refname)%00%(upstream:short)%00%(objectname)%00%(upstream:track)%00%(upstream:remotename)%00%(upstream:remoteref) refs/heads/master refs/remotes/master [1ms]
[2022-08-18T04:28:36.657Z] > git for-each-ref --sort -committerdate --format %(refname) %(objectname) %(*objectname) [6ms]
[2022-08-18T04:28:36.657Z] > git remote --verbose [0ms]
[2022-08-18T04:28:36.664Z] > git config --get commit.template [1ms]
[2022-08-18T04:29:40.570Z] > git show --textconv :main.py [9ms]
[2022-08-18T04:29:40.570Z] > git ls-files --stage -- /home/aibarchyn/bots/rick_morty_bot/main.py [1ms]
[2022-08-18T04:29:40.577Z] > git cat-file -s 6fa68f6d28c06f11ada6cbf5ac20b373606c0852 [1ms]
[2022-08-18T04:29:41.225Z] > git status -z -uall [3ms]
[2022-08-18T04:29:41.231Z] > git symbolic-ref --short HEAD [0ms]
[2022-08-18T04:29:41.238Z] > git for-each-ref --format=%(refname)%00%(upstream:short)%00%(objectname)%00%(upstream:track)%00%(upstream:remotename)%00%(upstream:remoteref) refs/heads/master refs/remotes/master [1ms]
[2022-08-18T04:29:41.248Z] > git for-each-ref --sort -committerdate --format %(refname) %(objectname) %(*objectname) [6ms]
[2022-08-18T04:29:41.248Z] > git remote --verbose [1ms]
[2022-08-18T04:29:41.255Z] > git config --get commit.template [0ms]
[2022-08-18T04:30:12.896Z] > git show --textconv :bot.py [6ms]
[2022-08-18T04:30:12.897Z] > git ls-files --stage -- /home/aibarchyn/bots/rick_morty_bot/bot.py [1ms]
[2022-08-18T04:30:12.904Z] > git cat-file -s 618453ae5cfbb20abae03526de8035b65df3f0f1 [1ms]
[2022-08-18T04:30:13.543Z] > git status -z -uall [3ms]
[2022-08-18T04:30:13.552Z] > git symbolic-ref --short HEAD [1ms]
[2022-08-18T04:30:13.558Z] > git for-each-ref --format=%(refname)%00%(upstream:short)%00%(objectname)%00%(upstream:track)%00%(upstream:remotename)%00%(upstream:remoteref) refs/heads/master refs/remotes/master [1ms]
[2022-08-18T04:30:13.569Z] > git for-each-ref --sort -committerdate --format %(refname) %(objectname) %(*objectname) [6ms]
[2022-08-18T04:30:13.570Z] > git remote --verbose [1ms]
[2022-08-18T04:30:13.577Z] > git config --get commit.template [1ms]
[2022-08-18T04:30:31.651Z] > git show --textconv :main.py [8ms]
[2022-08-18T04:30:31.651Z] > git ls-files --stage -- /home/aibarchyn/bots/rick_morty_bot/main.py [1ms]
[2022-08-18T04:30:31.658Z] > git cat-file -s 6fa68f6d28c06f11ada6cbf5ac20b373606c0852 [1ms]
[2022-08-18T04:30:32.295Z] > git status -z -uall [3ms]
[2022-08-18T04:30:32.307Z] > git symbolic-ref --short HEAD [2ms]
[2022-08-18T04:30:32.319Z] > git for-each-ref --format=%(refname)%00%(upstream:short)%00%(objectname)%00%(upstream:track)%00%(upstream:remotename)%00%(upstream:remoteref) refs/heads/master refs/remotes/master [3ms]
[2022-08-18T04:30:32.333Z] > git for-each-ref --sort -committerdate --format %(refname) %(objectname) %(*objectname) [7ms]
[2022-08-18T04:30:32.333Z] > git remote --verbose [1ms]
[2022-08-18T04:30:32.340Z] > git config --get commit.template [0ms]
[2022-08-18T04:30:39.969Z] > git show --textconv :bot.py [14ms]
[2022-08-18T04:30:39.969Z] > git ls-files --stage -- /home/aibarchyn/bots/rick_morty_bot/bot.py [2ms]
[2022-08-18T04:30:39.976Z] > git cat-file -s 618453ae5cfbb20abae03526de8035b65df3f0f1 [1ms]
[2022-08-18T04:30:40.589Z] > git status -z -uall [3ms]
[2022-08-18T04:30:40.600Z] > git symbolic-ref --short HEAD [2ms]
[2022-08-18T04:30:40.609Z] > git for-each-ref --format=%(refname)%00%(upstream:short)%00%(objectname)%00%(upstream:track)%00%(upstream:remotename)%00%(upstream:remoteref) refs/heads/master refs/remotes/master [2ms]
[2022-08-18T04:30:40.622Z] > git for-each-ref --sort -committerdate --format %(refname) %(objectname) %(*objectname) [6ms]
[2022-08-18T04:30:40.622Z] > git remote --verbose [0ms]
[2022-08-18T04:30:40.629Z] > git config --get commit.template [1ms]
[2022-08-18T04:32:15.405Z] > git show --textconv :main.py [6ms]
[2022-08-18T04:32:15.406Z] > git ls-files --stage -- /home/aibarchyn/bots/rick_morty_bot/main.py [1ms]
[2022-08-18T04:32:15.411Z] > git cat-file -s 6fa68f6d28c06f11ada6cbf5ac20b373606c0852 [1ms]
[2022-08-18T04:32:16.046Z] > git status -z -uall [4ms]
[2022-08-18T04:32:16.057Z] > git symbolic-ref --short HEAD [1ms]
[2022-08-18T04:32:16.064Z] > git for-each-ref --format=%(refname)%00%(upstream:short)%00%(objectname)%00%(upstream:track)%00%(upstream:remotename)%00%(upstream:remoteref) refs/heads/master refs/remotes/master [1ms]
[2022-08-18T04:32:16.074Z] > git for-each-ref --sort -committerdate --format %(refname) %(objectname) %(*objectname) [5ms]
[2022-08-18T04:32:16.074Z] > git remote --verbose [1ms]
[2022-08-18T04:32:16.081Z] > git config --get commit.template [0ms]
[2022-08-18T04:32:24.208Z] > git show --textconv :bot.py [6ms]
[2022-08-18T04:32:24.208Z] > git ls-files --stage -- /home/aibarchyn/bots/rick_morty_bot/bot.py [0ms]
[2022-08-18T04:32:24.214Z] > git cat-file -s 618453ae5cfbb20abae03526de8035b65df3f0f1 [0ms]
[2022-08-18T04:32:24.852Z] > git status -z -uall [1ms]
[2022-08-18T04:32:24.858Z] > git symbolic-ref --short HEAD [0ms]
[2022-08-18T04:32:24.866Z] > git for-each-ref --format=%(refname)%00%(upstream:short)%00%(objectname)%00%(upstream:track)%00%(upstream:remotename)%00%(upstream:remoteref) refs/heads/master refs/remotes/master [1ms]
[2022-08-18T04:32:24.877Z] > git for-each-ref --sort -committerdate --format %(refname) %(objectname) %(*objectname) [5ms]
[2022-08-18T04:32:24.877Z] > git remote --verbose [0ms]
[2022-08-18T04:32:24.886Z] > git config --get commit.template [1ms]
[2022-08-18T04:33:06.248Z] > git show --textconv :main.py [8ms]
[2022-08-18T04:33:06.248Z] > git ls-files --stage -- /home/aibarchyn/bots/rick_morty_bot/main.py [1ms]
[2022-08-18T04:33:06.254Z] > git cat-file -s 6fa68f6d28c06f11ada6cbf5ac20b373606c0852 [1ms]
[2022-08-18T04:33:06.923Z] > git status -z -uall [2ms]
[2022-08-18T04:33:06.932Z] > git symbolic-ref --short HEAD [1ms]
[2022-08-18T04:33:06.939Z] > git for-each-ref --format=%(refname)%00%(upstream:short)%00%(objectname)%00%(upstream:track)%00%(upstream:remotename)%00%(upstream:remoteref) refs/heads/master refs/remotes/master [1ms]
[2022-08-18T04:33:06.950Z] > git for-each-ref --sort -committerdate --format %(refname) %(objectname) %(*objectname) [6ms]
[2022-08-18T04:33:06.950Z] > git remote --verbose [1ms]
[2022-08-18T04:33:06.958Z] > git config --get commit.template [1ms]
[2022-08-18T04:33:13.898Z] > git show --textconv :bot.py [7ms]
[2022-08-18T04:33:13.899Z] > git ls-files --stage -- /home/aibarchyn/bots/rick_morty_bot/bot.py [1ms]
[2022-08-18T04:33:13.904Z] > git cat-file -s 618453ae5cfbb20abae03526de8035b65df3f0f1 [1ms]
[2022-08-18T04:35:45.450Z] > git show --textconv :main.py [7ms]
[2022-08-18T04:35:45.450Z] > git ls-files --stage -- /home/aibarchyn/bots/rick_morty_bot/main.py [1ms]
[2022-08-18T04:35:45.456Z] > git cat-file -s 6fa68f6d28c06f11ada6cbf5ac20b373606c0852 [1ms]
[2022-08-18T04:35:46.117Z] > git status -z -uall [3ms]
[2022-08-18T04:35:46.126Z] > git symbolic-ref --short HEAD [1ms]
[2022-08-18T04:35:46.132Z] > git for-each-ref --format=%(refname)%00%(upstream:short)%00%(objectname)%00%(upstream:track)%00%(upstream:remotename)%00%(upstream:remoteref) refs/heads/master refs/remotes/master [1ms]
[2022-08-18T04:35:46.143Z] > git for-each-ref --sort -committerdate --format %(refname) %(objectname) %(*objectname) [5ms]
[2022-08-18T04:35:46.143Z] > git remote --verbose [1ms]
[2022-08-18T04:35:46.150Z] > git config --get commit.template [1ms]
[2022-08-18T04:36:07.297Z] > git show --textconv :bot.py [6ms]
[2022-08-18T04:36:07.297Z] > git ls-files --stage -- /home/aibarchyn/bots/rick_morty_bot/bot.py [1ms]
[2022-08-18T04:36:07.304Z] > git cat-file -s 618453ae5cfbb20abae03526de8035b65df3f0f1 [1ms]
[2022-08-18T04:36:07.973Z] > git status -z -uall [2ms]
[2022-08-18T04:36:07.980Z] > git symbolic-ref --short HEAD [0ms]
[2022-08-18T04:36:07.988Z] > git for-each-ref --format=%(refname)%00%(upstream:short)%00%(objectname)%00%(upstream:track)%00%(upstream:remotename)%00%(upstream:remoteref) refs/heads/master refs/remotes/master [1ms]
[2022-08-18T04:36:07.997Z] > git for-each-ref --sort -committerdate --format %(refname) %(objectname) %(*objectname) [5ms]
[2022-08-18T04:36:07.997Z] > git remote --verbose [1ms]
[2022-08-18T04:36:08.003Z] > git config --get commit.template [1ms]
[2022-08-18T04:36:53.818Z] > git status -z -uall [1ms]
[2022-08-18T04:36:53.826Z] > git symbolic-ref --short HEAD [2ms]
[2022-08-18T04:36:53.832Z] > git for-each-ref --format=%(refname)%00%(upstream:short)%00%(objectname)%00%(upstream:track)%00%(upstream:remotename)%00%(upstream:remoteref) refs/heads/master refs/remotes/master [1ms]
[2022-08-18T04:36:53.845Z] > git for-each-ref --sort -committerdate --format %(refname) %(objectname) %(*objectname) [6ms]
[2022-08-18T04:36:53.845Z] > git remote --verbose [1ms]
[2022-08-18T04:36:53.854Z] > git config --get commit.template [1ms]
[2022-08-18T04:37:08.106Z] > git status -z -uall [1ms]
[2022-08-18T04:37:08.113Z] > git symbolic-ref --short HEAD [1ms]
[2022-08-18T04:37:08.118Z] > git for-each-ref --format=%(refname)%00%(upstream:short)%00%(objectname)%00%(upstream:track)%00%(upstream:remotename)%00%(upstream:remoteref) refs/heads/master refs/remotes/master [1ms]
[2022-08-18T04:37:08.130Z] > git for-each-ref --sort -committerdate --format %(refname) %(objectname) %(*objectname) [6ms]
[2022-08-18T04:37:08.130Z] > git remote --verbose [2ms]
[2022-08-18T04:37:08.138Z] > git config --get commit.template [1ms]
[2022-08-18T04:37:36.823Z] > git status -z -uall [1ms]
[2022-08-18T04:37:36.831Z] > git symbolic-ref --short HEAD [1ms]
[2022-08-18T04:37:36.839Z] > git for-each-ref --format=%(refname)%00%(upstream:short)%00%(objectname)%00%(upstream:track)%00%(upstream:remotename)%00%(upstream:remoteref) refs/heads/master refs/remotes/master [1ms]
[2022-08-18T04:37:36.854Z] > git for-each-ref --sort -committerdate --format %(refname) %(objectname) %(*objectname) [9ms]
[2022-08-18T04:37:36.854Z] > git remote --verbose [2ms]
[2022-08-18T04:37:36.863Z] > git config --get commit.template [1ms]
[2022-08-18T04:37:37.234Z] > git show --textconv :locations.py [8ms]
[2022-08-18T04:37:37.235Z] > git ls-files --stage -- /home/aibarchyn/bots/rick_morty_bot/locations.py [1ms]
[2022-08-18T04:41:02.257Z] > git status -z -uall [2ms]
[2022-08-18T04:41:02.266Z] > git symbolic-ref --short HEAD [0ms]
[2022-08-18T04:41:02.277Z] > git for-each-ref --format=%(refname)%00%(upstream:short)%00%(objectname)%00%(upstream:track)%00%(upstream:remotename)%00%(upstream:remoteref) refs/heads/master refs/remotes/master [1ms]
[2022-08-18T04:41:02.292Z] > git remote --verbose [1ms]
[2022-08-18T04:41:02.292Z] > git for-each-ref --sort -committerdate --format %(refname) %(objectname) %(*objectname) [8ms]
[2022-08-18T04:41:02.301Z] > git config --get commit.template [1ms]
[2022-08-18T04:44:06.863Z] > git status -z -uall [1ms]
[2022-08-18T04:44:06.870Z] > git symbolic-ref --short HEAD [1ms]
[2022-08-18T04:44:06.876Z] > git for-each-ref --format=%(refname)%00%(upstream:short)%00%(objectname)%00%(upstream:track)%00%(upstream:remotename)%00%(upstream:remoteref) refs/heads/master refs/remotes/master [0ms]
[2022-08-18T04:44:06.887Z] > git for-each-ref --sort -committerdate --format %(refname) %(objectname) %(*objectname) [6ms]
[2022-08-18T04:44:06.888Z] > git remote --verbose [2ms]
[2022-08-18T04:44:06.896Z] > git config --get commit.template [1ms]
[2022-08-18T04:49:47.405Z] > git show --textconv :bot.py [7ms]
[2022-08-18T04:49:47.406Z] > git ls-files --stage -- /home/aibarchyn/bots/rick_morty_bot/bot.py [1ms]
[2022-08-18T04:49:47.412Z] > git cat-file -s 618453ae5cfbb20abae03526de8035b65df3f0f1 [1ms]
[2022-08-18T04:49:48.068Z] > git status -z -uall [2ms]
[2022-08-18T04:49:48.080Z] > git symbolic-ref --short HEAD [2ms]
[2022-08-18T04:49:48.089Z] > git for-each-ref --format=%(refname)%00%(upstream:short)%00%(objectname)%00%(upstream:track)%00%(upstream:remotename)%00%(upstream:remoteref) refs/heads/master refs/remotes/master [1ms]
[2022-08-18T04:49:48.101Z] > git for-each-ref --sort -committerdate --format %(refname) %(objectname) %(*objectname) [6ms]
[2022-08-18T04:49:48.102Z] > git remote --verbose [2ms]
[2022-08-18T04:49:48.109Z] > git config --get commit.template [1ms]
[2022-08-18T04:51:46.342Z] > git status -z -uall [3ms]
[2022-08-18T04:51:46.352Z] > git symbolic-ref --short HEAD [1ms]
[2022-08-18T04:51:46.359Z] > git for-each-ref --format=%(refname)%00%(upstream:short)%00%(objectname)%00%(upstream:track)%00%(upstream:remotename)%00%(upstream:remoteref) refs/heads/master refs/remotes/master [1ms]
[2022-08-18T04:51:46.371Z] > git for-each-ref --sort -committerdate --format %(refname) %(objectname) %(*objectname) [7ms]
[2022-08-18T04:51:46.372Z] > git remote --verbose [1ms]
[2022-08-18T04:51:46.378Z] > git config --get commit.template [1ms]
[2022-08-18T04:53:00.136Z] > git show --textconv :locations.py [6ms]
[2022-08-18T04:53:00.136Z] > git ls-files --stage -- /home/aibarchyn/bots/rick_morty_bot/locations.py [1ms]
[2022-08-18T04:53:57.103Z] > git show --textconv :bot.py [7ms]
[2022-08-18T04:53:57.104Z] > git ls-files --stage -- /home/aibarchyn/bots/rick_morty_bot/bot.py [1ms]
[2022-08-18T04:53:57.110Z] > git cat-file -s 618453ae5cfbb20abae03526de8035b65df3f0f1 [1ms]
[2022-08-18T04:53:57.773Z] > git status -z -uall [3ms]
[2022-08-18T04:53:57.782Z] > git symbolic-ref --short HEAD [1ms]
[2022-08-18T04:53:57.788Z] > git for-each-ref --format=%(refname)%00%(upstream:short)%00%(objectname)%00%(upstream:track)%00%(upstream:remotename)%00%(upstream:remoteref) refs/heads/master refs/remotes/master [1ms]
[2022-08-18T04:53:57.799Z] > git for-each-ref --sort -committerdate --format %(refname) %(objectname) %(*objectname) [5ms]
[2022-08-18T04:53:57.799Z] > git remote --verbose [0ms]
[2022-08-18T04:53:57.805Z] > git config --get commit.template [0ms]
[2022-08-18T04:54:04.386Z] > git show --textconv :locations.py [9ms]
[2022-08-18T04:54:04.386Z] > git ls-files --stage -- /home/aibarchyn/bots/rick_morty_bot/locations.py [1ms]
[2022-08-18T04:55:03.594Z] > git show --textconv :bot.py [7ms]
[2022-08-18T04:55:03.594Z] > git ls-files --stage -- /home/aibarchyn/bots/rick_morty_bot/bot.py [1ms]
[2022-08-18T04:55:03.600Z] > git cat-file -s 618453ae5cfbb20abae03526de8035b65df3f0f1 [1ms]
[2022-08-18T04:55:06.584Z] > git status -z -uall [2ms]
[2022-08-18T04:55:06.592Z] > git symbolic-ref --short HEAD [1ms]
[2022-08-18T04:55:06.600Z] > git for-each-ref --format=%(refname)%00%(upstream:short)%00%(objectname)%00%(upstream:track)%00%(upstream:remotename)%00%(upstream:remoteref) refs/heads/master refs/remotes/master [1ms]
[2022-08-18T04:55:06.612Z] > git for-each-ref --sort -committerdate --format %(refname) %(objectname) %(*objectname) [7ms]
[2022-08-18T04:55:06.612Z] > git remote --verbose [1ms]
[2022-08-18T04:55:06.619Z] > git config --get commit.template [1ms]
[2022-08-18T04:55:36.138Z] > git show --textconv :locations.py [8ms]
[2022-08-18T04:55:36.139Z] > git ls-files --stage -- /home/aibarchyn/bots/rick_morty_bot/locations.py [1ms]
[2022-08-18T04:56:30.412Z] > git status -z -uall [3ms]
[2022-08-18T04:56:30.425Z] > git symbolic-ref --short HEAD [2ms]
[2022-08-18T04:56:30.438Z] > git for-each-ref --format=%(refname)%00%(upstream:short)%00%(objectname)%00%(upstream:track)%00%(upstream:remotename)%00%(upstream:remoteref) refs/heads/master refs/remotes/master [2ms]
[2022-08-18T04:56:30.457Z] > git for-each-ref --sort -committerdate --format %(refname) %(objectname) %(*objectname) [9ms]
[2022-08-18T04:56:30.458Z] > git remote --verbose [2ms]
[2022-08-18T04:56:30.466Z] > git config --get commit.template [1ms]
[2022-08-18T04:57:08.053Z] > git status -z -uall [1ms]
[2022-08-18T04:57:08.069Z] > git symbolic-ref --short HEAD [3ms]
[2022-08-18T04:57:08.078Z] > git for-each-ref --format=%(refname)%00%(upstream:short)%00%(objectname)%00%(upstream:track)%00%(upstream:remotename)%00%(upstream:remoteref) refs/heads/master refs/remotes/master [2ms]
[2022-08-18T04:57:08.090Z] > git for-each-ref --sort -committerdate --format %(refname) %(objectname) %(*objectname) [6ms]
[2022-08-18T04:57:08.091Z] > git remote --verbose [1ms]
[2022-08-18T04:57:08.098Z] > git config --get commit.template [0ms]
[2022-08-18T04:58:30.124Z] > git status -z -uall [2ms]
[2022-08-18T04:58:30.133Z] > git symbolic-ref --short HEAD [0ms]
[2022-08-18T04:58:30.142Z] > git for-each-ref --format=%(refname)%00%(upstream:short)%00%(objectname)%00%(upstream:track)%00%(upstream:remotename)%00%(upstream:remoteref) refs/heads/master refs/remotes/master [2ms]
[2022-08-18T04:58:30.156Z] > git for-each-ref --sort -committerdate --format %(refname) %(objectname) %(*objectname) [7ms]
[2022-08-18T04:58:30.156Z] > git remote --verbose [1ms]
[2022-08-18T04:58:30.163Z] > git config --get commit.template [1ms]
[2022-08-18T05:03:05.818Z] > git status -z -uall [2ms]
[2022-08-18T05:03:05.829Z] > git symbolic-ref --short HEAD [1ms]
[2022-08-18T05:03:05.836Z] > git for-each-ref --format=%(refname)%00%(upstream:short)%00%(objectname)%00%(upstream:track)%00%(upstream:remotename)%00%(upstream:remoteref) refs/heads/master refs/remotes/master [1ms]
[2022-08-18T05:03:05.848Z] > git for-each-ref --sort -committerdate --format %(refname) %(objectname) %(*objectname) [7ms]
[2022-08-18T05:03:05.849Z] > git remote --verbose [2ms]
[2022-08-18T05:03:05.856Z] > git config --get commit.template [0ms]
[2022-08-18T05:09:39.604Z] > git show --textconv :bot.py [8ms]
[2022-08-18T05:09:39.605Z] > git ls-files --stage -- /home/aibarchyn/bots/rick_morty_bot/bot.py [1ms]
[2022-08-18T05:09:39.614Z] > git cat-file -s 618453ae5cfbb20abae03526de8035b65df3f0f1 [2ms]
[2022-08-18T05:10:26.141Z] > git show --textconv :config.py [11ms]
[2022-08-18T05:10:26.142Z] > git ls-files --stage -- /home/aibarchyn/bots/rick_morty_bot/config.py [1ms]
[2022-08-18T05:10:26.150Z] > git cat-file -s 44b942c63fecfe0bbfcf806086d9a8e8c76dc5a3 [1ms]
[2022-08-18T05:10:27.434Z] > git show --textconv :main.py [7ms]
[2022-08-18T05:10:27.435Z] > git ls-files --stage -- /home/aibarchyn/bots/rick_morty_bot/main.py [1ms]
[2022-08-18T05:10:27.442Z] > git cat-file -s 6fa68f6d28c06f11ada6cbf5ac20b373606c0852 [2ms]
[2022-08-18T05:10:32.364Z] > git show --textconv :locations.py [7ms]
[2022-08-18T05:10:32.365Z] > git ls-files --stage -- /home/aibarchyn/bots/rick_morty_bot/locations.py [1ms]
[2022-08-18T05:10:33.517Z] > git show --textconv :config.py [7ms]
[2022-08-18T05:10:33.518Z] > git ls-files --stage -- /home/aibarchyn/bots/rick_morty_bot/config.py [1ms]
[2022-08-18T05:10:33.524Z] > git cat-file -s 44b942c63fecfe0bbfcf806086d9a8e8c76dc5a3 [0ms]
[2022-08-18T05:10:35.037Z] > git show --textconv :main.py [8ms]
[2022-08-18T05:10:35.037Z] > git ls-files --stage -- /home/aibarchyn/bots/rick_morty_bot/main.py [0ms]
[2022-08-18T05:10:35.043Z] > git cat-file -s 6fa68f6d28c06f11ada6cbf5ac20b373606c0852 [1ms]
[2022-08-18T05:10:37.541Z] > git show --textconv :locations.py [6ms]
[2022-08-18T05:10:37.541Z] > git ls-files --stage -- /home/aibarchyn/bots/rick_morty_bot/locations.py [1ms]
[2022-08-18T05:35:22.040Z] > git show --textconv :main.py [7ms]
[2022-08-18T05:35:22.040Z] > git ls-files --stage -- /home/aibarchyn/bots/rick_morty_bot/main.py [1ms]
[2022-08-18T05:35:22.046Z] > git cat-file -s 6fa68f6d28c06f11ada6cbf5ac20b373606c0852 [0ms]
[2022-08-18T05:35:24.839Z] > git show --textconv :config.py [10ms]
[2022-08-18T05:35:24.839Z] > git ls-files --stage -- /home/aibarchyn/bots/rick_morty_bot/config.py [1ms]
[2022-08-18T05:35:24.846Z] > git cat-file -s 44b942c63fecfe0bbfcf806086d9a8e8c76dc5a3 [1ms]
[2022-08-18T05:35:26.770Z] > git show --textconv :bot.py [7ms]
[2022-08-18T05:35:26.771Z] > git ls-files --stage -- /home/aibarchyn/bots/rick_morty_bot/bot.py [1ms]
[2022-08-18T05:35:26.777Z] > git cat-file -s 618453ae5cfbb20abae03526de8035b65df3f0f1 [1ms]
[2022-08-18T05:35:58.263Z] > git show --textconv :character.py [7ms]
[2022-08-18T05:35:58.264Z] > git ls-files --stage -- /home/aibarchyn/bots/rick_morty_bot/character.py [1ms]
[2022-08-18T05:35:58.269Z] > git cat-file -s fb15f789db0c9f217b796bf0ab4ef50ffc00ae3f [0ms]
[2022-08-18T05:36:27.095Z] > git show --textconv :locations.py [9ms]
[2022-08-18T05:36:27.095Z] > git ls-files --stage -- /home/aibarchyn/bots/rick_morty_bot/locations.py [1ms]
[2022-08-18T05:40:23.043Z] > git status -z -uall [1ms]
[2022-08-18T05:40:23.050Z] > git symbolic-ref --short HEAD [1ms]
[2022-08-18T05:40:23.056Z] > git for-each-ref --format=%(refname)%00%(upstream:short)%00%(objectname)%00%(upstream:track)%00%(upstream:remotename)%00%(upstream:remoteref) refs/heads/master refs/remotes/master [1ms]
[2022-08-18T05:40:23.068Z] > git for-each-ref --sort -committerdate --format %(refname) %(objectname) %(*objectname) [7ms]
[2022-08-18T05:40:23.068Z] > git remote --verbose [1ms]
[2022-08-18T05:40:23.075Z] > git config --get commit.template [1ms]
[2022-08-18T05:50:45.250Z] > git show --textconv :locations.py [6ms]
[2022-08-18T05:50:45.250Z] > git ls-files --stage -- /home/aibarchyn/bots/rick_morty_bot/locations.py [1ms]
[2022-08-18T05:57:00.602Z] > git status -z -uall [2ms]
[2022-08-18T05:57:00.609Z] > git symbolic-ref --short HEAD [1ms]
[2022-08-18T05:57:00.616Z] > git for-each-ref --format=%(refname)%00%(upstream:short)%00%(objectname)%00%(upstream:track)%00%(upstream:remotename)%00%(upstream:remoteref) refs/heads/master refs/remotes/master [1ms]
[2022-08-18T05:57:00.628Z] > git for-each-ref --sort -committerdate --format %(refname) %(objectname) %(*objectname) [6ms]
[2022-08-18T05:57:00.628Z] > git remote --verbose [0ms]
[2022-08-18T05:57:00.635Z] > git config --get commit.template [1ms]
[2022-08-18T05:57:12.084Z] > git show --textconv :bot.py [8ms]
[2022-08-18T05:57:12.084Z] > git ls-files --stage -- /home/aibarchyn/bots/rick_morty_bot/bot.py [1ms]
[2022-08-18T05:57:12.090Z] > git cat-file -s 618453ae5cfbb20abae03526de8035b65df3f0f1 [1ms]
[2022-08-18T05:57:18.214Z] > git status -z -uall [1ms]
[2022-08-18T05:57:18.222Z] > git symbolic-ref --short HEAD [1ms]
[2022-08-18T05:57:18.231Z] > git for-each-ref --format=%(refname)%00%(upstream:short)%00%(objectname)%00%(upstream:track)%00%(upstream:remotename)%00%(upstream:remoteref) refs/heads/master refs/remotes/master [1ms]
[2022-08-18T05:57:18.247Z] > git for-each-ref --sort -committerdate --format %(refname) %(objectname) %(*objectname) [6ms]
[2022-08-18T05:57:18.247Z] > git remote --verbose [1ms]
[2022-08-18T05:57:18.256Z] > git config --get commit.template [1ms]
[2022-08-18T05:58:40.992Z] > git status -z -uall [2ms]
[2022-08-18T05:58:40.998Z] > git symbolic-ref --short HEAD [1ms]
[2022-08-18T05:58:41.004Z] > git for-each-ref --format=%(refname)%00%(upstream:short)%00%(objectname)%00%(upstream:track)%00%(upstream:remotename)%00%(upstream:remoteref) refs/heads/master refs/remotes/master [1ms]
[2022-08-18T05:58:41.013Z] > git for-each-ref --sort -committerdate --format %(refname) %(objectname) %(*objectname) [4ms]
[2022-08-18T05:58:41.014Z] > git remote --verbose [1ms]
[2022-08-18T05:58:41.022Z] > git config --get commit.template [1ms]
[2022-08-18T06:05:39.793Z] > git show --textconv :locations.py [9ms]
[2022-08-18T06:05:39.793Z] > git ls-files --stage -- /home/aibarchyn/bots/rick_morty_bot/locations.py [1ms]
[2022-08-18T06:06:05.381Z] > git show --textconv :bot.py [8ms]
[2022-08-18T06:06:05.381Z] > git ls-files --stage -- /home/aibarchyn/bots/rick_morty_bot/bot.py [1ms]
[2022-08-18T06:06:05.388Z] > git cat-file -s 618453ae5cfbb20abae03526de8035b65df3f0f1 [1ms]
[2022-08-18T06:06:06.255Z] > git status -z -uall [3ms]
[2022-08-18T06:06:06.263Z] > git symbolic-ref --short HEAD [1ms]
[2022-08-18T06:06:06.270Z] > git for-each-ref --format=%(refname)%00%(upstream:short)%00%(objectname)%00%(upstream:track)%00%(upstream:remotename)%00%(upstream:remoteref) refs/heads/master refs/remotes/master [1ms]
[2022-08-18T06:06:06.281Z] > git for-each-ref --sort -committerdate --format %(refname) %(objectname) %(*objectname) [5ms]
[2022-08-18T06:06:06.281Z] > git remote --verbose [1ms]
[2022-08-18T06:06:06.289Z] > git config --get commit.template [1ms]
[2022-08-18T06:10:23.249Z] > git status -z -uall [1ms]
[2022-08-18T06:10:23.256Z] > git symbolic-ref --short HEAD [1ms]
[2022-08-18T06:10:23.262Z] > git for-each-ref --format=%(refname)%00%(upstream:short)%00%(objectname)%00%(upstream:track)%00%(upstream:remotename)%00%(upstream:remoteref) refs/heads/master refs/remotes/master [0ms]
[2022-08-18T06:10:23.273Z] > git for-each-ref --sort -committerdate --format %(refname) %(objectname) %(*objectname) [6ms]
[2022-08-18T06:10:23.273Z] > git remote --verbose [1ms]
[2022-08-18T06:10:23.282Z] > git config --get commit.template [1ms]
[2022-08-18T06:10:27.584Z] > git show --textconv :locations.py [6ms]
[2022-08-18T06:10:27.585Z] > git ls-files --stage -- /home/aibarchyn/bots/rick_morty_bot/locations.py [1ms]
[2022-08-18T06:13:50.713Z] > git show --textconv :bot.py [6ms]
[2022-08-18T06:13:50.713Z] > git ls-files --stage -- /home/aibarchyn/bots/rick_morty_bot/bot.py [1ms]
[2022-08-18T06:13:50.719Z] > git cat-file -s 618453ae5cfbb20abae03526de8035b65df3f0f1 [1ms]
[2022-08-18T06:15:45.138Z] > git show --textconv :locations.py [6ms]
[2022-08-18T06:15:45.138Z] > git ls-files --stage -- /home/aibarchyn/bots/rick_morty_bot/locations.py [0ms]
[2022-08-18T06:18:10.056Z] > git show --textconv :epizody.py [11ms]
[2022-08-18T06:18:10.057Z] > git ls-files --stage -- /home/aibarchyn/bots/rick_morty_bot/epizody.py [3ms]
[2022-08-18T06:18:10.331Z] > git check-ignore -v -z --stdin [2ms]
[2022-08-18T06:18:10.819Z] > git status -z -uall [3ms]
[2022-08-18T06:18:10.834Z] > git symbolic-ref --short HEAD [2ms]
[2022-08-18T06:18:10.849Z] > git for-each-ref --format=%(refname)%00%(upstream:short)%00%(objectname)%00%(upstream:track)%00%(upstream:remotename)%00%(upstream:remoteref) refs/heads/master refs/remotes/master [2ms]
[2022-08-18T06:18:10.875Z] > git for-each-ref --sort -committerdate --format %(refname) %(objectname) %(*objectname) [13ms]
[2022-08-18T06:18:10.875Z] > git remote --verbose [3ms]
[2022-08-18T06:18:10.886Z] > git config --get commit.template [1ms]
[2022-08-18T06:18:50.031Z] > git show --textconv :locations.py [7ms]
[2022-08-18T06:18:50.032Z] > git ls-files --stage -- /home/aibarchyn/bots/rick_morty_bot/locations.py [2ms]
[2022-08-18T06:18:50.684Z] > git status -z -uall [3ms]
[2022-08-18T06:18:50.697Z] > git symbolic-ref --short HEAD [2ms]
[2022-08-18T06:18:50.704Z] > git for-each-ref --format=%(refname)%00%(upstream:short)%00%(objectname)%00%(upstream:track)%00%(upstream:remotename)%00%(upstream:remoteref) refs/heads/master refs/remotes/master [1ms]
[2022-08-18T06:18:50.719Z] > git for-each-ref --sort -committerdate --format %(refname) %(objectname) %(*objectname) [9ms]
[2022-08-18T06:18:50.720Z] > git remote --verbose [2ms]
[2022-08-18T06:18:50.733Z] > git config --get commit.template [1ms]
[2022-08-18T06:19:29.458Z] > git show --textconv :epizody.py [11ms]
[2022-08-18T06:19:29.459Z] > git ls-files --stage -- /home/aibarchyn/bots/rick_morty_bot/epizody.py [2ms]
[2022-08-18T06:19:56.802Z] > git show --textconv :locations.py [6ms]
[2022-08-18T06:19:56.802Z] > git ls-files --stage -- /home/aibarchyn/bots/rick_morty_bot/locations.py [1ms]
[2022-08-18T06:19:57.479Z] > git status -z -uall [2ms]
[2022-08-18T06:19:57.487Z] > git symbolic-ref --short HEAD [1ms]
[2022-08-18T06:19:57.494Z] > git for-each-ref --format=%(refname)%00%(upstream:short)%00%(objectname)%00%(upstream:track)%00%(upstream:remotename)%00%(upstream:remoteref) refs/heads/master refs/remotes/master [1ms]
[2022-08-18T06:19:57.505Z] > git for-each-ref --sort -committerdate --format %(refname) %(objectname) %(*objectname) [6ms]
[2022-08-18T06:19:57.505Z] > git remote --verbose [1ms]
[2022-08-18T06:19:57.512Z] > git config --get commit.template [1ms]
[2022-08-18T06:20:16.362Z] > git show --textconv :epizody.py [7ms]
[2022-08-18T06:20:16.362Z] > git ls-files --stage -- /home/aibarchyn/bots/rick_morty_bot/epizody.py [1ms]
[2022-08-18T06:21:34.970Z] > git show --textconv :locations.py [7ms]
[2022-08-18T06:21:34.970Z] > git ls-files --stage -- /home/aibarchyn/bots/rick_morty_bot/locations.py [1ms]
[2022-08-18T06:21:35.635Z] > git status -z -uall [2ms]
[2022-08-18T06:21:35.643Z] > git symbolic-ref --short HEAD [1ms]
[2022-08-18T06:21:35.651Z] > git for-each-ref --format=%(refname)%00%(upstream:short)%00%(objectname)%00%(upstream:track)%00%(upstream:remotename)%00%(upstream:remoteref) refs/heads/master refs/remotes/master [1ms]
[2022-08-18T06:21:35.661Z] > git for-each-ref --sort -committerdate --format %(refname) %(objectname) %(*objectname) [5ms]
[2022-08-18T06:21:35.662Z] > git remote --verbose [1ms]
[2022-08-18T06:21:35.669Z] > git config --get commit.template [1ms]
[2022-08-18T06:21:58.978Z] > git show --textconv :epizody.py [9ms]
[2022-08-18T06:21:58.979Z] > git ls-files --stage -- /home/aibarchyn/bots/rick_morty_bot/epizody.py [1ms]
[2022-08-18T06:23:32.493Z] > git show --textconv :locations.py [10ms]
[2022-08-18T06:23:32.494Z] > git ls-files --stage -- /home/aibarchyn/bots/rick_morty_bot/locations.py [2ms]
[2022-08-18T06:23:33.156Z] > git status -z -uall [2ms]
[2022-08-18T06:23:33.165Z] > git symbolic-ref --short HEAD [1ms]
[2022-08-18T06:23:33.171Z] > git for-each-ref --format=%(refname)%00%(upstream:short)%00%(objectname)%00%(upstream:track)%00%(upstream:remotename)%00%(upstream:remoteref) refs/heads/master refs/remotes/master [1ms]
[2022-08-18T06:23:33.182Z] > git for-each-ref --sort -committerdate --format %(refname) %(objectname) %(*objectname) [6ms]
[2022-08-18T06:23:33.183Z] > git remote --verbose [2ms]
[2022-08-18T06:23:33.190Z] > git config --get commit.template [0ms]
[2022-08-18T06:23:39.368Z] > git show --textconv :epizody.py [7ms]
[2022-08-18T06:23:39.369Z] > git ls-files --stage -- /home/aibarchyn/bots/rick_morty_bot/epizody.py [2ms]
[2022-08-18T06:23:48.637Z] > git show --textconv :config.py [10ms]
[2022-08-18T06:23:48.638Z] > git ls-files --stage -- /home/aibarchyn/bots/rick_morty_bot/config.py [2ms]
[2022-08-18T06:23:48.645Z] > git cat-file -s 44b942c63fecfe0bbfcf806086d9a8e8c76dc5a3 [1ms]
[2022-08-18T06:23:49.945Z] > git show --textconv :locations.py [8ms]
[2022-08-18T06:23:49.945Z] > git ls-files --stage -- /home/aibarchyn/bots/rick_morty_bot/locations.py [0ms]
[2022-08-18T06:24:21.642Z] > git show --textconv :epizody.py [11ms]
[2022-08-18T06:24:21.642Z] > git ls-files --stage -- /home/aibarchyn/bots/rick_morty_bot/epizody.py [1ms]
[2022-08-18T06:26:59.433Z] > git status -z -uall [3ms]
[2022-08-18T06:26:59.443Z] > git symbolic-ref --short HEAD [1ms]
[2022-08-18T06:26:59.451Z] > git for-each-ref --format=%(refname)%00%(upstream:short)%00%(objectname)%00%(upstream:track)%00%(upstream:remotename)%00%(upstream:remoteref) refs/heads/master refs/remotes/master [1ms]
[2022-08-18T06:26:59.461Z] > git for-each-ref --sort -committerdate --format %(refname) %(objectname) %(*objectname) [5ms]
[2022-08-18T06:26:59.461Z] > git remote --verbose [1ms]
[2022-08-18T06:26:59.468Z] > git config --get commit.template [1ms]
[2022-08-18T06:28:36.323Z] > git show --textconv :main.py [6ms]
[2022-08-18T06:28:36.324Z] > git ls-files --stage -- /home/aibarchyn/bots/rick_morty_bot/main.py [1ms]
[2022-08-18T06:28:36.330Z] > git cat-file -s 6fa68f6d28c06f11ada6cbf5ac20b373606c0852 [1ms]
[2022-08-18T06:28:36.990Z] > git status -z -uall [3ms]
[2022-08-18T06:28:36.996Z] > git symbolic-ref --short HEAD [0ms]
[2022-08-18T06:28:37.003Z] > git for-each-ref --format=%(refname)%00%(upstream:short)%00%(objectname)%00%(upstream:track)%00%(upstream:remotename)%00%(upstream:remoteref) refs/heads/master refs/remotes/master [1ms]
[2022-08-18T06:28:37.013Z] > git for-each-ref --sort -committerdate --format %(refname) %(objectname) %(*objectname) [6ms]
[2022-08-18T06:28:37.014Z] > git remote --verbose [1ms]
[2022-08-18T06:28:37.021Z] > git config --get commit.template [0ms]
[2022-08-18T06:28:40.453Z] > git show --textconv :locations.py [11ms]
[2022-08-18T06:28:40.454Z] > git ls-files --stage -- /home/aibarchyn/bots/rick_morty_bot/locations.py [2ms]
[2022-08-18T06:28:43.401Z] > git show --textconv :bot.py [8ms]
[2022-08-18T06:28:43.402Z] > git ls-files --stage -- /home/aibarchyn/bots/rick_morty_bot/bot.py [1ms]
[2022-08-18T06:28:43.408Z] > git cat-file -s 618453ae5cfbb20abae03526de8035b65df3f0f1 [1ms]
[2022-08-18T06:30:18.189Z] > git show --textconv :config.py [10ms]
[2022-08-18T06:30:18.190Z] > git ls-files --stage -- /home/aibarchyn/bots/rick_morty_bot/config.py [2ms]
[2022-08-18T06:30:18.197Z] > git cat-file -s 44b942c63fecfe0bbfcf806086d9a8e8c76dc5a3 [1ms]
[2022-08-18T06:30:18.842Z] > git status -z -uall [3ms]
[2022-08-18T06:30:18.852Z] > git symbolic-ref --short HEAD [1ms]
[2022-08-18T06:30:18.860Z] > git for-each-ref --format=%(refname)%00%(upstream:short)%00%(objectname)%00%(upstream:track)%00%(upstream:remotename)%00%(upstream:remoteref) refs/heads/master refs/remotes/master [1ms]
[2022-08-18T06:30:18.873Z] > git for-each-ref --sort -committerdate --format %(refname) %(objectname) %(*objectname) [6ms]
[2022-08-18T06:30:18.873Z] > git remote --verbose [1ms]
[2022-08-18T06:30:18.880Z] > git config --get commit.template [1ms]
[2022-08-18T06:30:19.364Z] > git show --textconv :epizody.py [7ms]
[2022-08-18T06:30:19.365Z] > git ls-files --stage -- /home/aibarchyn/bots/rick_morty_bot/epizody.py [1ms]
[2022-08-18T06:30:28.716Z] > git show --textconv :bot.py [6ms]
[2022-08-18T06:30:28.716Z] > git ls-files --stage -- /home/aibarchyn/bots/rick_morty_bot/bot.py [1ms]
[2022-08-18T06:30:28.722Z] > git cat-file -s 618453ae5cfbb20abae03526de8035b65df3f0f1 [1ms]
[2022-08-18T06:30:49.529Z] > git status -z -uall [2ms]
[2022-08-18T06:30:49.536Z] > git symbolic-ref --short HEAD [1ms]
[2022-08-18T06:30:49.542Z] > git for-each-ref --format=%(refname)%00%(upstream:short)%00%(objectname)%00%(upstream:track)%00%(upstream:remotename)%00%(upstream:remoteref) refs/heads/master refs/remotes/master [1ms]
[2022-08-18T06:30:49.554Z] > git for-each-ref --sort -committerdate --format %(refname) %(objectname) %(*objectname) [6ms]
[2022-08-18T06:30:49.554Z] > git remote --verbose [0ms]
[2022-08-18T06:30:49.561Z] > git config --get commit.template [1ms]
[2022-08-18T06:31:03.036Z] > git status -z -uall [1ms]
[2022-08-18T06:31:03.042Z] > git symbolic-ref --short HEAD [1ms]
[2022-08-18T06:31:03.048Z] > git for-each-ref --format=%(refname)%00%(upstream:short)%00%(objectname)%00%(upstream:track)%00%(upstream:remotename)%00%(upstream:remoteref) refs/heads/master refs/remotes/master [1ms]
[2022-08-18T06:31:03.058Z] > git for-each-ref --sort -committerdate --format %(refname) %(objectname) %(*objectname) [5ms]
[2022-08-18T06:31:03.058Z] > git remote --verbose [1ms]
[2022-08-18T06:31:03.066Z] > git config --get commit.template [1ms]
[2022-08-18T06:31:32.817Z] > git show --textconv :epizody.py [13ms]
[2022-08-18T06:31:32.820Z] > git ls-files --stage -- /home/aibarchyn/bots/rick_morty_bot/epizody.py [4ms]
[2022-08-18T06:33:27.757Z] > git status -z -uall [1ms]
[2022-08-18T06:33:27.765Z] > git symbolic-ref --short HEAD [1ms]
[2022-08-18T06:33:27.773Z] > git for-each-ref --format=%(refname)%00%(upstream:short)%00%(objectname)%00%(upstream:track)%00%(upstream:remotename)%00%(upstream:remoteref) refs/heads/master refs/remotes/master [1ms]
[2022-08-18T06:33:27.787Z] > git for-each-ref --sort -committerdate --format %(refname) %(objectname) %(*objectname) [8ms]
[2022-08-18T06:33:27.787Z] > git remote --verbose [1ms]
[2022-08-18T06:33:27.795Z] > git config --get commit.template [1ms]
[2022-08-18T06:33:59.693Z] > git status -z -uall [3ms]
[2022-08-18T06:33:59.700Z] > git symbolic-ref --short HEAD [1ms]
[2022-08-18T06:33:59.707Z] > git for-each-ref --format=%(refname)%00%(upstream:short)%00%(objectname)%00%(upstream:track)%00%(upstream:remotename)%00%(upstream:remoteref) refs/heads/master refs/remotes/master [1ms]
[2022-08-18T06:33:59.718Z] > git for-each-ref --sort -committerdate --format %(refname) %(objectname) %(*objectname) [6ms]
[2022-08-18T06:33:59.718Z] > git remote --verbose [1ms]
[2022-08-18T06:33:59.724Z] > git config --get commit.template [0ms]
[2022-08-18T06:34:03.080Z] > git show --textconv :bot.py [6ms]
[2022-08-18T06:34:03.080Z] > git ls-files --stage -- /home/aibarchyn/bots/rick_morty_bot/bot.py [1ms]
[2022-08-18T06:34:03.087Z] > git cat-file -s 618453ae5cfbb20abae03526de8035b65df3f0f1 [1ms]
[2022-08-18T06:34:08.776Z] > git status -z -uall [3ms]
[2022-08-18T06:34:08.787Z] > git symbolic-ref --short HEAD [2ms]
[2022-08-18T06:34:08.794Z] > git for-each-ref --format=%(refname)%00%(upstream:short)%00%(objectname)%00%(upstream:track)%00%(upstream:remotename)%00%(upstream:remoteref) refs/heads/master refs/remotes/master [1ms]
[2022-08-18T06:34:08.806Z] > git for-each-ref --sort -committerdate --format %(refname) %(objectname) %(*objectname) [6ms]
[2022-08-18T06:34:08.806Z] > git remote --verbose [0ms]
[2022-08-18T06:34:08.816Z] > git config --get commit.template [1ms]
[2022-08-18T06:36:35.139Z] > git show --textconv :epizody.py [6ms]
[2022-08-18T06:36:35.139Z] > git ls-files --stage -- /home/aibarchyn/bots/rick_morty_bot/epizody.py [1ms]
[2022-08-18T06:36:56.355Z] > git status -z -uall [2ms]
[2022-08-18T06:36:56.367Z] > git symbolic-ref --short HEAD [1ms]
[2022-08-18T06:36:56.374Z] > git for-each-ref --format=%(refname)%00%(upstream:short)%00%(objectname)%00%(upstream:track)%00%(upstream:remotename)%00%(upstream:remoteref) refs/heads/master refs/remotes/master [1ms]
[2022-08-18T06:36:56.388Z] > git for-each-ref --sort -committerdate --format %(refname) %(objectname) %(*objectname) [7ms]
[2022-08-18T06:36:56.388Z] > git remote --verbose [1ms]
[2022-08-18T06:36:56.398Z] > git config --get commit.template [1ms]
[2022-08-18T06:38:26.281Z] > git show --textconv :locations.py [14ms]
[2022-08-18T06:38:26.282Z] > git ls-files --stage -- /home/aibarchyn/bots/rick_morty_bot/locations.py [2ms]
[2022-08-18T06:43:51.728Z] > git show --textconv :epizody.py [8ms]
[2022-08-18T06:43:51.728Z] > git ls-files --stage -- /home/aibarchyn/bots/rick_morty_bot/epizody.py [1ms]
[2022-08-18T06:44:51.001Z] > git status -z -uall [1ms]
[2022-08-18T06:44:51.009Z] > git symbolic-ref --short HEAD [1ms]
[2022-08-18T06:44:51.018Z] > git for-each-ref --format=%(refname)%00%(upstream:short)%00%(objectname)%00%(upstream:track)%00%(upstream:remotename)%00%(upstream:remoteref) refs/heads/master refs/remotes/master [1ms]
[2022-08-18T06:44:51.030Z] > git for-each-ref --sort -committerdate --format %(refname) %(objectname) %(*objectname) [8ms]
[2022-08-18T06:44:51.030Z] > git remote --verbose [1ms]
[2022-08-18T06:44:51.039Z] > git config --get commit.template [2ms]
[2022-08-18T06:44:53.129Z] > git show --textconv :bot.py [9ms]
[2022-08-18T06:44:53.129Z] > git ls-files --stage -- /home/aibarchyn/bots/rick_morty_bot/bot.py [1ms]
[2022-08-18T06:44:53.136Z] > git cat-file -s 618453ae5cfbb20abae03526de8035b65df3f0f1 [1ms]
[2022-08-18T06:45:59.838Z] > git show --textconv :main.py [9ms]
[2022-08-18T06:45:59.839Z] > git ls-files --stage -- /home/aibarchyn/bots/rick_morty_bot/main.py [1ms]
[2022-08-18T06:45:59.846Z] > git cat-file -s 6fa68f6d28c06f11ada6cbf5ac20b373606c0852 [1ms]
[2022-08-18T06:46:05.774Z] > git show --textconv :locations.py [8ms]
[2022-08-18T06:46:05.775Z] > git ls-files --stage -- /home/aibarchyn/bots/rick_morty_bot/locations.py [1ms]
[2022-08-18T06:46:09.234Z] > git show --textconv :epizody.py [11ms]
[2022-08-18T06:46:09.234Z] > git ls-files --stage -- /home/aibarchyn/bots/rick_morty_bot/epizody.py [1ms]
[2022-08-18T06:46:26.269Z] > git show --textconv :bot.py [9ms]
[2022-08-18T06:46:26.269Z] > git ls-files --stage -- /home/aibarchyn/bots/rick_morty_bot/bot.py [1ms]
[2022-08-18T06:46:26.276Z] > git cat-file -s 618453ae5cfbb20abae03526de8035b65df3f0f1 [1ms]
[2022-08-18T06:51:38.404Z] > git show --textconv :epizody.py [8ms]
[2022-08-18T06:51:38.404Z] > git ls-files --stage -- /home/aibarchyn/bots/rick_morty_bot/epizody.py [1ms]
[2022-08-18T06:51:39.275Z] > git status -z -uall [3ms]
[2022-08-18T06:51:39.287Z] > git symbolic-ref --short HEAD [2ms]
[2022-08-18T06:51:39.297Z] > git for-each-ref --format=%(refname)%00%(upstream:short)%00%(objectname)%00%(upstream:track)%00%(upstream:remotename)%00%(upstream:remoteref) refs/heads/master refs/remotes/master [1ms]
[2022-08-18T06:51:39.311Z] > git for-each-ref --sort -committerdate --format %(refname) %(objectname) %(*objectname) [8ms]
[2022-08-18T06:51:39.312Z] > git remote --verbose [2ms]
[2022-08-18T06:51:39.318Z] > git config --get commit.template [1ms]
[2022-08-18T07:41:07.740Z] > git status -z -uall [1ms]
[2022-08-18T07:41:07.747Z] > git symbolic-ref --short HEAD [0ms]
[2022-08-18T07:41:07.753Z] > git for-each-ref --format=%(refname)%00%(upstream:short)%00%(objectname)%00%(upstream:track)%00%(upstream:remotename)%00%(upstream:remoteref) refs/heads/master refs/remotes/master [1ms]
[2022-08-18T07:41:07.766Z] > git for-each-ref --sort -committerdate --format %(refname) %(objectname) %(*objectname) [7ms]
[2022-08-18T07:41:07.766Z] > git remote --verbose [2ms]
[2022-08-18T07:41:07.776Z] > git config --get commit.template [1ms]
[2022-08-18T07:55:08.389Z] > git status -z -uall [3ms]
[2022-08-18T07:55:08.397Z] > git symbolic-ref --short HEAD [1ms]
[2022-08-18T07:55:08.404Z] > git for-each-ref --format=%(refname)%00%(upstream:short)%00%(objectname)%00%(upstream:track)%00%(upstream:remotename)%00%(upstream:remoteref) refs/heads/master refs/remotes/master [1ms]
[2022-08-18T07:55:08.416Z] > git for-each-ref --sort -committerdate --format %(refname) %(objectname) %(*objectname) [6ms]
[2022-08-18T07:55:08.416Z] > git remote --verbose [1ms]
[2022-08-18T07:55:08.425Z] > git config --get commit.template [2ms]
[2022-08-18T07:56:14.892Z] > git status -z -uall [1ms]
[2022-08-18T07:56:14.898Z] > git symbolic-ref --short HEAD [0ms]
[2022-08-18T07:56:14.905Z] > git for-each-ref --format=%(refname)%00%(upstream:short)%00%(objectname)%00%(upstream:track)%00%(upstream:remotename)%00%(upstream:remoteref) refs/heads/master refs/remotes/master [1ms]
[2022-08-18T07:56:14.915Z] > git for-each-ref --sort -committerdate --format %(refname) %(objectname) %(*objectname) [5ms]
[2022-08-18T07:56:14.915Z] > git remote --verbose [0ms]
[2022-08-18T07:56:14.922Z] > git config --get commit.template [1ms]
[2022-08-18T07:56:56.863Z] > git show --textconv :config.py [14ms]
[2022-08-18T07:56:56.864Z] > git ls-files --stage -- /home/aibarchyn/bots/rick_morty_bot/config.py [2ms]
[2022-08-18T07:56:56.879Z] > git cat-file -s 44b942c63fecfe0bbfcf806086d9a8e8c76dc5a3 [2ms]
[2022-08-18T07:56:59.134Z] > git show --textconv :main.py [11ms]
[2022-08-18T07:56:59.135Z] > git ls-files --stage -- /home/aibarchyn/bots/rick_morty_bot/main.py [2ms]
[2022-08-18T07:56:59.144Z] > git cat-file -s 6fa68f6d28c06f11ada6cbf5ac20b373606c0852 [1ms]
[2022-08-18T07:57:01.158Z] > git show --textconv :bot.py [8ms]
[2022-08-18T07:57:01.159Z] > git ls-files --stage -- /home/aibarchyn/bots/rick_morty_bot/bot.py [1ms]
[2022-08-18T07:57:01.165Z] > git cat-file -s 618453ae5cfbb20abae03526de8035b65df3f0f1 [1ms]
[2022-08-18T07:59:40.263Z] > git status -z -uall [4ms]
[2022-08-18T07:59:40.275Z] > git symbolic-ref --short HEAD [2ms]
[2022-08-18T07:59:40.283Z] > git for-each-ref --format=%(refname)%00%(upstream:short)%00%(objectname)%00%(upstream:track)%00%(upstream:remotename)%00%(upstream:remoteref) refs/heads/master refs/remotes/master [1ms]
[2022-08-18T07:59:40.294Z] > git for-each-ref --sort -committerdate --format %(refname) %(objectname) %(*objectname) [5ms]
[2022-08-18T07:59:40.294Z] > git remote --verbose [1ms]
[2022-08-18T07:59:40.302Z] > git config --get commit.template [1ms]
[2022-08-18T07:59:57.072Z] > git show --textconv :epizody.py [8ms]
[2022-08-18T07:59:57.073Z] > git ls-files --stage -- /home/aibarchyn/bots/rick_morty_bot/epizody.py [1ms]
[2022-08-18T08:00:11.979Z] > git show --textconv :bot.py [9ms]
[2022-08-18T08:00:11.980Z] > git ls-files --stage -- /home/aibarchyn/bots/rick_morty_bot/bot.py [1ms]
[2022-08-18T08:00:11.987Z] > git cat-file -s 618453ae5cfbb20abae03526de8035b65df3f0f1 [1ms]
[2022-08-18T08:00:12.606Z] > git status -z -uall [3ms]
[2022-08-18T08:00:12.616Z] > git symbolic-ref --short HEAD [1ms]
[2022-08-18T08:00:12.623Z] > git for-each-ref --format=%(refname)%00%(upstream:short)%00%(objectname)%00%(upstream:track)%00%(upstream:remotename)%00%(upstream:remoteref) refs/heads/master refs/remotes/master [1ms]
[2022-08-18T08:00:12.634Z] > git for-each-ref --sort -committerdate --format %(refname) %(objectname) %(*objectname) [5ms]
[2022-08-18T08:00:12.634Z] > git remote --verbose [1ms]
[2022-08-18T08:00:12.641Z] > git config --get commit.template [1ms]
[2022-08-18T08:00:17.652Z] > git status -z -uall [2ms]
[2022-08-18T08:00:17.662Z] > git symbolic-ref --short HEAD [2ms]
[2022-08-18T08:00:17.673Z] > git for-each-ref --format=%(refname)%00%(upstream:short)%00%(objectname)%00%(upstream:track)%00%(upstream:remotename)%00%(upstream:remoteref) refs/heads/master refs/remotes/master [1ms]
[2022-08-18T08:00:17.688Z] > git for-each-ref --sort -committerdate --format %(refname) %(objectname) %(*objectname) [7ms]
[2022-08-18T08:00:17.688Z] > git remote --verbose [1ms]
[2022-08-18T08:00:17.695Z] > git config --get commit.template [1ms]
[2022-08-18T08:00:26.417Z] > git show --textconv :epizody.py [10ms]
[2022-08-18T08:00:26.418Z] > git ls-files --stage -- /home/aibarchyn/bots/rick_morty_bot/epizody.py [2ms]
[2022-08-18T08:00:37.156Z] > git show --textconv :locations.py [9ms]
[2022-08-18T08:00:37.156Z] > git ls-files --stage -- /home/aibarchyn/bots/rick_morty_bot/locations.py [1ms]
[2022-08-18T08:00:39.947Z] > git show --textconv :bot.py [7ms]
[2022-08-18T08:00:39.948Z] > git ls-files --stage -- /home/aibarchyn/bots/rick_morty_bot/bot.py [1ms]
[2022-08-18T08:00:39.953Z] > git cat-file -s 618453ae5cfbb20abae03526de8035b65df3f0f1 [0ms]
[2022-08-18T08:01:40.725Z] > git status -z -uall [2ms]
[2022-08-18T08:01:40.734Z] > git symbolic-ref --short HEAD [1ms]
[2022-08-18T08:01:40.742Z] > git for-each-ref --format=%(refname)%00%(upstream:short)%00%(objectname)%00%(upstream:track)%00%(upstream:remotename)%00%(upstream:remoteref) refs/heads/master refs/remotes/master [1ms]
[2022-08-18T08:01:40.753Z] > git for-each-ref --sort -committerdate --format %(refname) %(objectname) %(*objectname) [6ms]
[2022-08-18T08:01:40.753Z] > git remote --verbose [1ms]
[2022-08-18T08:01:40.759Z] > git config --get commit.template [0ms]
[2022-08-18T08:02:12.863Z] > git status -z -uall [2ms]
[2022-08-18T08:02:12.871Z] > git symbolic-ref --short HEAD [1ms]
[2022-08-18T08:02:12.878Z] > git for-each-ref --format=%(refname)%00%(upstream:short)%00%(objectname)%00%(upstream:track)%00%(upstream:remotename)%00%(upstream:remoteref) refs/heads/master refs/remotes/master [1ms]
[2022-08-18T08:02:12.888Z] > git for-each-ref --sort -committerdate --format %(refname) %(objectname) %(*objectname) [5ms]
[2022-08-18T08:02:12.888Z] > git remote --verbose [1ms]
[2022-08-18T08:02:12.894Z] > git config --get commit.template [0ms]
[2022-08-18T08:02:47.729Z] > git show --textconv :epizody.py [9ms]
[2022-08-18T08:02:47.730Z] > git ls-files --stage -- /home/aibarchyn/bots/rick_morty_bot/epizody.py [1ms]
[2022-08-18T08:07:15.335Z] > git status -z -uall [1ms]
[2022-08-18T08:07:15.342Z] > git symbolic-ref --short HEAD [1ms]
[2022-08-18T08:07:15.347Z] > git for-each-ref --format=%(refname)%00%(upstream:short)%00%(objectname)%00%(upstream:track)%00%(upstream:remotename)%00%(upstream:remoteref) refs/heads/master refs/remotes/master [0ms]
[2022-08-18T08:07:15.360Z] > git for-each-ref --sort -committerdate --format %(refname) %(objectname) %(*objectname) [6ms]
[2022-08-18T08:07:15.360Z] > git remote --verbose [1ms]
[2022-08-18T08:07:15.367Z] > git config --get commit.template [1ms]
[2022-08-18T08:07:41.932Z] > git status -z -uall [2ms]
[2022-08-18T08:07:41.939Z] > git symbolic-ref --short HEAD [0ms]
[2022-08-18T08:07:41.946Z] > git for-each-ref --format=%(refname)%00%(upstream:short)%00%(objectname)%00%(upstream:track)%00%(upstream:remotename)%00%(upstream:remoteref) refs/heads/master refs/remotes/master [2ms]
[2022-08-18T08:07:41.958Z] > git for-each-ref --sort -committerdate --format %(refname) %(objectname) %(*objectname) [6ms]
[2022-08-18T08:07:41.958Z] > git remote --verbose [1ms]
[2022-08-18T08:07:41.966Z] > git config --get commit.template [1ms]
[2022-08-18T08:08:04.213Z] > git show --textconv :bot.py [10ms]
[2022-08-18T08:08:04.213Z] > git ls-files --stage -- /home/aibarchyn/bots/rick_morty_bot/bot.py [1ms]
[2022-08-18T08:08:04.221Z] > git cat-file -s 618453ae5cfbb20abae03526de8035b65df3f0f1 [1ms]
[2022-08-18T08:08:05.077Z] > git status -z -uall [3ms]
[2022-08-18T08:08:05.087Z] > git symbolic-ref --short HEAD [1ms]
[2022-08-18T08:08:05.093Z] > git for-each-ref --format=%(refname)%00%(upstream:short)%00%(objectname)%00%(upstream:track)%00%(upstream:remotename)%00%(upstream:remoteref) refs/heads/master refs/remotes/master [1ms]
[2022-08-18T08:08:05.104Z] > git for-each-ref --sort -committerdate --format %(refname) %(objectname) %(*objectname) [5ms]
[2022-08-18T08:08:05.104Z] > git remote --verbose [1ms]
[2022-08-18T08:08:05.111Z] > git config --get commit.template [1ms]
[2022-08-18T08:08:10.126Z] > git status -z -uall [4ms]
[2022-08-18T08:08:10.137Z] > git symbolic-ref --short HEAD [2ms]
[2022-08-18T08:08:10.145Z] > git for-each-ref --format=%(refname)%00%(upstream:short)%00%(objectname)%00%(upstream:track)%00%(upstream:remotename)%00%(upstream:remoteref) refs/heads/master refs/remotes/master [1ms]
[2022-08-18T08:08:10.156Z] > git for-each-ref --sort -committerdate --format %(refname) %(objectname) %(*objectname) [5ms]
[2022-08-18T08:08:10.156Z] > git remote --verbose [0ms]
[2022-08-18T08:08:10.164Z] > git config --get commit.template [1ms]
[2022-08-18T08:10:35.332Z] > git status -z -uall [1ms]
[2022-08-18T08:10:35.338Z] > git symbolic-ref --short HEAD [1ms]
[2022-08-18T08:10:35.345Z] > git for-each-ref --format=%(refname)%00%(upstream:short)%00%(objectname)%00%(upstream:track)%00%(upstream:remotename)%00%(upstream:remoteref) refs/heads/master refs/remotes/master [0ms]
[2022-08-18T08:10:35.355Z] > git for-each-ref --sort -committerdate --format %(refname) %(objectname) %(*objectname) [5ms]
[2022-08-18T08:10:35.356Z] > git remote --verbose [1ms]
[2022-08-18T08:10:35.362Z] > git config --get commit.template [1ms]
[2022-08-18T08:11:49.138Z] > git show --textconv :main.py [10ms]
[2022-08-18T08:11:49.139Z] > git ls-files --stage -- /home/aibarchyn/bots/rick_morty_bot/main.py [1ms]
[2022-08-18T08:11:49.147Z] > git cat-file -s 6fa68f6d28c06f11ada6cbf5ac20b373606c0852 [1ms]
[2022-08-18T08:11:57.497Z] > git show --textconv :bot.py [9ms]
[2022-08-18T08:11:57.497Z] > git ls-files --stage -- /home/aibarchyn/bots/rick_morty_bot/bot.py [1ms]
[2022-08-18T08:11:57.505Z] > git cat-file -s 618453ae5cfbb20abae03526de8035b65df3f0f1 [1ms]
[2022-08-18T08:12:26.730Z] > git status -z -uall [1ms]
[2022-08-18T08:12:26.737Z] > git symbolic-ref --short HEAD [1ms]
[2022-08-18T08:12:26.744Z] > git for-each-ref --format=%(refname)%00%(upstream:short)%00%(objectname)%00%(upstream:track)%00%(upstream:remotename)%00%(upstream:remoteref) refs/heads/master refs/remotes/master [1ms]
[2022-08-18T08:12:26.754Z] > git for-each-ref --sort -committerdate --format %(refname) %(objectname) %(*objectname) [5ms]
[2022-08-18T08:12:26.754Z] > git remote --verbose [1ms]
[2022-08-18T08:12:26.762Z] > git config --get commit.template [1ms]
[2022-08-18T08:12:46.387Z] > git status -z -uall [2ms]
[2022-08-18T08:12:46.398Z] > git symbolic-ref --short HEAD [1ms]
[2022-08-18T08:12:46.405Z] > git for-each-ref --format=%(refname)%00%(upstream:short)%00%(objectname)%00%(upstream:track)%00%(upstream:remotename)%00%(upstream:remoteref) refs/heads/master refs/remotes/master [1ms]
[2022-08-18T08:12:46.417Z] > git for-each-ref --sort -committerdate --format %(refname) %(objectname) %(*objectname) [6ms]
[2022-08-18T08:12:46.417Z] > git remote --verbose [1ms]
[2022-08-18T08:12:46.423Z] > git config --get commit.template [0ms]
[2022-08-18T08:13:29.041Z] > git status -z -uall [2ms]
[2022-08-18T08:13:29.053Z] > git symbolic-ref --short HEAD [1ms]
[2022-08-18T08:13:29.060Z] > git for-each-ref --format=%(refname)%00%(upstream:short)%00%(objectname)%00%(upstream:track)%00%(upstream:remotename)%00%(upstream:remoteref) refs/heads/master refs/remotes/master [1ms]
[2022-08-18T08:13:29.072Z] > git for-each-ref --sort -committerdate --format %(refname) %(objectname) %(*objectname) [6ms]
[2022-08-18T08:13:29.072Z] > git remote --verbose [1ms]
[2022-08-18T08:13:29.078Z] > git config --get commit.template [0ms]
[2022-08-18T08:15:04.318Z] > git show --textconv :epizody.py [7ms]
[2022-08-18T08:15:04.319Z] > git ls-files --stage -- /home/aibarchyn/bots/rick_morty_bot/epizody.py [1ms]
[2022-08-18T08:15:05.944Z] > git show --textconv :bot.py [8ms]
[2022-08-18T08:15:05.944Z] > git ls-files --stage -- /home/aibarchyn/bots/rick_morty_bot/bot.py [1ms]
[2022-08-18T08:15:05.952Z] > git cat-file -s 618453ae5cfbb20abae03526de8035b65df3f0f1 [0ms]
[2022-08-18T08:15:10.648Z] > git show --textconv :main.py [10ms]
[2022-08-18T08:15:10.649Z] > git ls-files --stage -- /home/aibarchyn/bots/rick_morty_bot/main.py [2ms]
[2022-08-18T08:15:10.657Z] > git cat-file -s 6fa68f6d28c06f11ada6cbf5ac20b373606c0852 [1ms]
[2022-08-18T08:15:29.240Z] > git status -z -uall [2ms]
[2022-08-18T08:15:29.247Z] > git symbolic-ref --short HEAD [1ms]
[2022-08-18T08:15:29.253Z] > git for-each-ref --format=%(refname)%00%(upstream:short)%00%(objectname)%00%(upstream:track)%00%(upstream:remotename)%00%(upstream:remoteref) refs/heads/master refs/remotes/master [1ms]
[2022-08-18T08:15:29.264Z] > git for-each-ref --sort -committerdate --format %(refname) %(objectname) %(*objectname) [7ms]
[2022-08-18T08:15:29.264Z] > git remote --verbose [1ms]
[2022-08-18T08:15:29.270Z] > git config --get commit.template [0ms]
[2022-08-18T08:15:43.974Z] > git status -z -uall [1ms]
[2022-08-18T08:15:43.981Z] > git symbolic-ref --short HEAD [1ms]
[2022-08-18T08:15:43.987Z] > git for-each-ref --format=%(refname)%00%(upstream:short)%00%(objectname)%00%(upstream:track)%00%(upstream:remotename)%00%(upstream:remoteref) refs/heads/master refs/remotes/master [1ms]
[2022-08-18T08:15:43.998Z] > git for-each-ref --sort -committerdate --format %(refname) %(objectname) %(*objectname) [7ms]
[2022-08-18T08:15:43.998Z] > git remote --verbose [1ms]
[2022-08-18T08:15:44.004Z] > git config --get commit.template [0ms]
[2022-08-18T08:15:46.559Z] > git show --textconv :bot.py [8ms]
[2022-08-18T08:15:46.560Z] > git ls-files --stage -- /home/aibarchyn/bots/rick_morty_bot/bot.py [1ms]
[2022-08-18T08:15:46.567Z] > git cat-file -s 618453ae5cfbb20abae03526de8035b65df3f0f1 [1ms]
[2022-08-18T08:16:35.238Z] > git status -z -uall [3ms]
[2022-08-18T08:16:35.251Z] > git symbolic-ref --short HEAD [2ms]
[2022-08-18T08:16:35.263Z] > git for-each-ref --format=%(refname)%00%(upstream:short)%00%(objectname)%00%(upstream:track)%00%(upstream:remotename)%00%(upstream:remoteref) refs/heads/master refs/remotes/master [3ms]
[2022-08-18T08:16:35.277Z] > git for-each-ref --sort -committerdate --format %(refname) %(objectname) %(*objectname) [6ms]
[2022-08-18T08:16:35.278Z] > git remote --verbose [1ms]
[2022-08-18T08:16:35.285Z] > git config --get commit.template [1ms]
