[Info  - 10:00:08] (6659) Pylance language server 2022.8.30 (pyright ed13daf1) starting
[Info  - 10:00:08] (6659) Server root directory: /home/aibarchyn/.vscode/extensions/ms-python.vscode-pylance-2022.8.30/dist
[Info  - 10:00:08] (6659) Starting service instance "rick_morty_bot"
[Info  - 10:00:08] (6659) Notebook support: LSP
[Info  - 10:00:08] (6659) Interactive window support: LSP
[Info  - 10:00:08] (6659) No configuration file found.
[Info  - 10:00:08] (6659) No pyproject.toml file found.
[Info  - 10:00:08] (6659) Setting pythonPath for service "rick_morty_bot": "/bin/python3"
[Warn  - 10:00:08] (6659) stubPath /home/aibarchyn/bots/rick_morty_bot/typings is not a valid directory.
[Info  - 10:00:08] (6659) Assuming Python version 3.10
[Info  - 10:00:08] (6659) Assuming Python platform Linux
[Info  - 10:00:08] (6659) Searching for source files
[Info  - 10:00:08] (6659) Found 4 source files
[Info  - 10:00:08] (6659) Background analysis(1) root directory: /home/aibarchyn/.vscode/extensions/ms-python.vscode-pylance-2022.8.30/dist
[Info  - 10:00:08] (6659) Background analysis(1) started
[Info  - 10:00:08] (6659) No configuration file found.
[Info  - 10:00:08] (6659) No pyproject.toml file found.
[Info  - 10:00:08] (6659) Setting pythonPath for service "rick_morty_bot": "/bin/python3"
[Warn  - 10:00:08] (6659) stubPath /home/aibarchyn/bots/rick_morty_bot/typings is not a valid directory.
[Info  - 10:00:08] (6659) Assuming Python version 3.10
[Info  - 10:00:08] (6659) Assuming Python platform Linux
[Info  - 10:00:08] (6659) Searching for source files
[Info  - 10:00:08] (6659) Found 4 source files
[Info  - 10:00:11] (6659) No configuration file found.
[Info  - 10:00:11] (6659) No pyproject.toml file found.
[Info  - 10:00:11] (6659) Setting pythonPath for service "rick_morty_bot": "/bin/python3"
[Warn  - 10:00:11] (6659) stubPath /home/aibarchyn/bots/rick_morty_bot/typings is not a valid directory.
[Info  - 10:00:11] (6659) Assuming Python version 3.10
[Info  - 10:00:11] (6659) Assuming Python platform Linux
[Info  - 10:00:11] (6659) Searching for source files
[Info  - 10:00:11] (6659) Found 4 source files
[Info  - 10:00:36] (6659) Searching for source files
[Info  - 10:00:36] (6659) Auto-excluding /home/aibarchyn/bots/rick_morty_bot/venv
[Info  - 10:00:36] (6659) Found 4 source files
[Info  - 10:18:27] (6659) Searching for source files
[Info  - 10:18:27] (6659) Auto-excluding /home/aibarchyn/bots/rick_morty_bot/venv
[Info  - 10:18:27] (6659) Found 5 source files
[Info  - 12:18:10] (6659) Searching for source files
[Info  - 12:18:10] (6659) Auto-excluding /home/aibarchyn/bots/rick_morty_bot/venv
[Info  - 12:18:10] (6659) Found 6 source files
