[2022-08-22T03:35:02.960Z] Уровень ведения журнала: Info
[2022-08-22T03:35:02.962Z] [info] Проверка найденного git в:git
[2022-08-22T03:35:03.062Z] [info] Используется git 2.34.1 из git
[2022-08-22T03:35:03.076Z] > git rev-parse --show-toplevel [3ms]
[2022-08-22T03:35:03.077Z] fatal: not a git repository (or any of the parent directories): .git
[2022-08-22T03:35:03.231Z] > git rev-parse --show-toplevel [145ms]
[2022-08-22T03:35:03.231Z] fatal: not a git repository (or any of the parent directories): .git
[2022-08-22T03:35:03.243Z] > git rev-parse --show-toplevel [4ms]
[2022-08-22T03:35:03.243Z] fatal: not a git repository (or any of the parent directories): .git
[2022-08-22T03:35:03.268Z] > git rev-parse --show-toplevel [17ms]
[2022-08-22T03:35:03.268Z] fatal: not a git repository (or any of the parent directories): .git
[2022-08-22T03:35:12.477Z] > git rev-parse --show-toplevel [2ms]
[2022-08-22T03:35:12.477Z] fatal: not a git repository (or any of the parent directories): .git
[2022-08-22T03:35:14.008Z] > git rev-parse --show-toplevel [1ms]
[2022-08-22T03:35:14.008Z] fatal: not a git repository (or any of the parent directories): .git
[2022-08-22T03:38:33.874Z] > git rev-parse --show-toplevel [6ms]
[2022-08-22T03:38:33.874Z] fatal: not a git repository (or any of the parent directories): .git
[2022-08-22T03:38:38.144Z] > git rev-parse --show-toplevel [3ms]
[2022-08-22T03:38:38.144Z] fatal: not a git repository (or any of the parent directories): .git
[2022-08-22T03:38:40.357Z] > git rev-parse --show-toplevel [2ms]
[2022-08-22T03:38:40.357Z] fatal: not a git repository (or any of the parent directories): .git
[2022-08-22T03:39:39.556Z] > git rev-parse --show-toplevel [2ms]
[2022-08-22T03:39:39.556Z] fatal: not a git repository (or any of the parent directories): .git
[2022-08-22T03:39:43.321Z] > git rev-parse --show-toplevel [2ms]
[2022-08-22T03:39:43.321Z] fatal: not a git repository (or any of the parent directories): .git
[2022-08-22T03:39:49.926Z] > git rev-parse --show-toplevel [1ms]
[2022-08-22T03:39:49.926Z] fatal: not a git repository (or any of the parent directories): .git
[2022-08-22T03:39:54.870Z] > git rev-parse --show-toplevel [1ms]
[2022-08-22T03:39:54.870Z] fatal: not a git repository (or any of the parent directories): .git
[2022-08-22T03:40:39.318Z] > git rev-parse --show-toplevel [4ms]
[2022-08-22T03:40:39.318Z] fatal: not a git repository (or any of the parent directories): .git
