[2022-08-19T06:04:28.905Z] Уровень ведения журнала: Info
[2022-08-19T06:04:28.908Z] [info] Проверка найденного git в:git
[2022-08-19T06:04:28.920Z] [info] Используется git 2.34.1 из git
[2022-08-19T06:04:28.962Z] > git rev-parse --show-toplevel [34ms]
[2022-08-19T06:04:28.980Z] > git rev-parse --git-dir --git-common-dir [13ms]
[2022-08-19T06:04:28.982Z] [info] Open repository: /home/aibarchyn/lessons
[2022-08-19T06:04:28.991Z] > git status -z -uall [4ms]
[2022-08-19T06:04:28.999Z] > git symbolic-ref --short HEAD [3ms]
[2022-08-19T06:04:29.007Z] > git for-each-ref --format=%(refname)%00%(upstream:short)%00%(objectname)%00%(upstream:track)%00%(upstream:remotename)%00%(upstream:remoteref) refs/heads/master refs/remotes/master [1ms]
[2022-08-19T06:04:29.017Z] > git remote --verbose [1ms]
[2022-08-19T06:04:29.018Z] > git for-each-ref --sort -committerdate --format %(refname) %(objectname) %(*objectname) [7ms]
[2022-08-19T06:04:29.027Z] > git config --get commit.template [1ms]
[2022-08-19T06:04:29.040Z] > git status -z -uall [7ms]
[2022-08-19T06:04:29.048Z] > git symbolic-ref --short HEAD [1ms]
[2022-08-19T06:04:29.056Z] > git for-each-ref --format=%(refname)%00%(upstream:short)%00%(objectname)%00%(upstream:track)%00%(upstream:remotename)%00%(upstream:remoteref) refs/heads/master refs/remotes/master [1ms]
[2022-08-19T06:04:29.064Z] > git for-each-ref --sort -committerdate --format %(refname) %(objectname) %(*objectname) [4ms]
[2022-08-19T06:04:29.064Z] > git remote --verbose [1ms]
[2022-08-19T06:04:29.070Z] > git config --get commit.template [1ms]
[2022-08-19T06:04:37.992Z] > git show --textconv :hello/test.py [402ms]
[2022-08-19T06:04:37.992Z] > git ls-files --stage -- /home/aibarchyn/lessons/hello/test.py [397ms]
[2022-08-19T06:04:38.064Z] > git check-ignore -v -z --stdin [59ms]
[2022-08-19T06:04:38.390Z] > git status -z -uall [14ms]
[2022-08-19T06:04:38.421Z] > git symbolic-ref --short HEAD [19ms]
[2022-08-19T06:04:38.444Z] > git for-each-ref --format=%(refname)%00%(upstream:short)%00%(objectname)%00%(upstream:track)%00%(upstream:remotename)%00%(upstream:remoteref) refs/heads/master refs/remotes/master [11ms]
[2022-08-19T06:04:38.478Z] > git for-each-ref --sort -committerdate --format %(refname) %(objectname) %(*objectname) [23ms]
[2022-08-19T06:04:38.486Z] > git remote --verbose [19ms]
[2022-08-19T06:04:38.524Z] > git config --get commit.template [6ms]
[2022-08-19T06:04:55.167Z] > git check-ignore -v -z --stdin [2ms]
[2022-08-19T06:04:55.352Z] > git status -z -uall [3ms]
[2022-08-19T06:04:55.364Z] > git symbolic-ref --short HEAD [3ms]
[2022-08-19T06:04:55.373Z] > git for-each-ref --format=%(refname)%00%(upstream:short)%00%(objectname)%00%(upstream:track)%00%(upstream:remotename)%00%(upstream:remoteref) refs/heads/master refs/remotes/master [2ms]
[2022-08-19T06:04:55.384Z] > git for-each-ref --sort -committerdate --format %(refname) %(objectname) %(*objectname) [6ms]
[2022-08-19T06:04:55.384Z] > git remote --verbose [1ms]
[2022-08-19T06:04:55.391Z] > git config --get commit.template [1ms]
[2022-08-19T06:06:14.876Z] > git status -z -uall [2ms]
[2022-08-19T06:06:14.886Z] > git symbolic-ref --short HEAD [1ms]
[2022-08-19T06:06:14.895Z] > git for-each-ref --format=%(refname)%00%(upstream:short)%00%(objectname)%00%(upstream:track)%00%(upstream:remotename)%00%(upstream:remoteref) refs/heads/master refs/remotes/master [1ms]
[2022-08-19T06:06:14.913Z] > git for-each-ref --sort -committerdate --format %(refname) %(objectname) %(*objectname) [12ms]
[2022-08-19T06:06:14.915Z] > git remote --verbose [3ms]
[2022-08-19T06:06:14.926Z] > git config --get commit.template [2ms]
[2022-08-19T06:06:19.940Z] > git status -z -uall [2ms]
[2022-08-19T06:06:19.952Z] > git symbolic-ref --short HEAD [2ms]
[2022-08-19T06:06:19.962Z] > git for-each-ref --format=%(refname)%00%(upstream:short)%00%(objectname)%00%(upstream:track)%00%(upstream:remotename)%00%(upstream:remoteref) refs/heads/master refs/remotes/master [1ms]
[2022-08-19T06:06:19.975Z] > git for-each-ref --sort -committerdate --format %(refname) %(objectname) %(*objectname) [6ms]
[2022-08-19T06:06:19.975Z] > git remote --verbose [1ms]
[2022-08-19T06:06:19.981Z] > git config --get commit.template [0ms]
[2022-08-19T06:09:35.804Z] > git status -z -uall [2ms]
[2022-08-19T06:09:35.812Z] > git symbolic-ref --short HEAD [1ms]
[2022-08-19T06:09:35.820Z] > git for-each-ref --format=%(refname)%00%(upstream:short)%00%(objectname)%00%(upstream:track)%00%(upstream:remotename)%00%(upstream:remoteref) refs/heads/master refs/remotes/master [1ms]
[2022-08-19T06:09:35.835Z] > git remote --verbose [2ms]
[2022-08-19T06:09:35.835Z] > git for-each-ref --sort -committerdate --format %(refname) %(objectname) %(*objectname) [10ms]
[2022-08-19T06:09:35.842Z] > git config --get commit.template [0ms]
[2022-08-19T06:10:02.329Z] > git status -z -uall [2ms]
[2022-08-19T06:10:02.339Z] > git symbolic-ref --short HEAD [2ms]
[2022-08-19T06:10:02.347Z] > git for-each-ref --format=%(refname)%00%(upstream:short)%00%(objectname)%00%(upstream:track)%00%(upstream:remotename)%00%(upstream:remoteref) refs/heads/master refs/remotes/master [1ms]
[2022-08-19T06:10:02.359Z] > git for-each-ref --sort -committerdate --format %(refname) %(objectname) %(*objectname) [6ms]
[2022-08-19T06:10:02.360Z] > git remote --verbose [1ms]
[2022-08-19T06:10:02.372Z] > git config --get commit.template [1ms]
[2022-08-19T06:10:36.262Z] > git status -z -uall [3ms]
[2022-08-19T06:10:36.272Z] > git symbolic-ref --short HEAD [2ms]
[2022-08-19T06:10:36.280Z] > git for-each-ref --format=%(refname)%00%(upstream:short)%00%(objectname)%00%(upstream:track)%00%(upstream:remotename)%00%(upstream:remoteref) refs/heads/master refs/remotes/master [1ms]
[2022-08-19T06:10:36.293Z] > git for-each-ref --sort -committerdate --format %(refname) %(objectname) %(*objectname) [7ms]
[2022-08-19T06:10:36.293Z] > git remote --verbose [2ms]
[2022-08-19T06:10:36.300Z] > git config --get commit.template [1ms]
[2022-08-19T06:16:15.940Z] > git status -z -uall [4ms]
[2022-08-19T06:16:15.952Z] > git symbolic-ref --short HEAD [1ms]
[2022-08-19T06:16:15.960Z] > git for-each-ref --format=%(refname)%00%(upstream:short)%00%(objectname)%00%(upstream:track)%00%(upstream:remotename)%00%(upstream:remoteref) refs/heads/master refs/remotes/master [1ms]
[2022-08-19T06:16:15.974Z] > git for-each-ref --sort -committerdate --format %(refname) %(objectname) %(*objectname) [7ms]
[2022-08-19T06:16:15.975Z] > git remote --verbose [2ms]
[2022-08-19T06:16:15.982Z] > git config --get commit.template [1ms]
[2022-08-19T06:16:36.946Z] > git status -z -uall [2ms]
[2022-08-19T06:16:36.956Z] > git symbolic-ref --short HEAD [1ms]
[2022-08-19T06:16:36.965Z] > git for-each-ref --format=%(refname)%00%(upstream:short)%00%(objectname)%00%(upstream:track)%00%(upstream:remotename)%00%(upstream:remoteref) refs/heads/master refs/remotes/master [1ms]
[2022-08-19T06:16:36.978Z] > git remote --verbose [1ms]
[2022-08-19T06:16:36.978Z] > git for-each-ref --sort -committerdate --format %(refname) %(objectname) %(*objectname) [7ms]
[2022-08-19T06:16:36.985Z] > git config --get commit.template [0ms]
[2022-08-19T06:17:06.291Z] > git status -z -uall [4ms]
[2022-08-19T06:17:06.301Z] > git symbolic-ref --short HEAD [1ms]
[2022-08-19T06:17:06.309Z] > git for-each-ref --format=%(refname)%00%(upstream:short)%00%(objectname)%00%(upstream:track)%00%(upstream:remotename)%00%(upstream:remoteref) refs/heads/master refs/remotes/master [2ms]
[2022-08-19T06:17:06.320Z] > git for-each-ref --sort -committerdate --format %(refname) %(objectname) %(*objectname) [5ms]
[2022-08-19T06:17:06.320Z] > git remote --verbose [1ms]
[2022-08-19T06:17:06.327Z] > git config --get commit.template [1ms]
[2022-08-19T06:18:29.281Z] > git status -z -uall [2ms]
[2022-08-19T06:18:29.287Z] > git symbolic-ref --short HEAD [1ms]
[2022-08-19T06:18:29.293Z] > git for-each-ref --format=%(refname)%00%(upstream:short)%00%(objectname)%00%(upstream:track)%00%(upstream:remotename)%00%(upstream:remoteref) refs/heads/master refs/remotes/master [0ms]
[2022-08-19T06:18:29.303Z] > git for-each-ref --sort -committerdate --format %(refname) %(objectname) %(*objectname) [6ms]
[2022-08-19T06:18:29.304Z] > git remote --verbose [1ms]
[2022-08-19T06:18:29.310Z] > git config --get commit.template [0ms]
[2022-08-19T06:18:48.865Z] > git status -z -uall [1ms]
[2022-08-19T06:18:48.875Z] > git symbolic-ref --short HEAD [1ms]
[2022-08-19T06:18:48.884Z] > git for-each-ref --format=%(refname)%00%(upstream:short)%00%(objectname)%00%(upstream:track)%00%(upstream:remotename)%00%(upstream:remoteref) refs/heads/master refs/remotes/master [1ms]
[2022-08-19T06:18:48.902Z] > git for-each-ref --sort -committerdate --format %(refname) %(objectname) %(*objectname) [9ms]
[2022-08-19T06:18:48.903Z] > git remote --verbose [2ms]
[2022-08-19T06:18:48.916Z] > git config --get commit.template [1ms]
[2022-08-19T06:20:34.724Z] > git status -z -uall [5ms]
[2022-08-19T06:20:34.738Z] > git symbolic-ref --short HEAD [1ms]
[2022-08-19T06:20:34.747Z] > git for-each-ref --format=%(refname)%00%(upstream:short)%00%(objectname)%00%(upstream:track)%00%(upstream:remotename)%00%(upstream:remoteref) refs/heads/master refs/remotes/master [1ms]
[2022-08-19T06:20:34.764Z] > git remote --verbose [1ms]
[2022-08-19T06:20:34.764Z] > git for-each-ref --sort -committerdate --format %(refname) %(objectname) %(*objectname) [8ms]
[2022-08-19T06:20:34.782Z] > git config --get commit.template [1ms]
[2022-08-19T06:25:13.041Z] > git status -z -uall [1ms]
[2022-08-19T06:25:13.053Z] > git symbolic-ref --short HEAD [2ms]
[2022-08-19T06:25:13.064Z] > git for-each-ref --format=%(refname)%00%(upstream:short)%00%(objectname)%00%(upstream:track)%00%(upstream:remotename)%00%(upstream:remoteref) refs/heads/master refs/remotes/master [2ms]
[2022-08-19T06:25:13.078Z] > git for-each-ref --sort -committerdate --format %(refname) %(objectname) %(*objectname) [7ms]
[2022-08-19T06:25:13.079Z] > git remote --verbose [2ms]
[2022-08-19T06:25:13.089Z] > git config --get commit.template [3ms]
[2022-08-19T06:25:27.189Z] > git status -z -uall [0ms]
[2022-08-19T06:25:27.203Z] > git symbolic-ref --short HEAD [1ms]
[2022-08-19T06:25:27.213Z] > git for-each-ref --format=%(refname)%00%(upstream:short)%00%(objectname)%00%(upstream:track)%00%(upstream:remotename)%00%(upstream:remoteref) refs/heads/master refs/remotes/master [1ms]
[2022-08-19T06:25:27.231Z] > git for-each-ref --sort -committerdate --format %(refname) %(objectname) %(*objectname) [10ms]
[2022-08-19T06:25:27.233Z] > git remote --verbose [7ms]
[2022-08-19T06:25:27.243Z] > git config --get commit.template [1ms]
[2022-08-19T06:25:40.113Z] > git status -z -uall [2ms]
[2022-08-19T06:25:40.122Z] > git symbolic-ref --short HEAD [1ms]
[2022-08-19T06:25:40.136Z] > git for-each-ref --format=%(refname)%00%(upstream:short)%00%(objectname)%00%(upstream:track)%00%(upstream:remotename)%00%(upstream:remoteref) refs/heads/master refs/remotes/master [1ms]
[2022-08-19T06:25:40.151Z] > git for-each-ref --sort -committerdate --format %(refname) %(objectname) %(*objectname) [8ms]
[2022-08-19T06:25:40.153Z] > git remote --verbose [3ms]
[2022-08-19T06:25:40.162Z] > git config --get commit.template [1ms]
[2022-08-19T06:30:51.682Z] > git status -z -uall [3ms]
[2022-08-19T06:30:51.691Z] > git symbolic-ref --short HEAD [1ms]
[2022-08-19T06:30:51.699Z] > git for-each-ref --format=%(refname)%00%(upstream:short)%00%(objectname)%00%(upstream:track)%00%(upstream:remotename)%00%(upstream:remoteref) refs/heads/master refs/remotes/master [1ms]
[2022-08-19T06:30:51.713Z] > git remote --verbose [1ms]
[2022-08-19T06:30:51.713Z] > git for-each-ref --sort -committerdate --format %(refname) %(objectname) %(*objectname) [6ms]
[2022-08-19T06:30:51.720Z] > git config --get commit.template [0ms]
[2022-08-19T07:21:19.077Z] > git status -z -uall [2ms]
[2022-08-19T07:21:19.088Z] > git symbolic-ref --short HEAD [1ms]
[2022-08-19T07:21:19.098Z] > git for-each-ref --format=%(refname)%00%(upstream:short)%00%(objectname)%00%(upstream:track)%00%(upstream:remotename)%00%(upstream:remoteref) refs/heads/master refs/remotes/master [1ms]
[2022-08-19T07:21:19.113Z] > git for-each-ref --sort -committerdate --format %(refname) %(objectname) %(*objectname) [7ms]
[2022-08-19T07:21:19.114Z] > git remote --verbose [1ms]
[2022-08-19T07:21:19.120Z] > git config --get commit.template [0ms]
[2022-08-19T07:21:36.586Z] > git show --textconv :hello/bot.py [13ms]
[2022-08-19T07:21:36.587Z] > git ls-files --stage -- /home/aibarchyn/lessons/hello/bot.py [2ms]
[2022-08-19T07:21:36.888Z] > git check-ignore -v -z --stdin [2ms]
[2022-08-19T07:21:37.392Z] > git status -z -uall [4ms]
[2022-08-19T07:21:37.405Z] > git symbolic-ref --short HEAD [1ms]
[2022-08-19T07:21:37.412Z] > git for-each-ref --format=%(refname)%00%(upstream:short)%00%(objectname)%00%(upstream:track)%00%(upstream:remotename)%00%(upstream:remoteref) refs/heads/master refs/remotes/master [1ms]
[2022-08-19T07:21:37.425Z] > git for-each-ref --sort -committerdate --format %(refname) %(objectname) %(*objectname) [6ms]
[2022-08-19T07:21:37.425Z] > git remote --verbose [1ms]
[2022-08-19T07:21:37.434Z] > git config --get commit.template [1ms]
[2022-08-19T07:21:40.120Z] > git check-ignore -v -z --stdin [0ms]
[2022-08-19T07:21:52.979Z] > git show --textconv :hello/venv/config.py [11ms]
[2022-08-19T07:21:52.981Z] > git ls-files --stage -- /home/aibarchyn/lessons/hello/venv/config.py [3ms]
[2022-08-19T07:21:53.238Z] > git check-ignore -v -z --stdin [1ms]
[2022-08-19T07:21:53.716Z] > git status -z -uall [1ms]
[2022-08-19T07:21:53.728Z] > git symbolic-ref --short HEAD [2ms]
[2022-08-19T07:21:53.739Z] > git for-each-ref --format=%(refname)%00%(upstream:short)%00%(objectname)%00%(upstream:track)%00%(upstream:remotename)%00%(upstream:remoteref) refs/heads/master refs/remotes/master [1ms]
[2022-08-19T07:21:53.755Z] > git for-each-ref --sort -committerdate --format %(refname) %(objectname) %(*objectname) [8ms]
[2022-08-19T07:21:53.755Z] > git remote --verbose [1ms]
[2022-08-19T07:21:53.762Z] > git config --get commit.template [1ms]
[2022-08-19T07:22:22.768Z] > git show --textconv :hello/bot.py [12ms]
[2022-08-19T07:22:22.769Z] > git ls-files --stage -- /home/aibarchyn/lessons/hello/bot.py [2ms]
[2022-08-19T07:22:23.580Z] > git status -z -uall [3ms]
[2022-08-19T07:22:23.592Z] > git symbolic-ref --short HEAD [1ms]
[2022-08-19T07:22:23.600Z] > git for-each-ref --format=%(refname)%00%(upstream:short)%00%(objectname)%00%(upstream:track)%00%(upstream:remotename)%00%(upstream:remoteref) refs/heads/master refs/remotes/master [1ms]
[2022-08-19T07:22:23.613Z] > git for-each-ref --sort -committerdate --format %(refname) %(objectname) %(*objectname) [7ms]
[2022-08-19T07:22:23.613Z] > git remote --verbose [1ms]
[2022-08-19T07:22:23.620Z] > git config --get commit.template [1ms]
[2022-08-19T07:23:37.236Z] > git show --textconv :hello/config.py [15ms]
[2022-08-19T07:23:37.236Z] > git ls-files --stage -- /home/aibarchyn/lessons/hello/config.py [2ms]
[2022-08-19T07:23:37.503Z] > git check-ignore -v -z --stdin [2ms]
[2022-08-19T07:23:37.999Z] > git status -z -uall [3ms]
[2022-08-19T07:23:38.008Z] > git symbolic-ref --short HEAD [1ms]
[2022-08-19T07:23:38.016Z] > git for-each-ref --format=%(refname)%00%(upstream:short)%00%(objectname)%00%(upstream:track)%00%(upstream:remotename)%00%(upstream:remoteref) refs/heads/master refs/remotes/master [1ms]
[2022-08-19T07:23:38.028Z] > git for-each-ref --sort -committerdate --format %(refname) %(objectname) %(*objectname) [7ms]
[2022-08-19T07:23:38.028Z] > git remote --verbose [1ms]
[2022-08-19T07:23:38.035Z] > git config --get commit.template [0ms]
[2022-08-19T07:23:46.828Z] > git show --textconv :hello/main.py [13ms]
[2022-08-19T07:23:46.828Z] > git ls-files --stage -- /home/aibarchyn/lessons/hello/main.py [2ms]
[2022-08-19T07:23:47.098Z] > git check-ignore -v -z --stdin [2ms]
[2022-08-19T07:23:47.588Z] > git status -z -uall [2ms]
[2022-08-19T07:23:47.598Z] > git symbolic-ref --short HEAD [1ms]
[2022-08-19T07:23:47.606Z] > git for-each-ref --format=%(refname)%00%(upstream:short)%00%(objectname)%00%(upstream:track)%00%(upstream:remotename)%00%(upstream:remoteref) refs/heads/master refs/remotes/master [1ms]
[2022-08-19T07:23:47.618Z] > git for-each-ref --sort -committerdate --format %(refname) %(objectname) %(*objectname) [7ms]
[2022-08-19T07:23:47.619Z] > git remote --verbose [1ms]
[2022-08-19T07:23:47.625Z] > git config --get commit.template [0ms]
[2022-08-19T07:24:05.411Z] > git show --textconv :hello/product.py [8ms]
[2022-08-19T07:24:05.411Z] > git ls-files --stage -- /home/aibarchyn/lessons/hello/product.py [1ms]
[2022-08-19T07:24:05.689Z] > git check-ignore -v -z --stdin [3ms]
[2022-08-19T07:24:06.177Z] > git status -z -uall [2ms]
[2022-08-19T07:24:06.183Z] > git symbolic-ref --short HEAD [1ms]
[2022-08-19T07:24:06.190Z] > git for-each-ref --format=%(refname)%00%(upstream:short)%00%(objectname)%00%(upstream:track)%00%(upstream:remotename)%00%(upstream:remoteref) refs/heads/master refs/remotes/master [1ms]
[2022-08-19T07:24:06.203Z] > git for-each-ref --sort -committerdate --format %(refname) %(objectname) %(*objectname) [7ms]
[2022-08-19T07:24:06.203Z] > git remote --verbose [0ms]
[2022-08-19T07:24:06.211Z] > git config --get commit.template [1ms]
[2022-08-19T07:24:08.460Z] > git show --textconv :hello/config.py [8ms]
[2022-08-19T07:24:08.460Z] > git ls-files --stage -- /home/aibarchyn/lessons/hello/config.py [1ms]
[2022-08-19T07:24:59.035Z] > git show --textconv :telegram bot/main.py [12ms]
[2022-08-19T07:24:59.036Z] > git ls-files --stage -- /home/aibarchyn/lessons/telegram bot/main.py [2ms]
[2022-08-19T07:24:59.336Z] > git check-ignore -v -z --stdin [2ms]
[2022-08-19T07:25:03.407Z] > git show --textconv :hello/test.py [13ms]
[2022-08-19T07:25:03.407Z] > git ls-files --stage -- /home/aibarchyn/lessons/hello/test.py [1ms]
[2022-08-19T07:25:06.159Z] > git show --textconv :hello/bot.py [12ms]
[2022-08-19T07:25:06.161Z] > git ls-files --stage -- /home/aibarchyn/lessons/hello/bot.py [2ms]
[2022-08-19T07:25:09.248Z] > git show --textconv :hello/config.py [12ms]
[2022-08-19T07:25:09.249Z] > git ls-files --stage -- /home/aibarchyn/lessons/hello/config.py [2ms]
[2022-08-19T07:25:11.901Z] > git show --textconv :telegram bot/main.py [14ms]
[2022-08-19T07:25:11.902Z] > git ls-files --stage -- /home/aibarchyn/lessons/telegram bot/main.py [3ms]
[2022-08-19T07:25:15.566Z] > git show --textconv :hello/main.py [12ms]
[2022-08-19T07:25:15.567Z] > git ls-files --stage -- /home/aibarchyn/lessons/hello/main.py [2ms]
