[2022-08-19T03:58:51.602Z] starting `heroku update --autoupdate` from /usr/lib/heroku/bin/run version
waiting until 2022-08-19T04:58:51.592Z to update
waiting until 2022-08-19T04:58:51.592Z to update
waiting until 2022-08-19T05:00:48.056Z to update
waiting until 2022-08-19T05:00:48.056Z to update
waiting until 2022-08-19T05:02:43.908Z to update
waiting until 2022-08-19T05:02:43.908Z to update
waiting until 2022-08-19T05:02:43.908Z to update
waiting until 2022-08-19T05:02:43.908Z to update
waiting until 2022-08-19T05:02:43.908Z to update
waiting until 2022-08-19T05:02:43.908Z to update
waiting until 2022-08-19T05:02:43.908Z to update
waiting until 2022-08-19T05:02:43.908Z to update
waiting until 2022-08-19T05:02:43.908Z to update
waiting until 2022-08-19T05:02:43.908Z to update
waiting until 2022-08-19T05:02:43.908Z to update
waiting until 2022-08-19T05:02:43.908Z to update
waiting until 2022-08-19T05:14:22.615Z to update
waiting until 2022-08-19T05:14:22.615Z to update
waiting until 2022-08-19T05:14:22.615Z to update
waiting until 2022-08-19T05:14:22.615Z to update
waiting until 2022-08-19T05:14:22.615Z to update
waiting until 2022-08-19T05:14:22.615Z to update
waiting until 2022-08-19T05:14:22.615Z to update
waiting until 2022-08-19T05:14:22.615Z to update
waiting until 2022-08-19T05:14:22.615Z to update
waiting until 2022-08-19T05:14:22.615Z to update
waiting until 2022-08-19T05:14:22.615Z to update
waiting until 2022-08-19T05:14:22.615Z to update
waiting until 2022-08-19T05:14:22.615Z to update
waiting until 2022-08-19T05:14:22.615Z to update
waiting until 2022-08-19T05:14:22.615Z to update
waiting until 2022-08-19T05:14:22.615Z to update
waiting until 2022-08-19T05:14:22.615Z to update
waiting until 2022-08-19T05:14:22.615Z to update
waiting until 2022-08-19T05:14:22.615Z to update
waiting until 2022-08-19T05:14:22.615Z to update
waiting until 2022-08-19T05:14:22.615Z to update
waiting until 2022-08-19T05:14:22.615Z to update
waiting until 2022-08-19T05:14:22.615Z to update
waiting until 2022-08-19T05:14:22.615Z to update
waiting until 2022-08-19T05:14:22.615Z to update
waiting until 2022-08-19T05:14:22.615Z to update
waiting until 2022-08-19T05:14:22.615Z to update
waiting until 2022-08-19T05:14:22.615Z to update
waiting until 2022-08-19T05:14:22.615Z to update
waiting until 2022-08-19T05:14:22.615Z to update
waiting until 2022-08-19T05:14:22.615Z to update
waiting until 2022-08-19T05:14:22.615Z to update
waiting until 2022-08-19T05:14:22.615Z to update
waiting until 2022-08-19T05:14:22.615Z to update
waiting until 2022-08-19T05:14:22.615Z to update
waiting until 2022-08-19T05:14:22.615Z to update
waiting until 2022-08-19T05:50:28.317Z to update
waiting until 2022-08-19T05:51:41.475Z to update
waiting until 2022-08-19T05:51:41.475Z to update
waiting until 2022-08-19T05:51:41.475Z to update
waiting until 2022-08-19T05:51:41.475Z to update
waiting until 2022-08-19T05:51:41.475Z to update
waiting until 2022-08-19T05:51:41.475Z to update
waiting until 2022-08-19T05:51:41.475Z to update
waiting until 2022-08-19T05:51:41.475Z to update
waiting until 2022-08-19T05:51:41.475Z to update
waiting until 2022-08-19T05:51:41.475Z to update
waiting until 2022-08-19T05:51:41.475Z to update
waiting until 2022-08-19T05:51:41.475Z to update
waiting until 2022-08-19T05:51:41.475Z to update
waiting until 2022-08-19T05:51:41.475Z to update
waiting until 2022-08-19T05:51:41.475Z to update
waiting until 2022-08-19T05:51:41.475Z to update
waiting until 2022-08-19T05:51:41.475Z to update
waiting until 2022-08-19T05:51:41.475Z to update
waiting until 2022-08-19T05:51:41.475Z to update
waiting until 2022-08-19T05:51:41.475Z to update
waiting until 2022-08-19T05:51:41.475Z to update
waiting until 2022-08-19T05:51:41.475Z to update
waiting until 2022-08-19T05:51:41.475Z to update
waiting until 2022-08-19T05:51:41.475Z to update
waiting until 2022-08-19T05:51:41.475Z to update
waiting until 2022-08-19T05:51:41.475Z to update
waiting until 2022-08-19T05:51:41.475Z to update
waiting until 2022-08-19T05:51:41.475Z to update
waiting until 2022-08-19T05:51:41.475Z to update
waiting until 2022-08-19T05:51:41.475Z to update
waiting until 2022-08-19T05:51:41.475Z to update
waiting until 2022-08-19T05:51:41.475Z to update
waiting until 2022-08-19T05:51:41.475Z to update
waiting until 2022-08-19T05:51:41.475Z to update
waiting until 2022-08-19T05:51:41.475Z to update
waiting until 2022-08-19T05:51:41.475Z to update
waiting until 2022-08-19T05:51:41.475Z to update
waiting until 2022-08-19T05:51:41.475Z to update
waiting until 2022-08-19T05:51:41.475Z to update
waiting until 2022-08-19T05:51:41.475Z to update
waiting until 2022-08-19T05:51:41.475Z to update
waiting until 2022-08-19T05:51:41.475Z to update
waiting until 2022-08-19T05:51:41.475Z to update
waiting until 2022-08-19T05:51:41.475Z to update
waiting until 2022-08-19T05:51:41.475Z to update
time to update
heroku: Updating CLI... fetching manifest
heroku: Updating CLI... not updatable
 ›   Warning: update with "sudo apt update && sudo apt install heroku"
Updating completions...
Updating completions... done
